2024-01-12 10:00:28,940 [INFO] Activator:176 - 


2024-01-12 10:00:28,940 [INFO] Activator:177 - !SESSION log4j initialized
2024-01-12 10:00:35,949 [INFO] LogOutputStream:77 - [STDOUT_REDIRECT] 
2024-01-12 10:00:38,748 [INFO] ApplicationProperties:184 - Using Application install path: C:\ST\STM32CubeIDE_1.14.0\STM32CubeIDE\plugins\com.st.stm32cube.common.mx_6.10.0.202311202037
2024-01-12 10:00:38,763 [INFO] DbMcusXml:78 - Set database path to: C:\ST\STM32CubeIDE_1.14.0\STM32CubeIDE\plugins\com.st.stm32cube.common.mx_6.10.0.202311202037\\db\/mcu/
2024-01-12 10:00:38,763 [INFO] ApiDb:274 - Set plugin database path to: C:\ST\STM32CubeIDE_1.14.0\STM32CubeIDE\plugins\com.st.stm32cube.common.mx_6.10.0.202311202037\\db\/plugins/boardmanager/
2024-01-12 10:00:38,764 [WARN] ApiDb:259 - Overriding images path with different value:  => C:\ST\STM32CubeIDE_1.14.0\STM32CubeIDE\plugins\com.st.stm32cube.common.mx_6.10.0.202311202037\\db\/plugins/mcufinder/images/
2024-01-12 10:00:38,770 [INFO] ApiDb:250 - Set database path to: C:\Users\npedu-203-19\.stmcufinder\plugins\mcufinder//mcu/
2024-01-12 10:00:38,771 [INFO] DbMcusAds:125 - Set database path to: C:\Users\npedu-203-19\.stmcufinder\plugins\mcufinder//mcu/
2024-01-12 10:00:38,772 [INFO] CrossReferenceDbSqlite:203 - Set database path to: C:\Users\npedu-203-19\.stmcufinder\plugins\mcufinder//mcu/cs/
2024-01-12 10:00:38,878 [INFO] RulesReader:64 - Compatibility file has been processed (297 Rules)
2024-01-12 10:00:38,965 [INFO] DbMcusXml:78 - Set database path to: C:\ST\STM32CubeIDE_1.14.0\STM32CubeIDE\plugins\com.st.stm32cube.common.mx_6.10.0.202311202037\\db\/mcu/
2024-01-12 10:00:38,965 [INFO] ApiDb:274 - Set plugin database path to: C:\ST\STM32CubeIDE_1.14.0\STM32CubeIDE\plugins\com.st.stm32cube.common.mx_6.10.0.202311202037\\db\/plugins/boardmanager/
2024-01-12 10:00:38,965 [INFO] ApiDb:261 - Set plugin images path to: C:\ST\STM32CubeIDE_1.14.0\STM32CubeIDE\plugins\com.st.stm32cube.common.mx_6.10.0.202311202037\\db\/plugins/mcufinder/images/
2024-01-12 10:00:38,965 [WARN] DbFile:41 - Overriding database path with different value: C:\Users\npedu-203-19\.stmcufinder\plugins\mcufinder/ => C:\Users\npedu-203-19\.stmcufinder\plugins\mcufinder
2024-01-12 10:00:38,965 [INFO] ApiDb:250 - Set database path to: C:\Users\npedu-203-19\.stmcufinder\plugins\mcufinder//mcu/
2024-01-12 10:00:38,965 [WARN] DbFile:41 - Overriding database path with different value: C:\Users\npedu-203-19\.stmcufinder\plugins\mcufinder/ => C:\Users\npedu-203-19\.stmcufinder\plugins\mcufinder
2024-01-12 10:00:38,965 [INFO] DbMcusAds:125 - Set database path to: C:\Users\npedu-203-19\.stmcufinder\plugins\mcufinder//mcu/
2024-01-12 10:00:38,966 [WARN] DbFile:41 - Overriding database path with different value: C:\Users\npedu-203-19\.stmcufinder\plugins\mcufinder/ => C:\Users\npedu-203-19\.stmcufinder\plugins\mcufinder
2024-01-12 10:00:38,966 [WARN] DbFile:41 - Overriding database path with different value: C:\Users\npedu-203-19\.stmcufinder\plugins\mcufinder/ => C:\Users\npedu-203-19\.stmcufinder\plugins\mcufinder
2024-01-12 10:00:38,966 [INFO] CrossReferenceDbSqlite:203 - Set database path to: C:\Users\npedu-203-19\.stmcufinder\plugins\mcufinder//mcu/cs/
2024-01-12 10:00:39,040 [INFO] MainPanel:264 - HeapMemory: 268435456
2024-01-12 10:00:39,131 [INFO] DbMcusXml:78 - Set database path to: C:\ST\STM32CubeIDE_1.14.0\STM32CubeIDE\plugins\com.st.stm32cube.common.mx_6.10.0.202311202037\\db\/mcu/
2024-01-12 10:00:39,131 [INFO] ApiDb:274 - Set plugin database path to: C:\ST\STM32CubeIDE_1.14.0\STM32CubeIDE\plugins\com.st.stm32cube.common.mx_6.10.0.202311202037\\db\/plugins/boardmanager/
2024-01-12 10:00:39,131 [INFO] ApiDb:261 - Set plugin images path to: C:\ST\STM32CubeIDE_1.14.0\STM32CubeIDE\plugins\com.st.stm32cube.common.mx_6.10.0.202311202037\\db\/plugins/mcufinder/images/
2024-01-12 10:00:39,132 [WARN] DbFile:41 - Overriding database path with different value: C:\Users\npedu-203-19\.stmcufinder\plugins\mcufinder/ => C:\Users\npedu-203-19\.stmcufinder\plugins\mcufinder
2024-01-12 10:00:39,132 [INFO] ApiDb:250 - Set database path to: C:\Users\npedu-203-19\.stmcufinder\plugins\mcufinder//mcu/
2024-01-12 10:00:39,132 [WARN] DbFile:41 - Overriding database path with different value: C:\Users\npedu-203-19\.stmcufinder\plugins\mcufinder/ => C:\Users\npedu-203-19\.stmcufinder\plugins\mcufinder
2024-01-12 10:00:39,132 [INFO] DbMcusAds:125 - Set database path to: C:\Users\npedu-203-19\.stmcufinder\plugins\mcufinder//mcu/
2024-01-12 10:00:39,132 [WARN] DbFile:41 - Overriding database path with different value: C:\Users\npedu-203-19\.stmcufinder\plugins\mcufinder/ => C:\Users\npedu-203-19\.stmcufinder\plugins\mcufinder
2024-01-12 10:00:39,132 [WARN] DbFile:41 - Overriding database path with different value: C:\Users\npedu-203-19\.stmcufinder\plugins\mcufinder/ => C:\Users\npedu-203-19\.stmcufinder\plugins\mcufinder
2024-01-12 10:00:39,132 [INFO] CrossReferenceDbSqlite:203 - Set database path to: C:\Users\npedu-203-19\.stmcufinder\plugins\mcufinder//mcu/cs/
2024-01-12 10:00:39,148 [INFO] ApplicationProperties:184 - Using Application install path: C:\ST\STM32CubeIDE_1.14.0\STM32CubeIDE\plugins\com.st.stm32cube.common.mx_6.10.0.202311202037
2024-01-12 10:00:39,150 [INFO] PluginManage:196 - Search for loadable plugins [exclusion list=, ]
2024-01-12 10:00:39,151 [INFO] PluginManage:310 - Check plugin analytics
2024-01-12 10:00:39,356 [INFO] AnalyticsPlugin:253 - Accepted Software Licenses: 
2024-01-12 10:00:39,356 [INFO] AnalyticsPlugin:255 - Accepted CMSIS Pack Licenses: 
2024-01-12 10:00:39,356 [INFO] AnalyticsPlugin:257 - Accepted Firmware Licenses: FW.F4.1.28.0
2024-01-12 10:00:39,361 [INFO] PluginManage:359 - Loaded plugin analytics (category:tool,tabindex:-1)
2024-01-12 10:00:39,362 [INFO] PluginManage:310 - Check plugin cadmodel
2024-01-12 10:00:39,379 [INFO] CADModel:105 - Init CAD model plugin
2024-01-12 10:00:39,380 [INFO] PluginManage:359 - Loaded plugin cadmodel (category:power,tabindex:5)
2024-01-12 10:00:39,380 [INFO] PluginManage:310 - Check plugin clock
2024-01-12 10:00:39,402 [INFO] PluginManage:359 - Loaded plugin clock (category:base,tabindex:2)
2024-01-12 10:00:39,402 [INFO] PluginManage:310 - Check plugin ddr
2024-01-12 10:00:39,405 [INFO] PluginManage:359 - Loaded plugin ddr (category:tool,tabindex:6)
2024-01-12 10:00:39,405 [INFO] PluginManage:310 - Check plugin filemanager
2024-01-12 10:00:39,575 [INFO] PluginManage:359 - Loaded plugin filemanager (category:base,tabindex:10)
2024-01-12 10:00:39,575 [INFO] PluginManage:310 - Check plugin ipmanager
2024-01-12 10:00:39,582 [INFO] PluginManage:359 - Loaded plugin ipmanager (category:base,tabindex:5)
2024-01-12 10:00:39,582 [INFO] PluginManage:310 - Check plugin lpbam
2024-01-12 10:00:39,601 [INFO] PluginManage:359 - Loaded plugin lpbam (category:base,tabindex:0)
2024-01-12 10:00:39,601 [INFO] PluginManage:310 - Check plugin memorymap
2024-01-12 10:00:39,628 [INFO] PluginManage:359 - Loaded plugin memorymap (category:base,tabindex:4)
2024-01-12 10:00:39,629 [INFO] PluginManage:310 - Check plugin pinoutandconfiguration
2024-01-12 10:00:39,647 [INFO] PluginManage:359 - Loaded plugin pinoutandconfiguration (category:base,tabindex:1)
2024-01-12 10:00:39,647 [INFO] PluginManage:310 - Check plugin pinoutconfig
2024-01-12 10:00:39,742 [WARN] SupportedApi:132 - Cannot load RTOS API schema: s4s-elt-must-match.1: The content of 'definitions' must match (annotation?, (simpleType | complexType)?, (unique | key | keyref)*)). A problem was found starting at: attribute.
2024-01-12 10:00:39,864 [INFO] PluginManage:359 - Loaded plugin pinoutconfig (category:base,tabindex:0)
2024-01-12 10:00:39,864 [INFO] PluginManage:310 - Check plugin power
2024-01-12 10:00:39,882 [INFO] PluginManage:359 - Loaded plugin power (category:power,tabindex:4)
2024-01-12 10:00:39,882 [INFO] PluginManage:310 - Check plugin projectmanager
2024-01-12 10:00:39,901 [INFO] PluginManage:359 - Loaded plugin projectmanager (category:projectmanager,tabindex:3)
2024-01-12 10:00:39,901 [INFO] PluginManage:310 - Check plugin thirdparty
2024-01-12 10:00:40,139 [INFO] PluginManage:359 - Loaded plugin thirdparty (category:base,tabindex:-1)
2024-01-12 10:00:40,139 [WARN] IntegrityCheckThread:84 - waiting for thirdparty lock release [integrity check]
2024-01-12 10:00:40,140 [INFO] PluginManage:310 - Check plugin tools
2024-01-12 10:00:40,140 [INFO] IntegrityCheckThread:86 - entering critical section [integrity check]
2024-01-12 10:00:40,140 [INFO] ThirdPartyUpdaterWithRetryManager:70 - Updater plugin not ready yet. [1/15]
2024-01-12 10:00:40,168 [INFO] PluginManage:359 - Loaded plugin tools (category:base,tabindex:7)
2024-01-12 10:00:40,168 [INFO] PluginManage:310 - Check plugin tutovideos
2024-01-12 10:00:40,334 [INFO] PluginManage:359 - Loaded plugin tutovideos (category:base,tabindex:-1)
2024-01-12 10:00:40,334 [INFO] PluginManage:310 - Check plugin updater
2024-01-12 10:00:40,344 [INFO] PluginManage:359 - Loaded plugin updater (category:base,tabindex:12)
2024-01-12 10:00:40,344 [INFO] PluginManage:310 - Check plugin userauth
2024-01-12 10:00:40,349 [INFO] UserAuth:114 - Init User Auth plugin
2024-01-12 10:00:40,349 [INFO] PluginManage:359 - Loaded plugin userauth (category:base,tabindex:14)
2024-01-12 10:00:40,349 [INFO] PluginManage:283 - PluginManage : Loaded plugins [17]
2024-01-12 10:00:40,540 [INFO] PinOutPanel:1499 - setPackage(No Configuration,No Configuration)
2024-01-12 10:00:40,607 [INFO] CADModel:165 - CPN selected for project level
2024-01-12 10:00:40,607 [INFO] CADModel:114 - Register for checkConnection events
2024-01-12 10:00:40,628 [INFO] IPUIPlugin:80 - create IPUIPlugin
2024-01-12 10:00:40,628 [INFO] PluginManager:220 - loadIPPluginJar : add adc
2024-01-12 10:00:40,654 [INFO] IPUIPlugin:80 - create IPUIPlugin
2024-01-12 10:00:40,654 [INFO] PluginManager:220 - loadIPPluginJar : add aes
2024-01-12 10:00:40,683 [INFO] IPUIPlugin:80 - create IPUIPlugin
2024-01-12 10:00:40,683 [INFO] PluginManager:220 - loadIPPluginJar : add can
2024-01-12 10:00:40,699 [INFO] IPUIPlugin:80 - create IPUIPlugin
2024-01-12 10:00:40,699 [INFO] PluginManager:220 - loadIPPluginJar : add comp
2024-01-12 10:00:40,722 [INFO] IPUIPlugin:80 - create IPUIPlugin
2024-01-12 10:00:40,722 [INFO] PluginManager:220 - loadIPPluginJar : add cryp
2024-01-12 10:00:40,743 [INFO] IPUIPlugin:80 - create IPUIPlugin
2024-01-12 10:00:40,743 [INFO] PluginManager:220 - loadIPPluginJar : add dfsdm
2024-01-12 10:00:40,753 [INFO] IPUIPlugin:80 - create IPUIPlugin
2024-01-12 10:00:40,754 [INFO] PluginManager:220 - loadIPPluginJar : add dma
2024-01-12 10:00:40,782 [INFO] IPUIPlugin:80 - create IPUIPlugin
2024-01-12 10:00:40,783 [INFO] PluginManager:220 - loadIPPluginJar : add dma3
2024-01-12 10:00:40,796 [INFO] IPUIPlugin:80 - create IPUIPlugin
2024-01-12 10:00:40,796 [INFO] PluginManager:220 - loadIPPluginJar : add fatfs
2024-01-12 10:00:40,827 [INFO] IPUIPlugin:80 - create IPUIPlugin
2024-01-12 10:00:40,827 [INFO] PluginManager:220 - loadIPPluginJar : add fmc
2024-01-12 10:00:40,839 [INFO] IPUIPlugin:80 - create IPUIPlugin
2024-01-12 10:00:40,839 [INFO] PluginManager:220 - loadIPPluginJar : add freertos
2024-01-12 10:00:40,854 [INFO] IPUIPlugin:80 - create IPUIPlugin
2024-01-12 10:00:40,854 [INFO] PluginManager:220 - loadIPPluginJar : add genericplugin
2024-01-12 10:00:40,912 [INFO] IPUIPlugin:80 - create IPUIPlugin
2024-01-12 10:00:40,912 [INFO] PluginManager:220 - loadIPPluginJar : add gfxmmu
2024-01-12 10:00:40,994 [INFO] IPUIPlugin:80 - create IPUIPlugin
2024-01-12 10:00:40,994 [INFO] PluginManager:220 - loadIPPluginJar : add gic
2024-01-12 10:00:41,004 [INFO] IPUIPlugin:80 - create IPUIPlugin
2024-01-12 10:00:41,004 [INFO] PluginManager:220 - loadIPPluginJar : add gpio
2024-01-12 10:00:41,064 [INFO] IPUIPlugin:80 - create IPUIPlugin
2024-01-12 10:00:41,064 [INFO] PluginManager:220 - loadIPPluginJar : add gtzc
2024-01-12 10:00:41,084 [INFO] IPUIPlugin:80 - create IPUIPlugin
2024-01-12 10:00:41,085 [INFO] PluginManager:220 - loadIPPluginJar : add hash
2024-01-12 10:00:41,121 [INFO] IPUIPlugin:80 - create IPUIPlugin
2024-01-12 10:00:41,121 [INFO] PluginManager:220 - loadIPPluginJar : add i2c
2024-01-12 10:00:41,148 [INFO] IPUIPlugin:80 - create IPUIPlugin
2024-01-12 10:00:41,148 [INFO] PluginManager:220 - loadIPPluginJar : add i2s
2024-01-12 10:00:41,177 [INFO] IPUIPlugin:80 - create IPUIPlugin
2024-01-12 10:00:41,177 [INFO] PluginManager:220 - loadIPPluginJar : add i3c
2024-01-12 10:00:41,247 [INFO] IPUIPlugin:80 - create IPUIPlugin
2024-01-12 10:00:41,247 [INFO] PluginManager:220 - loadIPPluginJar : add ipddr
2024-01-12 10:00:41,309 [INFO] IPUIPlugin:80 - create IPUIPlugin
2024-01-12 10:00:41,309 [INFO] PluginManager:220 - loadIPPluginJar : add linkedlist
2024-01-12 10:00:41,333 [INFO] IPUIPlugin:80 - create IPUIPlugin
2024-01-12 10:00:41,333 [INFO] PluginManager:220 - loadIPPluginJar : add lorawan
2024-01-12 10:00:41,358 [INFO] IPUIPlugin:80 - create IPUIPlugin
2024-01-12 10:00:41,358 [INFO] PluginManager:220 - loadIPPluginJar : add ltdc
2024-01-12 10:00:41,369 [INFO] IPUIPlugin:80 - create IPUIPlugin
2024-01-12 10:00:41,370 [INFO] PluginManager:220 - loadIPPluginJar : add mdma
2024-01-12 10:00:41,380 [INFO] IPUIPlugin:80 - create IPUIPlugin
2024-01-12 10:00:41,380 [INFO] PluginManager:220 - loadIPPluginJar : add nvic
2024-01-12 10:00:41,405 [INFO] IPUIPlugin:80 - create IPUIPlugin
2024-01-12 10:00:41,405 [INFO] PluginManager:220 - loadIPPluginJar : add opamp
2024-01-12 10:00:41,444 [INFO] IPUIPlugin:80 - create IPUIPlugin
2024-01-12 10:00:41,444 [INFO] PluginManager:220 - loadIPPluginJar : add openamp
2024-01-12 10:00:41,473 [INFO] IPUIPlugin:80 - create IPUIPlugin
2024-01-12 10:00:41,473 [INFO] PluginManager:220 - loadIPPluginJar : add pdm2pcm
2024-01-12 10:00:41,483 [INFO] IPUIPlugin:80 - create IPUIPlugin
2024-01-12 10:00:41,485 [INFO] PluginManager:220 - loadIPPluginJar : add plateformsettings
2024-01-12 10:00:41,500 [INFO] IPUIPlugin:80 - create IPUIPlugin
2024-01-12 10:00:41,500 [INFO] PluginManager:220 - loadIPPluginJar : add quadspi
2024-01-12 10:00:41,509 [INFO] IPUIPlugin:80 - create IPUIPlugin
2024-01-12 10:00:41,510 [INFO] PluginManager:220 - loadIPPluginJar : add resmgrutility
2024-01-12 10:00:41,541 [INFO] IPUIPlugin:80 - create IPUIPlugin
2024-01-12 10:00:41,541 [INFO] PluginManager:220 - loadIPPluginJar : add sai
2024-01-12 10:00:41,565 [INFO] IPUIPlugin:80 - create IPUIPlugin
2024-01-12 10:00:41,565 [INFO] PluginManager:220 - loadIPPluginJar : add spi
2024-01-12 10:00:41,609 [INFO] IPUIPlugin:80 - create IPUIPlugin
2024-01-12 10:00:41,609 [INFO] PluginManager:220 - loadIPPluginJar : add stm32_wpan
2024-01-12 10:00:41,628 [INFO] IPUIPlugin:80 - create IPUIPlugin
2024-01-12 10:00:41,628 [INFO] PluginManager:220 - loadIPPluginJar : add tim
2024-01-12 10:00:41,665 [INFO] IPUIPlugin:80 - create IPUIPlugin
2024-01-12 10:00:41,665 [INFO] PluginManager:220 - loadIPPluginJar : add touchsensing
2024-01-12 10:00:41,681 [INFO] IPUIPlugin:80 - create IPUIPlugin
2024-01-12 10:00:41,681 [INFO] PluginManager:220 - loadIPPluginJar : add tracer_emb
2024-01-12 10:00:41,696 [INFO] IPUIPlugin:80 - create IPUIPlugin
2024-01-12 10:00:41,696 [INFO] PluginManager:220 - loadIPPluginJar : add ts
2024-01-12 10:00:41,711 [INFO] IPUIPlugin:80 - create IPUIPlugin
2024-01-12 10:00:41,711 [INFO] PluginManager:220 - loadIPPluginJar : add tsc
2024-01-12 10:00:41,725 [INFO] IPUIPlugin:80 - create IPUIPlugin
2024-01-12 10:00:41,725 [INFO] PluginManager:220 - loadIPPluginJar : add ucpd
2024-01-12 10:00:41,755 [INFO] IPUIPlugin:80 - create IPUIPlugin
2024-01-12 10:00:41,755 [INFO] PluginManager:220 - loadIPPluginJar : add usart
2024-01-12 10:00:41,783 [INFO] IPUIPlugin:80 - create IPUIPlugin
2024-01-12 10:00:41,783 [INFO] PluginManager:220 - loadIPPluginJar : add usbx
2024-01-12 10:00:41,909 [INFO] CADModel:165 - CPN selected for project level
2024-01-12 10:00:41,909 [INFO] CADModel:114 - Register for checkConnection events
2024-01-12 10:00:41,909 [FATAL] Updater:308 - Updater called before beeing initialized
2024-01-12 10:00:41,910 [ERROR] CADModel:125 - Updater not yet initialized, retry later 
2024-01-12 10:00:42,025 [INFO] CADModel:165 - CPN selected for project level
2024-01-12 10:00:42,025 [INFO] CADModel:114 - Register for checkConnection events
2024-01-12 10:00:42,025 [FATAL] Updater:308 - Updater called before beeing initialized
2024-01-12 10:00:42,025 [ERROR] CADModel:125 - Updater not yet initialized, retry later 
2024-01-12 10:00:42,027 [FATAL] Updater:308 - Updater called before beeing initialized
2024-01-12 10:00:42,143 [FATAL] Updater:308 - Updater called before beeing initialized
2024-01-12 10:00:42,152 [INFO] DbMcusAds:53 - JSON generation date=Wed Nov 29 19:52:27 KST 2023 (1701255147349)
2024-01-12 10:00:42,152 [FATAL] Updater:308 - Updater called before beeing initialized
2024-01-12 10:00:42,229 [WARN] DetailPanel:346 - Failed to get advertising image, set to default
2024-01-12 10:00:42,299 [FATAL] Updater:308 - Updater called before beeing initialized
2024-01-12 10:00:42,301 [FATAL] Updater:308 - Updater called before beeing initialized
2024-01-12 10:00:42,301 [FATAL] Updater:308 - Updater called before beeing initialized
2024-01-12 10:00:42,302 [WARN] DetailPanel:346 - Failed to get advertising image, set to default
2024-01-12 10:00:42,302 [FATAL] Updater:308 - Updater called before beeing initialized
2024-01-12 10:00:42,359 [ERROR] Updater:1120 - MainUpdater not yet initialized. External WinMGr cannot be set.
2024-01-12 10:00:42,368 [INFO] Updater:1056 - Updater Version found : 6.10.0
2024-01-12 10:00:42,391 [INFO] ApplicationProperties:184 - Using Application install path: C:\ST\STM32CubeIDE_1.14.0\STM32CubeIDE\plugins\com.st.stm32cube.common.mx_6.10.0.202311202037
2024-01-12 10:00:43,030 [INFO] MainUpdater:2873 - connection check result : 10
2024-01-12 10:00:43,031 [INFO] MainUpdater:290 - Updater Check For Update Now.
2024-01-12 10:00:43,031 [INFO] MicroXplorer:498 - Change Database Version : DB.6.0.100
2024-01-12 10:00:43,052 [INFO] McuFinderGlobals:63 - Set McuFinder mode to 2 (CubeIDE integrated)
2024-01-12 10:00:43,052 [INFO] UserAuth:180 - activating auth plugin
2024-01-12 10:00:43,056 [INFO] UserAuth:404 - Internet connection configuration mode: 1
2024-01-12 10:00:43,105 [INFO] JxBrowserEngine:152 - Initiate JxBrowser Engine with user profile folder
2024-01-12 10:00:43,143 [WARN] MainUpdater:1194 - Updater busy. Cannot search thirdparties
2024-01-12 10:00:43,143 [INFO] ThirdPartyUpdaterWithRetryManager:96 - Updater plugin is busy. [1/15]
2024-01-12 10:00:43,230 [INFO] CheckServerUpdateThread:120 - End of CheckServer Thread
2024-01-12 10:00:45,475 [INFO] WebApp:161 - Instantiating new browser for Auth
2024-01-12 10:00:46,007 [INFO] WebApp:780 - Register for checkConnection events
2024-01-12 10:00:46,007 [INFO] WebApp:414 - Apply proxy settings
2024-01-12 10:00:46,007 [INFO] WebApp:499 - Chromium requires no authentication
2024-01-12 10:00:46,013 [INFO] WebApp:442 - Direct internet connection detected
2024-01-12 10:00:46,162 [INFO] WebApp:192 - Starting web application
2024-01-12 10:00:46,162 [INFO] WebApp:544 - Web application path used C:\ST\STM32CubeIDE_1.14.0\STM32CubeIDE\plugins\com.st.stm32cube.common.mx_6.10.0.202311202037\db\plugins\mcufinder\reactClient1\index.html
2024-01-12 10:00:46,245 [WARN] PackLoader:240 - Cannot read IP mode file for STMicroelectronics.FP-SNS-MOTENV1.4.3.2
2024-01-12 10:00:46,260 [WARN] PackLoader:240 - Cannot read IP mode file for STMicroelectronics.FP-SNS-FLIGHT1.5.0.2
2024-01-12 10:00:46,274 [WARN] PackLoader:240 - Cannot read IP mode file for STMicroelectronics.FP-ATR-SIGFOX1.3.2.0
2024-01-12 10:00:46,291 [WARN] PackLoader:240 - Cannot read IP mode file for STMicroelectronics.FP-ATR-ASTRA1.2.0.0
2024-01-12 10:00:46,292 [INFO] ThirdParty:978 - Integrity check success = true
2024-01-12 10:00:46,292 [INFO] IntegrityCheckThread:100 - exiting critical section [integrity check]
2024-01-12 10:00:46,292 [INFO] IntegrityCheckThread:103 - End integrity checks thread
2024-01-12 10:01:07,128 [ERROR] LogOutputStream:75 - [STDERR_REDIRECT] SLF4J: Failed to load class "org.slf4j.impl.StaticLoggerBinder".
2024-01-12 10:01:07,130 [ERROR] LogOutputStream:75 - [STDERR_REDIRECT] SLF4J: Defaulting to no-operation (NOP) logger implementation
2024-01-12 10:01:07,131 [ERROR] LogOutputStream:75 - [STDERR_REDIRECT] SLF4J: See http://www.slf4j.org/codes.html#StaticLoggerBinder for further details.
2024-01-12 10:11:53,812 [INFO] McuFinderGlobals:63 - Set McuFinder mode to 2 (CubeIDE integrated)
2024-01-12 10:11:53,831 [INFO] MainUpdater:2873 - connection check result : 10
2024-01-12 10:11:53,836 [INFO] MainUpdater:2873 - connection check result : 10
2024-01-12 10:11:53,976 [INFO] MicroXplorer:468 - Change Database Path : 
2024-01-12 10:11:53,976 [INFO] MicroXplorer:498 - Change Database Version : DB.6.0.100
2024-01-12 10:11:53,980 [WARN] ThirdParty:871 - waiting for thirdparty lock release [close project]
2024-01-12 10:11:53,980 [INFO] ThirdParty:873 - entering critical section [close project]
2024-01-12 10:11:53,980 [INFO] ThirdParty:883 - exiting critical section [close project]
2024-01-12 10:11:53,981 [INFO] PinOutPanel:1499 - setPackage(No Configuration,No Configuration)
2024-01-12 10:11:53,985 [INFO] UtilMem:75 - Begin LoadConfig() Used Memory: 565001224 Bytes (806354944)
2024-01-12 10:11:53,986 [INFO] MicroXplorer:468 - Change Database Path : 
2024-01-12 10:11:53,986 [INFO] MicroXplorer:498 - Change Database Version : DB.6.0.100
2024-01-12 10:11:53,986 [INFO] OpenFileManager:312 - Change cursor
2024-01-12 10:11:54,030 [INFO] Mcu:2016 - Initializing MCU STM32F411R(C-E)Tx STM32F411RETx STM32F411RET6
2024-01-12 10:11:55,398 [INFO] Context:659 - Trying to add GPIOservice into a context  which must be forbidden
2024-01-12 10:11:55,879 [INFO] RtosManager:555 - Registered RTOS mode: class=CMSIS, group=RTOS, mode=CMSIS_V1, owner=FREERTOS
2024-01-12 10:11:55,879 [INFO] RtosManager:555 - Registered RTOS mode: class=CMSIS, group=RTOS2, mode=CMSIS_V2, owner=FREERTOS
2024-01-12 10:11:55,879 [INFO] RtosManager:555 - Registered RTOS mode: class=RTOS, group=Core, mode=CMSIS_V1, owner=FREERTOS
2024-01-12 10:11:55,879 [INFO] RtosManager:555 - Registered RTOS mode: class=RTOS, group=Core, mode=CMSIS_V2, owner=FREERTOS
2024-01-12 10:11:55,880 [WARN] ModelIntegratedComponent:184 - Missing modes for component STMicroelectronics:FreeRTOS:0.0.1:STMicroelectronics:RTOS:FreeRTOS:Core:::10.2.0:
2024-01-12 10:11:55,880 [WARN] ModelIntegratedComponent:182 - Modes not found for component STMicroelectronics:USB_DEVICE:1.0.0:STMicroelectronics:USB::USB Device:Audio HS::1.0:USB_DEVICE_1_0_RESTRICTED_HS
2024-01-12 10:11:55,880 [WARN] ModelIntegratedComponent:188 - Modes not found for component STMicroelectronics:USB_DEVICE:1.0.0:STMicroelectronics:USB::USB Device:Audio HS::1.0:USB_DEVICE_1_0_RESTRICTED_HS
2024-01-12 10:11:55,880 [WARN] ModelIntegratedComponent:182 - Modes not found for component STMicroelectronics:USB_DEVICE:1.0.0:STMicroelectronics:USB::USB Device:CDC HS::1.0:USB_DEVICE_1_0_RESTRICTED_HS
2024-01-12 10:11:55,880 [WARN] ModelIntegratedComponent:188 - Modes not found for component STMicroelectronics:USB_DEVICE:1.0.0:STMicroelectronics:USB::USB Device:CDC HS::1.0:USB_DEVICE_1_0_RESTRICTED_HS
2024-01-12 10:11:55,881 [WARN] ModelIntegratedComponent:182 - Modes not found for component STMicroelectronics:USB_DEVICE:1.0.0:STMicroelectronics:USB::USB Device:DFU HS::1.0:USB_DEVICE_1_0_RESTRICTED_HS
2024-01-12 10:11:55,881 [WARN] ModelIntegratedComponent:188 - Modes not found for component STMicroelectronics:USB_DEVICE:1.0.0:STMicroelectronics:USB::USB Device:DFU HS::1.0:USB_DEVICE_1_0_RESTRICTED_HS
2024-01-12 10:11:55,881 [WARN] ModelIntegratedComponent:182 - Modes not found for component STMicroelectronics:USB_DEVICE:1.0.0:STMicroelectronics:USB::USB Device:HID HS::1.0:USB_DEVICE_1_0_RESTRICTED_HS
2024-01-12 10:11:55,881 [WARN] ModelIntegratedComponent:188 - Modes not found for component STMicroelectronics:USB_DEVICE:1.0.0:STMicroelectronics:USB::USB Device:HID HS::1.0:USB_DEVICE_1_0_RESTRICTED_HS
2024-01-12 10:11:55,881 [WARN] ModelIntegratedComponent:182 - Modes not found for component STMicroelectronics:USB_DEVICE:1.0.0:STMicroelectronics:USB::USB Device:Custom HID HS::1.0:USB_DEVICE_1_0_RESTRICTED_HS
2024-01-12 10:11:55,881 [WARN] ModelIntegratedComponent:188 - Modes not found for component STMicroelectronics:USB_DEVICE:1.0.0:STMicroelectronics:USB::USB Device:Custom HID HS::1.0:USB_DEVICE_1_0_RESTRICTED_HS
2024-01-12 10:11:55,881 [WARN] ModelIntegratedComponent:182 - Modes not found for component STMicroelectronics:USB_DEVICE:1.0.0:STMicroelectronics:USB::USB Device:MSC HS::1.0:USB_DEVICE_1_0_RESTRICTED_HS
2024-01-12 10:11:55,881 [WARN] ModelIntegratedComponent:188 - Modes not found for component STMicroelectronics:USB_DEVICE:1.0.0:STMicroelectronics:USB::USB Device:MSC HS::1.0:USB_DEVICE_1_0_RESTRICTED_HS
2024-01-12 10:11:55,885 [WARN] ModelIntegratedComponent:63 - No mode defined for component null
2024-01-12 10:11:55,886 [WARN] ModelIntegratedComponent:63 - No mode defined for component null
2024-01-12 10:11:55,886 [WARN] ModelIntegratedComponent:63 - No mode defined for component null
2024-01-12 10:11:55,886 [WARN] ModelIntegratedComponent:63 - No mode defined for component null
2024-01-12 10:11:55,886 [WARN] ModelIntegratedComponent:63 - No mode defined for component null
2024-01-12 10:11:55,886 [WARN] ModelIntegratedComponent:63 - No mode defined for component null
2024-01-12 10:11:55,886 [WARN] ModelIntegratedComponent:63 - No mode defined for component null
2024-01-12 10:11:55,886 [WARN] ModelIntegratedComponent:63 - No mode defined for component null
2024-01-12 10:11:55,886 [WARN] ModelIntegratedComponent:63 - No mode defined for component null
2024-01-12 10:11:55,886 [WARN] ModelIntegratedComponent:63 - No mode defined for component null
2024-01-12 10:11:55,886 [WARN] ModelIntegratedComponent:63 - No mode defined for component null
2024-01-12 10:11:55,887 [WARN] ModelIntegratedComponent:63 - No mode defined for component null
2024-01-12 10:11:55,887 [WARN] ModelIntegratedComponent:63 - No mode defined for component null
2024-01-12 10:11:55,887 [WARN] ModelIntegratedComponent:63 - No mode defined for component null
2024-01-12 10:11:55,887 [WARN] ModelIntegratedComponent:63 - No mode defined for component null
2024-01-12 10:11:55,887 [WARN] ModelIntegratedComponent:63 - No mode defined for component null
2024-01-12 10:11:55,887 [WARN] ModelIntegratedComponent:63 - No mode defined for component null
2024-01-12 10:11:55,887 [WARN] ModelIntegratedComponent:63 - No mode defined for component null
2024-01-12 10:11:55,887 [WARN] ModelIntegratedComponent:63 - No mode defined for component null
2024-01-12 10:11:55,887 [WARN] ModelIntegratedComponent:63 - No mode defined for component null
2024-01-12 10:11:55,887 [WARN] ModelIntegratedComponent:63 - No mode defined for component null
2024-01-12 10:11:55,887 [WARN] ModelIntegratedComponent:63 - No mode defined for component null
2024-01-12 10:11:55,887 [WARN] ModelIntegratedComponent:63 - No mode defined for component null
2024-01-12 10:11:55,887 [WARN] ModelIntegratedComponent:63 - No mode defined for component null
2024-01-12 10:11:55,887 [WARN] ModelIntegratedComponent:63 - No mode defined for component null
2024-01-12 10:11:55,888 [WARN] ModelIntegratedComponent:63 - No mode defined for component null
2024-01-12 10:11:55,888 [WARN] ModelIntegratedComponent:63 - No mode defined for component null
2024-01-12 10:11:55,888 [WARN] ModelIntegratedComponent:63 - No mode defined for component null
2024-01-12 10:11:55,888 [WARN] ModelIntegratedComponent:63 - No mode defined for component null
2024-01-12 10:11:55,888 [WARN] ModelIntegratedComponent:63 - No mode defined for component null
2024-01-12 10:11:55,888 [WARN] ModelIntegratedComponent:63 - No mode defined for component null
2024-01-12 10:11:55,888 [WARN] ModelIntegratedComponent:63 - No mode defined for component null
2024-01-12 10:11:55,888 [WARN] ModelIntegratedComponent:63 - No mode defined for component null
2024-01-12 10:11:55,890 [WARN] ModelIntegratedComponent:182 - Modes not found for component STMicroelectronics:USB_HOST:1.0.0:STMicroelectronics:USB::USB Host:Audio HS::1.0:USB_HOST_1_0_RESTRICTED_HS
2024-01-12 10:11:55,890 [WARN] ModelIntegratedComponent:188 - Modes not found for component STMicroelectronics:USB_HOST:1.0.0:STMicroelectronics:USB::USB Host:Audio HS::1.0:USB_HOST_1_0_RESTRICTED_HS
2024-01-12 10:11:55,890 [WARN] ModelIntegratedComponent:182 - Modes not found for component STMicroelectronics:USB_HOST:1.0.0:STMicroelectronics:USB::USB Host:CDC HS::1.0:USB_HOST_1_0_RESTRICTED_HS
2024-01-12 10:11:55,890 [WARN] ModelIntegratedComponent:188 - Modes not found for component STMicroelectronics:USB_HOST:1.0.0:STMicroelectronics:USB::USB Host:CDC HS::1.0:USB_HOST_1_0_RESTRICTED_HS
2024-01-12 10:11:55,890 [WARN] ModelIntegratedComponent:182 - Modes not found for component STMicroelectronics:USB_HOST:1.0.0:STMicroelectronics:USB::USB Host:MSC HS::1.0:USB_HOST_1_0_RESTRICTED_HS
2024-01-12 10:11:55,890 [WARN] ModelIntegratedComponent:188 - Modes not found for component STMicroelectronics:USB_HOST:1.0.0:STMicroelectronics:USB::USB Host:MSC HS::1.0:USB_HOST_1_0_RESTRICTED_HS
2024-01-12 10:11:55,890 [WARN] ModelIntegratedComponent:182 - Modes not found for component STMicroelectronics:USB_HOST:1.0.0:STMicroelectronics:USB::USB Host:HID HS::1.0:USB_HOST_1_0_RESTRICTED_HS
2024-01-12 10:11:55,890 [WARN] ModelIntegratedComponent:188 - Modes not found for component STMicroelectronics:USB_HOST:1.0.0:STMicroelectronics:USB::USB Host:HID HS::1.0:USB_HOST_1_0_RESTRICTED_HS
2024-01-12 10:11:55,890 [WARN] ModelIntegratedComponent:182 - Modes not found for component STMicroelectronics:USB_HOST:1.0.0:STMicroelectronics:USB::USB Host:MTP HS::1.0:USB_HOST_1_0_RESTRICTED_HS
2024-01-12 10:11:55,890 [WARN] ModelIntegratedComponent:188 - Modes not found for component STMicroelectronics:USB_HOST:1.0.0:STMicroelectronics:USB::USB Host:MTP HS::1.0:USB_HOST_1_0_RESTRICTED_HS
2024-01-12 10:11:55,899 [INFO] ThirdPartyModel:298 - Start build external matchings
2024-01-12 10:11:55,902 [INFO] ThirdPartyModel:316 - End build external matchings
2024-01-12 10:11:55,915 [INFO] ImportTextPane:194 - (OptionalMessage_ERROR) IP (DMA) : Parameter (Instance) has Id (ADC1) currently not set
2024-01-12 10:11:55,916 [INFO] ImportTextPane:194 - (OptionalMessage_ERROR) IP (DMA) : Parameter (Channel) has Id (ADC1) currently not set
2024-01-12 10:11:55,916 [INFO] ImportTextPane:194 - (OptionalMessage_ERROR) IP (DMA) : Parameter (Direction) has Id (ADC1) currently not set
2024-01-12 10:11:55,916 [INFO] ImportTextPane:194 - (OptionalMessage_ERROR) IP (DMA) : Parameter (PeriphInc) has Id (ADC1) currently not set
2024-01-12 10:11:55,916 [INFO] ImportTextPane:194 - (OptionalMessage_ERROR) IP (DMA) : Parameter (MemInc) has Id (ADC1) currently not set
2024-01-12 10:11:55,916 [INFO] ImportTextPane:194 - (OptionalMessage_ERROR) IP (DMA) : Parameter (PeriphDataAlignment) has Id (ADC1) currently not set
2024-01-12 10:11:55,916 [INFO] ImportTextPane:194 - (OptionalMessage_ERROR) IP (DMA) : Parameter (MemDataAlignment) has Id (ADC1) currently not set
2024-01-12 10:11:55,916 [INFO] ImportTextPane:194 - (OptionalMessage_ERROR) IP (DMA) : Parameter (Mode) has Id (ADC1) currently not set
2024-01-12 10:11:55,916 [INFO] ImportTextPane:194 - (OptionalMessage_ERROR) IP (DMA) : Parameter (Priority) has Id (ADC1) currently not set
2024-01-12 10:11:55,916 [INFO] ImportTextPane:194 - (OptionalMessage_ERROR) IP (DMA) : Parameter (FIFOMode) has Id (ADC1) currently not set
2024-01-12 10:11:56,159 [INFO] UtilMem:75 - End LoadConfig() Used Memory: 685869696 Bytes (856686592)
2024-01-12 10:11:56,263 [INFO] ApiDb:581 - Connected to CubeFinder SQLite database (C:\Users\npedu-203-19\.stmcufinder\plugins\mcufinder\mcu\cube-finder-db.db)
2024-01-12 10:11:56,339 [INFO] ApiDb:668 - CubeFinder database Data Model version=2.1
2024-01-12 10:11:56,340 [INFO] ApiDb:669 - CubeFinder database Configuration version=3.0.39
2024-01-12 10:11:56,340 [INFO] ApiDb:670 - CubeFinder database generation date=2023-12-08 (1702028721)
2024-01-12 10:11:56,340 [INFO] ApiDb:671 - CubeFinder database FW Pack versions=[FP-ATR-ASTRA1_V2.0.0, FP-SNS-FLIGHT1_V5.0.1, FP-SNS-FLIGHT1_V5.0.2, FP-SNS-MOTENV1_V4.3.1, FP-SNS-MOTENV1_V4.3.2, FP-SNS-MOTENVWB1_V1.3.1, FP-SNS-SMARTAG2_V1.2.0, STM32Cube_FW_C0_V1.1.0, STM32Cube_FW_F4_V1.28.0, STM32Cube_FW_F7_V1.17.0, STM32Cube_FW_G0_V1.6.1, STM32Cube_FW_G4_V1.5.1, STM32Cube_FW_H5_V0.5.1, STM32Cube_FW_H5_V1.1.1, STM32Cube_FW_H5_V1.2.0RC2, STM32Cube_FW_H7_V1.11.0, STM32Cube_FW_L0_V1.12.2, STM32Cube_FW_L5_V1.5.0, STM32Cube_FW_U5_V1.3.0RC4, STM32Cube_FW_U5_V1.4.0, STM32Cube_FW_WBA_V1.0.0RC1, STM32Cube_FW_WBA_V1.1.0RC1, STM32Cube_FW_WBA_V1.2.0, STM32Cube_FW_WBA_V1.2.0RC2, STM32Cube_FW_WB_V1.15.0RC1, STM32Cube_FW_WB_V1.16.0, STM32Cube_FW_WB_V1.16.0RC2, STM32Cube_FW_WB_V1.18.0, STM32Cube_FW_WL_V1.3.0, X-CUBE-ALGOBUILD_V1.3.0, X-CUBE-ALS_V1.0.1, X-CUBE-AZRTOS-F4_V1.1.0, X-CUBE-AZRTOS-F7_V1.1.0, X-CUBE-AZRTOS-G0_V1.1.0, X-CUBE-AZRTOS-G4_V2.0.0, X-CUBE-AZRTOS-H7_V3.1.0, X-CUBE-AZRTOS-L4_V1.0.0, X-CUBE-AZRTOS-L4_V2.0.0, X-CUBE-AZRTOS-L5_V1.1.0, X-CUBE-AZRTOS-WB_V2.0.0, X-CUBE-AZRTOS-WL_V2.0.0, X-CUBE-BLE1_V7.0.0, X-CUBE-BLE2_V3.3.0, X-CUBE-BLEMGR_V3.0.0, X-CUBE-EEPRMA1_V4.1.0, X-CUBE-EEPRMA1_V4.2.0, X-CUBE-FREERTOS_V1.1.0, X-CUBE-GNSS1_V6.0.0, X-CUBE-MEMS1_V10.0.0, X-CUBE-MEMS1_V9.1.0, X-CUBE-MEMS1_V9.4.0, X-CUBE-MEMS1_V9.6.0, X-CUBE-NFC4_V3.0.0, X-CUBE-NFC7_V1.0.1, X-CUBE-SFXS2LP1_V4.0.0, X-CUBE-SUBG2_V5.0.0, X-CUBE-TOF1_V3.4.0]
2024-01-12 10:11:58,013 [INFO] ApiDb:240 - Found 371 in-development CPN: [B-G473E-ZEST1S, B-WB1M-WPAN1, B-WL5M-SUBG1, NUCLEO-C031C6, NUCLEO-H503RB, NUCLEO-H563ZI, NUCLEO-U545RE-Q, NUCLEO-U5A5ZJ-Q, NUCLEO-WBA52CG, NUCLEO-WBA55CG, STEVAL-MKBOXPRO, STEVAL-PROTEUS1, STEVAL-STWINBX1, STM320518-EVAL, STM32C0116-DK, STM32C011D6Y3TR, STM32C011D6Y6TR, STM32C011F4P3, STM32C011F4P6, STM32C011F4U3, STM32C011F4U6TR, STM32C011F6P3, STM32C011F6P6, STM32C011F6U3, STM32C011F6U6TR, STM32C011J4M3, STM32C011J4M6, STM32C011J6M3, STM32C011J6M6, STM32C0316-DK, STM32C031C4T3, STM32C031C4T6, STM32C031C4U3, STM32C031C4U6, STM32C031C6T3, STM32C031C6T6, STM32C031C6U3, STM32C031C6U6, STM32C031F4P3, STM32C031F4P6, STM32C031F6P3, STM32C031F6P6, STM32C031G4U3, STM32C031G4U6, STM32C031G6U3, STM32C031G6U6, STM32C031K4T3, STM32C031K4T6, STM32C031K4U3, STM32C031K4U6, STM32C031K6T3, STM32C031K6T6, STM32C031K6U3, STM32C031K6U6, STM32G071K8TXN, STM32G071K8UXN, STM32G081GBU6N, STM32G081KBT6N, STM32G081KBUXN, STM32G0B1CCT6N, STM32G0B1KCT6, STM32G0B1NEY6TR, STM32G0B1RCT6N, STM32G0C1CCT6, STM32G0C1CCT6N, STM32G0C1CCU6N, STM32G0C1CET6N, STM32G0C1CEU6N, STM32G0C1KCT6, STM32G0C1NEY6TR, STM32G0C1RCI6N, STM32G0C1RCT6N, STM32G0C1REI6N, STM32G0C1RET6N, STM32G0C1VCI6, STM32G0C1VEI6, STM32G471CCT6, STM32G471CCU6, STM32G471CET3, STM32G471CET6, STM32G471CEU3, STM32G471CEU6, STM32G471MCT6, STM32G471MET3, STM32G471MET6, STM32G471MEY6TR, STM32G471QCT6, STM32G471QET3, STM32G471RCT6, STM32G471RET3, STM32G471RET6, STM32G471VCH6, STM32G471VCI6, STM32G471VCT6, STM32G471VEH3, STM32G471VEH6, STM32G471VEI3, STM32G471VEI6, STM32G471VET3, STM32G471VET6, STM32G474CCT6, STM32H503CBT6, STM32H503CBU6, STM32H503EBY6TR, STM32H503KBU6, STM32H503RBT6, STM32H562AGI6, STM32H562AII6, STM32H562IGK6, STM32H562IGT6, STM32H562IIK6, STM32H562IIT6, STM32H562RGT6, STM32H562RGV6, STM32H562RIT6, STM32H562RIV6, STM32H562VGT6, STM32H562VIT6, STM32H562ZGT6, STM32H562ZIT6, STM32H563AGI6, STM32H563AII3Q, STM32H563AII6, STM32H563IGK6, STM32H563IGT6, STM32H563IIK3Q, STM32H563IIK6, STM32H563IIT3Q, STM32H563IIT6, STM32H563MIY3QTR, STM32H563RGT6, STM32H563RGV6, STM32H563RIT6, STM32H563RIV6, STM32H563VGT6, STM32H563VIT3Q, STM32H563VIT6, STM32H563ZGT6, STM32H563ZIT3Q, STM32H563ZIT6, STM32H573AII3Q, STM32H573AII6, STM32H573I-DK, STM32H573IIK3Q, STM32H573IIK6, STM32H573IIT3Q, STM32H573IIT6, STM32H573MIY3QTR, STM32H573RIT6, STM32H573RIV6, STM32H573VIT3Q, STM32H573VIT6, STM32H573ZIT3Q, STM32H573ZIT6, STM32L4R5QGI6STR, STM32MP131AAE3, STM32MP131AAF3, STM32MP131AAG3, STM32MP131CAE3, STM32MP131CAF3, STM32MP131CAG3, STM32MP131DAE7, STM32MP131DAF7, STM32MP131DAG7, STM32MP131FAE7, STM32MP131FAF7, STM32MP131FAG7, STM32MP133AAE3, STM32MP133AAF3, STM32MP133AAG3, STM32MP133CAE3, STM32MP133CAF3, STM32MP133CAG3, STM32MP133DAE7, STM32MP133DAF7, STM32MP133DAG7, STM32MP133FAE7, STM32MP133FAF7, STM32MP133FAG7, STM32MP135AAE3, STM32MP135AAF3, STM32MP135AAG3, STM32MP135CAE3, STM32MP135CAF3, STM32MP135CAG3, STM32MP135DAE7, STM32MP135DAF7, STM32MP135DAG7, STM32MP135F-DK, STM32MP135FAE7, STM32MP135FAF7, STM32MP135FAF7T, STM32MP135FAF7U, STM32MP135FAG7, STM32U535CBT6, STM32U535CBT6Q, STM32U535CBU6, STM32U535CBU6Q, STM32U535CCT6, STM32U535CCT6Q, STM32U535CCU6, STM32U535CCU6Q, STM32U535CET6, STM32U535CET6Q, STM32U535CEU6, STM32U535CEU6Q, STM32U535JEY6QTR, STM32U535NCY6QTR, STM32U535NEY6QTR, STM32U535RBI6, STM32U535RBI6Q, STM32U535RBT6, STM32U535RBT6Q, STM32U535RCI6, STM32U535RCI6Q, STM32U535RCT6, STM32U535RCT6Q, STM32U535REI6, STM32U535REI6Q, STM32U535RET6, STM32U535RET6Q, STM32U535VCI6, STM32U535VCI6Q, STM32U535VCT6, STM32U535VCT6Q, STM32U535VEI6, STM32U535VEI6Q, STM32U535VET6, STM32U535VET6Q, STM32U545CET6, STM32U545CET6Q, STM32U545CEU6, STM32U545CEU6Q, STM32U545JEY6QTR, STM32U545NEY6QTR, STM32U545REI6, STM32U545REI6Q, STM32U545RET6, STM32U545RET6Q, STM32U545VEI6, STM32U545VEI6Q, STM32U545VET6, STM32U545VET6Q, STM32U595AIH6, STM32U595AIH6Q, STM32U595AJH6, STM32U595AJH6Q, STM32U595QII6, STM32U595QII6Q, STM32U595QJI6, STM32U595QJI6Q, STM32U595RIT6, STM32U595RIT6Q, STM32U595RJT6, STM32U595RJT6Q, STM32U595VIT6, STM32U595VIT6Q, STM32U595VJT6, STM32U595VJT6Q, STM32U595ZIT6, STM32U595ZIT6Q, STM32U595ZIY6QTR, STM32U595ZJT6, STM32U595ZJT6Q, STM32U595ZJY6QTR, STM32U599BJY6QTR, STM32U599NIH6Q, STM32U599NJH6Q, STM32U599VIT6Q, STM32U599VJT6, STM32U599VJT6Q, STM32U599ZIT6Q, STM32U599ZIY6QTR, STM32U599ZJT6Q, STM32U599ZJY6QTR, STM32U5A5AJH6, STM32U5A5AJH6Q, STM32U5A5QJI6, STM32U5A5QJI6Q, STM32U5A5RJT6, STM32U5A5RJT6Q, STM32U5A5VJT6, STM32U5A5VJT6Q, STM32U5A5ZJT6, STM32U5A5ZJT6Q, STM32U5A5ZJY6QTR, STM32U5A9BJY6QTR, STM32U5A9J-DK, STM32U5A9NJH6Q, STM32U5A9VJT6Q, STM32U5A9ZJT6Q, STM32U5A9ZJY6QTR, STM32U5F7VIT6, STM32U5F7VIT6Q, STM32U5F7VJT6, STM32U5F7VJT6Q, STM32U5F9BJY6QTR, STM32U5F9NJH6Q, STM32U5F9VIT6Q, STM32U5F9VJT6Q, STM32U5F9ZIJ6QTR, STM32U5F9ZIT6Q, STM32U5F9ZJJ6QTR, STM32U5F9ZJT6Q, STM32U5G7VJT6, STM32U5G7VJT6Q, STM32U5G9BJY6QTR, STM32U5G9J-DK1, STM32U5G9J-DK2, STM32U5G9NJH6Q, STM32U5G9VJT6Q, STM32U5G9ZJJ6QTR, STM32U5G9ZJT6Q, STM32WB1MMCH6, STM32WBA50KEU6, STM32WBA50KEU6TR, STM32WBA50KGU6, STM32WBA50KGU6TR, STM32WBA52CEU6, STM32WBA52CEU6TR, STM32WBA52CEU7, STM32WBA52CEU7TR, STM32WBA52CGU6, STM32WBA52CGU6TR, STM32WBA52CGU6U, STM32WBA52CGU7, STM32WBA52CGU7TR, STM32WBA52KEU6, STM32WBA52KEU6TR, STM32WBA52KGU6, STM32WBA52KGU6TR, STM32WBA54CEU6, STM32WBA54CEU6TR, STM32WBA54CEU7, STM32WBA54CEU7TR, STM32WBA54CGU6, STM32WBA54CGU6TR, STM32WBA54CGU7, STM32WBA54CGU7TR, STM32WBA54KEU6, STM32WBA54KEU6TR, STM32WBA54KEU7, STM32WBA54KEU7TR, STM32WBA54KGU6, STM32WBA54KGU6TR, STM32WBA54KGU7, STM32WBA54KGU7TR, STM32WBA55CEU6, STM32WBA55CEU6TR, STM32WBA55CEU7, STM32WBA55CEU7TR, STM32WBA55CGU6, STM32WBA55CGU6TR, STM32WBA55CGU6U, STM32WBA55CGU7, STM32WBA55CGU7TR, STM32WBA55G-DK1, STM32WBA55HEF6, STM32WBA55HEF7, STM32WBA55HGF6, STM32WBA55HGF7, STM32WBA55UEI6, STM32WBA55UEI6TR, STM32WBA55UEI7, STM32WBA55UEI7TR, STM32WBA55UGI6, STM32WBA55UGI6TR, STM32WBA55UGI7, STM32WBA55UGI7TR, STM32WL5MOCH6, STM32WL5MOCH6TR]
2024-01-12 10:11:58,018 [INFO] DbMcus:218 - Found 3930 MCUs, 3930 are supported
2024-01-12 10:11:58,019 [INFO] ApiDb:423 - Load user favorites file C:\Users\npedu-203-19/.stm32cubeide/favorites.mcus.txt: 0 item(s)
2024-01-12 10:11:58,019 [INFO] ApiDb:427 - User favorites MCUs=[]
2024-01-12 10:11:58,019 [INFO] DbMcus:224 - Set 0 / 0 favorites MCUs
2024-01-12 10:11:58,267 [INFO] MicroXplorer:468 - Change Database Path : 
2024-01-12 10:11:58,267 [INFO] MicroXplorer:498 - Change Database Version : DB.6.0.100
2024-01-12 10:11:58,267 [WARN] ThirdParty:833 - waiting for thirdparty lock release [change project]
2024-01-12 10:11:58,267 [INFO] ThirdParty:835 - entering critical section [change project]
2024-01-12 10:11:58,267 [INFO] ThirdParty:1030 - CMSIS Pack Vendor :STMicroelectronics USBPD 4.1
2024-01-12 10:11:58,267 [INFO] ThirdParty:1030 - CMSIS Pack Vendor :STMicroelectronics ThreadX 1.0.0
2024-01-12 10:11:58,267 [INFO] ThirdParty:1030 - CMSIS Pack Vendor :STMicroelectronics FP-SNS-MOTENV1 4.3.2
2024-01-12 10:11:58,267 [INFO] ThirdParty:1030 - CMSIS Pack Vendor :STMicroelectronics USB_HOST 2.0.0
2024-01-12 10:11:58,267 [INFO] ThirdParty:1030 - CMSIS Pack Vendor :STMicroelectronics LIBJPEG 8.0.0
2024-01-12 10:11:58,268 [INFO] ThirdParty:1030 - CMSIS Pack Vendor :STMicroelectronics FP-ATR-SIGFOX1 3.2.0
2024-01-12 10:11:58,268 [INFO] ThirdParty:1030 - CMSIS Pack Vendor :STMicroelectronics FreeRTOS 0.0.1
2024-01-12 10:11:58,268 [INFO] ThirdParty:1030 - CMSIS Pack Vendor :STMicroelectronics USB_DEVICE 1.0.0
2024-01-12 10:11:58,268 [INFO] ThirdParty:1030 - CMSIS Pack Vendor :STMicroelectronics STM32_WPAN 1.0.0
2024-01-12 10:11:58,268 [INFO] ThirdParty:1030 - CMSIS Pack Vendor :STMicroelectronics USB_DEVICE 3.0.0
2024-01-12 10:11:58,268 [INFO] ThirdParty:1030 - CMSIS Pack Vendor :STMicroelectronics HAL Drivers 0.0.0
2024-01-12 10:11:58,268 [INFO] ThirdParty:1030 - CMSIS Pack Vendor :STMicroelectronics MBEDTLS 2.16.2
2024-01-12 10:11:58,268 [INFO] ThirdParty:1030 - CMSIS Pack Vendor :STMicroelectronics ThreadX 0.0.2
2024-01-12 10:11:58,268 [INFO] ThirdParty:1030 - CMSIS Pack Vendor :STMicroelectronics FP-ATR-ASTRA1 2.0.0
2024-01-12 10:11:58,268 [INFO] ThirdParty:1030 - CMSIS Pack Vendor :STMicroelectronics lwIP 2.0.3
2024-01-12 10:11:58,268 [INFO] ThirdParty:1030 - CMSIS Pack Vendor :STMicroelectronics lwIP 2.1.2
2024-01-12 10:11:58,268 [INFO] ThirdParty:1030 - CMSIS Pack Vendor :STMicroelectronics MBEDTLS 2.14.1
2024-01-12 10:11:58,268 [INFO] ThirdParty:1030 - CMSIS Pack Vendor :STMicroelectronics FP-SNS-FLIGHT1 5.0.2
2024-01-12 10:11:58,268 [INFO] ThirdParty:1030 - CMSIS Pack Vendor :STMicroelectronics USB_HOST 1.0.0
2024-01-12 10:11:58,268 [INFO] ThirdParty:1030 - CMSIS Pack Vendor :STMicroelectronics PDM2PCM 3.1.0
2024-01-12 10:11:58,268 [INFO] ThirdParty:1030 - CMSIS Pack Vendor :STMicroelectronics PDM2PCM 3.2.0
2024-01-12 10:11:58,268 [INFO] ThirdParty:1030 - CMSIS Pack Vendor :STMicroelectronics USB_DEVICE 2.0.0
2024-01-12 10:11:58,268 [INFO] ThirdParty:1030 - CMSIS Pack Vendor :STMicroelectronics PDM2PCM 3.3.0
2024-01-12 10:11:58,268 [INFO] ThirdParty:841 - exiting critical section [change project]
2024-01-12 10:11:58,579 [INFO] PinOutPanel:1499 - setPackage(No Configuration,No Configuration)
2024-01-12 10:11:58,580 [INFO] PinOutPanel:1499 - setPackage(STM32F411RETx,LQFP64)
2024-01-12 10:11:58,973 [INFO] UtilMem:75 - Before build in PCC Used Memory: 482685768 Bytes (856686592)
2024-01-12 10:12:00,204 [INFO] UtilMem:75 - After build in PCC Used Memory: 238242496 Bytes (856686592)
2024-01-12 10:12:00,232 [INFO] IPUIPlugin:80 - create IPUIPlugin
2024-01-12 10:12:00,232 [INFO] IPUIPlugin:80 - create IPUIPlugin
2024-01-12 10:12:00,232 [INFO] IPUIPlugin:80 - create IPUIPlugin
2024-01-12 10:12:00,232 [INFO] IPUIPlugin:80 - create IPUIPlugin
2024-01-12 10:12:00,232 [INFO] IPUIPlugin:80 - create IPUIPlugin
2024-01-12 10:12:00,233 [INFO] IPUIPlugin:80 - create IPUIPlugin
2024-01-12 10:12:00,233 [INFO] IPUIPlugin:80 - create IPUIPlugin
2024-01-12 10:12:00,233 [INFO] IPUIPlugin:80 - create IPUIPlugin
2024-01-12 10:12:00,233 [INFO] IPUIPlugin:80 - create IPUIPlugin
2024-01-12 10:12:00,233 [INFO] IPUIPlugin:80 - create IPUIPlugin
2024-01-12 10:12:00,233 [INFO] IPUIPlugin:80 - create IPUIPlugin
2024-01-12 10:12:00,233 [INFO] IPUIPlugin:80 - create IPUIPlugin
2024-01-12 10:12:00,233 [INFO] IPUIPlugin:80 - create IPUIPlugin
2024-01-12 10:12:00,233 [INFO] IPUIPlugin:80 - create IPUIPlugin
2024-01-12 10:12:00,234 [INFO] IPUIPlugin:80 - create IPUIPlugin
2024-01-12 10:12:00,234 [INFO] IPUIPlugin:80 - create IPUIPlugin
2024-01-12 10:12:00,234 [INFO] IPUIPlugin:80 - create IPUIPlugin
2024-01-12 10:12:00,234 [INFO] IPUIPlugin:80 - create IPUIPlugin
2024-01-12 10:12:00,234 [INFO] IPUIPlugin:80 - create IPUIPlugin
2024-01-12 10:12:00,234 [INFO] IPUIPlugin:80 - create IPUIPlugin
2024-01-12 10:12:00,235 [INFO] IPUIPlugin:80 - create IPUIPlugin
2024-01-12 10:12:00,235 [INFO] IPUIPlugin:80 - create IPUIPlugin
2024-01-12 10:12:00,235 [INFO] IPUIPlugin:80 - create IPUIPlugin
2024-01-12 10:12:00,235 [INFO] IPUIPlugin:80 - create IPUIPlugin
2024-01-12 10:12:00,235 [INFO] IPUIPlugin:80 - create IPUIPlugin
2024-01-12 10:12:00,235 [INFO] IPUIPlugin:80 - create IPUIPlugin
2024-01-12 10:12:00,236 [INFO] IPUIPlugin:80 - create IPUIPlugin
2024-01-12 10:12:00,236 [INFO] IPUIPlugin:80 - create IPUIPlugin
2024-01-12 10:12:00,236 [INFO] IPUIPlugin:80 - create IPUIPlugin
2024-01-12 10:12:00,236 [INFO] IPUIPlugin:80 - create IPUIPlugin
2024-01-12 10:12:00,236 [INFO] IPUIPlugin:80 - create IPUIPlugin
2024-01-12 10:12:00,237 [INFO] IPUIPlugin:80 - create IPUIPlugin
2024-01-12 10:12:00,237 [INFO] IPUIPlugin:80 - create IPUIPlugin
2024-01-12 10:12:00,237 [INFO] IPUIPlugin:80 - create IPUIPlugin
2024-01-12 10:12:00,237 [INFO] IPUIPlugin:80 - create IPUIPlugin
2024-01-12 10:12:00,238 [INFO] IPUIPlugin:80 - create IPUIPlugin
2024-01-12 10:12:00,238 [INFO] IPUIPlugin:80 - create IPUIPlugin
2024-01-12 10:12:00,238 [INFO] IPUIPlugin:80 - create IPUIPlugin
2024-01-12 10:12:00,238 [INFO] IPUIPlugin:80 - create IPUIPlugin
2024-01-12 10:12:00,238 [INFO] IPUIPlugin:80 - create IPUIPlugin
2024-01-12 10:12:00,239 [INFO] IPUIPlugin:80 - create IPUIPlugin
2024-01-12 10:12:00,244 [INFO] IPUIPlugin:80 - create IPUIPlugin
2024-01-12 10:12:00,244 [INFO] IPUIPlugin:80 - create IPUIPlugin
2024-01-12 10:12:00,401 [INFO] ApiDbMcu:508 - Load IP Config File for PDM2PCM
2024-01-12 10:12:00,647 [INFO] CADModel:165 - CPN selected for project levelSTM32F411RET6
2024-01-12 10:12:00,648 [INFO] CADModel:114 - Register for checkConnection events
2024-01-12 10:12:00,703 [INFO] OpenFileManager:343 - Restore cursor
2024-01-12 10:41:38,359 [INFO] ADCParametersView:116 -                Rank 1 : false
2024-01-12 10:41:38,495 [INFO] ADCParametersView:116 -                Rank 1 : false
2024-01-12 10:41:38,496 [INFO] ADCParametersView:116 -                Rank 1 : false
2024-01-12 10:41:38,496 [INFO] ADCParametersView:116 -                Rank 1 : false
2024-01-12 10:41:38,496 [INFO] ADCParametersView:116 -                Rank 1 : false
2024-01-12 10:41:38,496 [INFO] ADCParametersView:116 -                Rank 1 : false
2024-01-12 10:41:38,496 [INFO] ADCParametersView:116 -                Rank 1 : false
2024-01-12 10:41:38,496 [INFO] ADCParametersView:116 -                Rank 1 : false
2024-01-12 10:41:38,497 [INFO] ADCParametersView:116 -                Rank 1 : false
2024-01-12 10:41:38,497 [INFO] ADCParametersView:116 -                Rank 1 : false
2024-01-12 10:41:38,497 [INFO] ADCParametersView:116 -                Rank 1 : false
2024-01-12 10:41:38,497 [INFO] ADCParametersView:116 -                Rank 1 : false
2024-01-12 10:41:38,497 [INFO] ADCParametersView:116 -                Rank 1 : false
2024-01-12 10:41:38,497 [INFO] ADCParametersView:116 -                Rank 1 : false
2024-01-12 10:41:38,497 [INFO] ADCParametersView:116 -                Rank 1 : false
2024-01-12 10:41:38,521 [INFO] ADCParametersView:116 -                Rank 1 : false
2024-01-12 10:42:00,022 [INFO] ADCParametersView:116 -                Rank 1 : true
2024-01-12 10:42:03,787 [INFO] NvicIntPanel:101 - NVIC parent = com.st.microxplorer.plugins.ip.nvic.MultiNvicIntPanel[,0,0,0x0,invalid,layout=javax.swing.BoxLayout,alignmentX=0.0,alignmentY=0.0,border=,flags=9,maximumSize=,minimumSize=,preferredSize=]
2024-01-12 10:42:03,847 [INFO] ADCParametersView:116 -                Rank 1 : true
2024-01-12 10:42:03,851 [INFO] ADCParametersView:116 -                Rank 1 : true
2024-01-12 10:42:03,851 [INFO] ADCParametersView:116 -                Rank 1 : true
2024-01-12 10:42:03,851 [INFO] ADCParametersView:116 -                Rank 1 : true
2024-01-12 10:42:03,852 [INFO] ADCParametersView:116 -                Rank 1 : true
2024-01-12 10:42:03,852 [INFO] ADCParametersView:116 -                Rank 1 : true
2024-01-12 10:42:03,852 [INFO] ADCParametersView:116 -                Rank 1 : true
2024-01-12 10:42:03,852 [INFO] ADCParametersView:116 -                Rank 1 : true
2024-01-12 10:42:03,852 [INFO] ADCParametersView:116 -                Rank 1 : true
2024-01-12 10:42:03,852 [INFO] ADCParametersView:116 -                Rank 1 : true
2024-01-12 10:42:03,852 [INFO] ADCParametersView:116 -                Rank 1 : true
2024-01-12 10:42:03,853 [INFO] ADCParametersView:116 -                Rank 1 : true
2024-01-12 10:42:03,853 [INFO] ADCParametersView:116 -                Rank 1 : true
2024-01-12 10:42:03,853 [INFO] ADCParametersView:116 -                Rank 1 : true
2024-01-12 10:42:03,876 [INFO] ADCParametersView:116 -                Rank 1 : true
2024-01-12 10:42:46,316 [INFO] UtilMem:75 - End SaveConfig() Used Memory: 535472808 Bytes (618659840)
2024-01-12 10:42:47,673 [INFO] UtilMem:75 - End SaveConfig() Used Memory: 552499712 Bytes (618659840)
2024-01-12 10:42:53,695 [INFO] UtilMem:75 - End SaveConfig() Used Memory: 272575464 Bytes (618659840)
2024-01-12 10:42:54,224 [INFO] BlockDiagram:2759 - set Specific Code input for plugin: NVIC
2024-01-12 10:42:54,224 [INFO] BlockDiagram:2759 - set Specific Code input for plugin: USART
2024-01-12 10:42:54,224 [INFO] BlockDiagram:2759 - set Specific Code input for plugin: DMA
2024-01-12 10:42:54,224 [INFO] BlockDiagram:2759 - set Specific Code input for plugin: TIM1_8
2024-01-12 10:42:54,225 [INFO] BlockDiagram:2759 - set Specific Code input for plugin: SYS
2024-01-12 10:42:54,225 [INFO] BlockDiagram:2759 - set Specific Code input for plugin: GPIO
2024-01-12 10:42:54,225 [INFO] BlockDiagram:2759 - set Specific Code input for plugin: ADC
2024-01-12 10:42:54,225 [INFO] BlockDiagram:2759 - set Specific Code input for plugin: RCC
2024-01-12 10:42:54,226 [INFO] CodeGenerator:807 - code generatio: config db path: C:\ST\STM32CubeIDE_1.14.0\STM32CubeIDE\plugins\com.st.stm32cube.common.mx_6.10.0.202311202037\\db\
2024-01-12 10:42:54,480 [INFO] CodeEngine:255 - oldGeneratedFile, C:\Users\npedu-203-19\STM32CubeIDE\workspace_1.14.0\detectColor\MXTmpFiles\license.tmp_save
2024-01-12 10:42:54,886 [INFO] CodeEngine:279 - Generated code: C:\Users\npedu-203-19\STM32CubeIDE\workspace_1.14.0\detectColor\MXTmpFiles\license.tmp
2024-01-12 10:42:54,966 [INFO] CodeEngine:255 - oldGeneratedFile, C:\Users\npedu-203-19\STM32CubeIDE\workspace_1.14.0\detectColor\MXTmpFiles\gpio.tmp_save
2024-01-12 10:42:55,158 [INFO] CodeEngine:279 - Generated code: C:\Users\npedu-203-19\STM32CubeIDE\workspace_1.14.0\detectColor\MXTmpFiles\gpio.tmp
2024-01-12 10:42:55,394 [INFO] CodeEngine:255 - oldGeneratedFile, C:\Users\npedu-203-19\STM32CubeIDE\workspace_1.14.0\detectColor\MXTmpFiles\dma.tmp_save
2024-01-12 10:42:55,508 [INFO] CodeEngine:279 - Generated code: C:\Users\npedu-203-19\STM32CubeIDE\workspace_1.14.0\detectColor\MXTmpFiles\dma.tmp
2024-01-12 10:42:55,517 [INFO] CodeEngine:255 - oldGeneratedFile, C:\Users\npedu-203-19\STM32CubeIDE\workspace_1.14.0\detectColor\MXTmpFiles\dma_GV.tmp_save
2024-01-12 10:42:55,591 [INFO] CodeEngine:279 - Generated code: C:\Users\npedu-203-19\STM32CubeIDE\workspace_1.14.0\detectColor\MXTmpFiles\dma_GV.tmp
2024-01-12 10:42:55,622 [INFO] CodeEngine:255 - oldGeneratedFile, C:\Users\npedu-203-19\STM32CubeIDE\workspace_1.14.0\detectColor\Core\Src\stm32f4xx_it.c_save
2024-01-12 10:42:55,763 [INFO] CodeEngine:279 - Generated code: C:\Users\npedu-203-19\STM32CubeIDE\workspace_1.14.0\detectColor\Core\Src\stm32f4xx_it.c
2024-01-12 10:42:55,793 [INFO] CodeEngine:255 - oldGeneratedFile, C:\Users\npedu-203-19\STM32CubeIDE\workspace_1.14.0\detectColor\Core\Inc\stm32f4xx_it.h_save
2024-01-12 10:42:55,888 [INFO] CodeEngine:279 - Generated code: C:\Users\npedu-203-19\STM32CubeIDE\workspace_1.14.0\detectColor\Core\Inc\stm32f4xx_it.h
2024-01-12 10:42:55,925 [INFO] CodeEngine:255 - oldGeneratedFile, C:\Users\npedu-203-19\STM32CubeIDE\workspace_1.14.0\detectColor\Core\Src\stm32f4xx_hal_msp.c_save
2024-01-12 10:42:56,123 [INFO] CodeEngine:279 - Generated code: C:\Users\npedu-203-19\STM32CubeIDE\workspace_1.14.0\detectColor\Core\Src\stm32f4xx_hal_msp.c
2024-01-12 10:42:56,135 [INFO] CodeEngine:255 - oldGeneratedFile, C:\Users\npedu-203-19\STM32CubeIDE\workspace_1.14.0\detectColor\MXTmpFiles\system.tmp_save
2024-01-12 10:42:56,202 [INFO] CodeEngine:279 - Generated code: C:\Users\npedu-203-19\STM32CubeIDE\workspace_1.14.0\detectColor\MXTmpFiles\system.tmp
2024-01-12 10:42:56,225 [INFO] CodeEngine:311 - oldGeneratedFile, C:\Users\npedu-203-19\STM32CubeIDE\workspace_1.14.0\detectColor\Core\Inc\stm32f4xx_hal_conf.h_save
2024-01-12 10:42:56,322 [INFO] CodeEngine:335 - Generated code: C:\Users\npedu-203-19\STM32CubeIDE\workspace_1.14.0\detectColor\Core\Inc\stm32f4xx_hal_conf.h
2024-01-12 10:42:56,365 [WARN] IPConfigManager:3440 - IP not found : TIM
2024-01-12 10:42:56,367 [WARN] CodeGenerator:3939 - IP not found : null
2024-01-12 10:42:56,394 [INFO] CodeEngine:255 - oldGeneratedFile, C:\Users\npedu-203-19\STM32CubeIDE\workspace_1.14.0\detectColor\Core\Inc\main.h_save
2024-01-12 10:42:56,489 [INFO] CodeEngine:279 - Generated code: C:\Users\npedu-203-19\STM32CubeIDE\workspace_1.14.0\detectColor\Core\Inc\main.h
2024-01-12 10:42:56,509 [INFO] CodeEngine:255 - oldGeneratedFile, C:\Users\npedu-203-19\STM32CubeIDE\workspace_1.14.0\detectColor\Core\Src\main.c_save
2024-01-12 10:42:56,741 [INFO] CodeEngine:279 - Generated code: C:\Users\npedu-203-19\STM32CubeIDE\workspace_1.14.0\detectColor\Core\Src\main.c
2024-01-12 10:42:57,249 [INFO] ProjectBuilder:3076 - Time for Copy HAL[1] : 163mS.
2024-01-12 10:42:57,254 [INFO] ProjectBuilder:4485 - Project Generator version: 4.2.0-B44
2024-01-12 10:42:57,521 [INFO] ConfigFileManager:1495 - The Die is : DIE431
2024-01-12 10:42:57,536 [INFO] ApiDbMcu:508 - Load IP Config File for FATFS
2024-01-12 10:42:57,548 [INFO] ApiDbMcu:508 - Load IP Config File for FREERTOS
2024-01-12 10:42:57,558 [INFO] ApiDbMcu:508 - Load IP Config File for LIBJPEG
2024-01-12 10:42:57,571 [INFO] ApiDbMcu:508 - Load IP Config File for MBEDTLS
2024-01-12 10:42:57,584 [INFO] ApiDbMcu:508 - Load IP Config File for USB_DEVICE
2024-01-12 10:42:57,596 [INFO] ApiDbMcu:508 - Load IP Config File for USB_HOST
2024-01-12 10:42:58,480 [INFO] LogOutputStream:77 - [STDOUT_REDIRECT] 
2024-01-12 10:42:59,903 [INFO] ProjectBuilder:4747 - Time for Generating toolchain IDE Files: 2649mS.
2024-01-12 10:42:59,904 [INFO] ProjectBuilder:2947 - Time for Copy CMSIS : 0mS.
2024-01-12 10:42:59,906 [INFO] ProjectBuilder:2947 - Time for Copy CMSIS : 0mS.
2024-01-12 12:07:54,333 [INFO] MainUpdater:2873 - connection check result : 10
2024-01-12 12:07:54,536 [INFO] ApiDb:668 - CubeFinder database Data Model version=2.1
2024-01-12 12:07:54,536 [INFO] ApiDb:669 - CubeFinder database Configuration version=3.0.39
2024-01-12 12:07:54,537 [INFO] ApiDb:670 - CubeFinder database generation date=2023-12-08 (1702028721)
2024-01-12 12:07:54,537 [INFO] ApiDb:671 - CubeFinder database FW Pack versions=[FP-ATR-ASTRA1_V2.0.0, FP-SNS-FLIGHT1_V5.0.1, FP-SNS-FLIGHT1_V5.0.2, FP-SNS-MOTENV1_V4.3.1, FP-SNS-MOTENV1_V4.3.2, FP-SNS-MOTENVWB1_V1.3.1, FP-SNS-SMARTAG2_V1.2.0, STM32Cube_FW_C0_V1.1.0, STM32Cube_FW_F4_V1.28.0, STM32Cube_FW_F7_V1.17.0, STM32Cube_FW_G0_V1.6.1, STM32Cube_FW_G4_V1.5.1, STM32Cube_FW_H5_V0.5.1, STM32Cube_FW_H5_V1.1.1, STM32Cube_FW_H5_V1.2.0RC2, STM32Cube_FW_H7_V1.11.0, STM32Cube_FW_L0_V1.12.2, STM32Cube_FW_L5_V1.5.0, STM32Cube_FW_U5_V1.3.0RC4, STM32Cube_FW_U5_V1.4.0, STM32Cube_FW_WBA_V1.0.0RC1, STM32Cube_FW_WBA_V1.1.0RC1, STM32Cube_FW_WBA_V1.2.0, STM32Cube_FW_WBA_V1.2.0RC2, STM32Cube_FW_WB_V1.15.0RC1, STM32Cube_FW_WB_V1.16.0, STM32Cube_FW_WB_V1.16.0RC2, STM32Cube_FW_WB_V1.18.0, STM32Cube_FW_WL_V1.3.0, X-CUBE-ALGOBUILD_V1.3.0, X-CUBE-ALS_V1.0.1, X-CUBE-AZRTOS-F4_V1.1.0, X-CUBE-AZRTOS-F7_V1.1.0, X-CUBE-AZRTOS-G0_V1.1.0, X-CUBE-AZRTOS-G4_V2.0.0, X-CUBE-AZRTOS-H7_V3.1.0, X-CUBE-AZRTOS-L4_V1.0.0, X-CUBE-AZRTOS-L4_V2.0.0, X-CUBE-AZRTOS-L5_V1.1.0, X-CUBE-AZRTOS-WB_V2.0.0, X-CUBE-AZRTOS-WL_V2.0.0, X-CUBE-BLE1_V7.0.0, X-CUBE-BLE2_V3.3.0, X-CUBE-BLEMGR_V3.0.0, X-CUBE-EEPRMA1_V4.1.0, X-CUBE-EEPRMA1_V4.2.0, X-CUBE-FREERTOS_V1.1.0, X-CUBE-GNSS1_V6.0.0, X-CUBE-MEMS1_V10.0.0, X-CUBE-MEMS1_V9.1.0, X-CUBE-MEMS1_V9.4.0, X-CUBE-MEMS1_V9.6.0, X-CUBE-NFC4_V3.0.0, X-CUBE-NFC7_V1.0.1, X-CUBE-SFXS2LP1_V4.0.0, X-CUBE-SUBG2_V5.0.0, X-CUBE-TOF1_V3.4.0]
2024-01-12 12:07:54,631 [INFO] DbBoardsSqlite:226 - include board P-NUCLEO-WB55-NUCLEO as a kit item of type 'Nucleo-64'
2024-01-12 12:07:54,631 [INFO] DbBoardsSqlite:226 - include board P-NUCLEO-WB55-USBDONGLE as a kit item of type 'Nucleo USB Dongle'
2024-01-12 12:07:54,632 [INFO] DbBoardsSqlite:226 - include board STEVAL-IDP005V1 as a kit item of type 'Evaluation Board'
2024-01-12 12:07:54,632 [INFO] DbBoardsSqlite:226 - include board STEVAL-IDP005V2 as a kit item of type 'Evaluation Board'
2024-01-12 12:07:54,701 [INFO] ApiDb:240 - Found 371 in-development CPN: [B-G473E-ZEST1S, B-WB1M-WPAN1, B-WL5M-SUBG1, NUCLEO-C031C6, NUCLEO-H503RB, NUCLEO-H563ZI, NUCLEO-U545RE-Q, NUCLEO-U5A5ZJ-Q, NUCLEO-WBA52CG, NUCLEO-WBA55CG, STEVAL-MKBOXPRO, STEVAL-PROTEUS1, STEVAL-STWINBX1, STM320518-EVAL, STM32C0116-DK, STM32C011D6Y3TR, STM32C011D6Y6TR, STM32C011F4P3, STM32C011F4P6, STM32C011F4U3, STM32C011F4U6TR, STM32C011F6P3, STM32C011F6P6, STM32C011F6U3, STM32C011F6U6TR, STM32C011J4M3, STM32C011J4M6, STM32C011J6M3, STM32C011J6M6, STM32C0316-DK, STM32C031C4T3, STM32C031C4T6, STM32C031C4U3, STM32C031C4U6, STM32C031C6T3, STM32C031C6T6, STM32C031C6U3, STM32C031C6U6, STM32C031F4P3, STM32C031F4P6, STM32C031F6P3, STM32C031F6P6, STM32C031G4U3, STM32C031G4U6, STM32C031G6U3, STM32C031G6U6, STM32C031K4T3, STM32C031K4T6, STM32C031K4U3, STM32C031K4U6, STM32C031K6T3, STM32C031K6T6, STM32C031K6U3, STM32C031K6U6, STM32G071K8TXN, STM32G071K8UXN, STM32G081GBU6N, STM32G081KBT6N, STM32G081KBUXN, STM32G0B1CCT6N, STM32G0B1KCT6, STM32G0B1NEY6TR, STM32G0B1RCT6N, STM32G0C1CCT6, STM32G0C1CCT6N, STM32G0C1CCU6N, STM32G0C1CET6N, STM32G0C1CEU6N, STM32G0C1KCT6, STM32G0C1NEY6TR, STM32G0C1RCI6N, STM32G0C1RCT6N, STM32G0C1REI6N, STM32G0C1RET6N, STM32G0C1VCI6, STM32G0C1VEI6, STM32G471CCT6, STM32G471CCU6, STM32G471CET3, STM32G471CET6, STM32G471CEU3, STM32G471CEU6, STM32G471MCT6, STM32G471MET3, STM32G471MET6, STM32G471MEY6TR, STM32G471QCT6, STM32G471QET3, STM32G471RCT6, STM32G471RET3, STM32G471RET6, STM32G471VCH6, STM32G471VCI6, STM32G471VCT6, STM32G471VEH3, STM32G471VEH6, STM32G471VEI3, STM32G471VEI6, STM32G471VET3, STM32G471VET6, STM32G474CCT6, STM32H503CBT6, STM32H503CBU6, STM32H503EBY6TR, STM32H503KBU6, STM32H503RBT6, STM32H562AGI6, STM32H562AII6, STM32H562IGK6, STM32H562IGT6, STM32H562IIK6, STM32H562IIT6, STM32H562RGT6, STM32H562RGV6, STM32H562RIT6, STM32H562RIV6, STM32H562VGT6, STM32H562VIT6, STM32H562ZGT6, STM32H562ZIT6, STM32H563AGI6, STM32H563AII3Q, STM32H563AII6, STM32H563IGK6, STM32H563IGT6, STM32H563IIK3Q, STM32H563IIK6, STM32H563IIT3Q, STM32H563IIT6, STM32H563MIY3QTR, STM32H563RGT6, STM32H563RGV6, STM32H563RIT6, STM32H563RIV6, STM32H563VGT6, STM32H563VIT3Q, STM32H563VIT6, STM32H563ZGT6, STM32H563ZIT3Q, STM32H563ZIT6, STM32H573AII3Q, STM32H573AII6, STM32H573I-DK, STM32H573IIK3Q, STM32H573IIK6, STM32H573IIT3Q, STM32H573IIT6, STM32H573MIY3QTR, STM32H573RIT6, STM32H573RIV6, STM32H573VIT3Q, STM32H573VIT6, STM32H573ZIT3Q, STM32H573ZIT6, STM32L4R5QGI6STR, STM32MP131AAE3, STM32MP131AAF3, STM32MP131AAG3, STM32MP131CAE3, STM32MP131CAF3, STM32MP131CAG3, STM32MP131DAE7, STM32MP131DAF7, STM32MP131DAG7, STM32MP131FAE7, STM32MP131FAF7, STM32MP131FAG7, STM32MP133AAE3, STM32MP133AAF3, STM32MP133AAG3, STM32MP133CAE3, STM32MP133CAF3, STM32MP133CAG3, STM32MP133DAE7, STM32MP133DAF7, STM32MP133DAG7, STM32MP133FAE7, STM32MP133FAF7, STM32MP133FAG7, STM32MP135AAE3, STM32MP135AAF3, STM32MP135AAG3, STM32MP135CAE3, STM32MP135CAF3, STM32MP135CAG3, STM32MP135DAE7, STM32MP135DAF7, STM32MP135DAG7, STM32MP135F-DK, STM32MP135FAE7, STM32MP135FAF7, STM32MP135FAF7T, STM32MP135FAF7U, STM32MP135FAG7, STM32U535CBT6, STM32U535CBT6Q, STM32U535CBU6, STM32U535CBU6Q, STM32U535CCT6, STM32U535CCT6Q, STM32U535CCU6, STM32U535CCU6Q, STM32U535CET6, STM32U535CET6Q, STM32U535CEU6, STM32U535CEU6Q, STM32U535JEY6QTR, STM32U535NCY6QTR, STM32U535NEY6QTR, STM32U535RBI6, STM32U535RBI6Q, STM32U535RBT6, STM32U535RBT6Q, STM32U535RCI6, STM32U535RCI6Q, STM32U535RCT6, STM32U535RCT6Q, STM32U535REI6, STM32U535REI6Q, STM32U535RET6, STM32U535RET6Q, STM32U535VCI6, STM32U535VCI6Q, STM32U535VCT6, STM32U535VCT6Q, STM32U535VEI6, STM32U535VEI6Q, STM32U535VET6, STM32U535VET6Q, STM32U545CET6, STM32U545CET6Q, STM32U545CEU6, STM32U545CEU6Q, STM32U545JEY6QTR, STM32U545NEY6QTR, STM32U545REI6, STM32U545REI6Q, STM32U545RET6, STM32U545RET6Q, STM32U545VEI6, STM32U545VEI6Q, STM32U545VET6, STM32U545VET6Q, STM32U595AIH6, STM32U595AIH6Q, STM32U595AJH6, STM32U595AJH6Q, STM32U595QII6, STM32U595QII6Q, STM32U595QJI6, STM32U595QJI6Q, STM32U595RIT6, STM32U595RIT6Q, STM32U595RJT6, STM32U595RJT6Q, STM32U595VIT6, STM32U595VIT6Q, STM32U595VJT6, STM32U595VJT6Q, STM32U595ZIT6, STM32U595ZIT6Q, STM32U595ZIY6QTR, STM32U595ZJT6, STM32U595ZJT6Q, STM32U595ZJY6QTR, STM32U599BJY6QTR, STM32U599NIH6Q, STM32U599NJH6Q, STM32U599VIT6Q, STM32U599VJT6, STM32U599VJT6Q, STM32U599ZIT6Q, STM32U599ZIY6QTR, STM32U599ZJT6Q, STM32U599ZJY6QTR, STM32U5A5AJH6, STM32U5A5AJH6Q, STM32U5A5QJI6, STM32U5A5QJI6Q, STM32U5A5RJT6, STM32U5A5RJT6Q, STM32U5A5VJT6, STM32U5A5VJT6Q, STM32U5A5ZJT6, STM32U5A5ZJT6Q, STM32U5A5ZJY6QTR, STM32U5A9BJY6QTR, STM32U5A9J-DK, STM32U5A9NJH6Q, STM32U5A9VJT6Q, STM32U5A9ZJT6Q, STM32U5A9ZJY6QTR, STM32U5F7VIT6, STM32U5F7VIT6Q, STM32U5F7VJT6, STM32U5F7VJT6Q, STM32U5F9BJY6QTR, STM32U5F9NJH6Q, STM32U5F9VIT6Q, STM32U5F9VJT6Q, STM32U5F9ZIJ6QTR, STM32U5F9ZIT6Q, STM32U5F9ZJJ6QTR, STM32U5F9ZJT6Q, STM32U5G7VJT6, STM32U5G7VJT6Q, STM32U5G9BJY6QTR, STM32U5G9J-DK1, STM32U5G9J-DK2, STM32U5G9NJH6Q, STM32U5G9VJT6Q, STM32U5G9ZJJ6QTR, STM32U5G9ZJT6Q, STM32WB1MMCH6, STM32WBA50KEU6, STM32WBA50KEU6TR, STM32WBA50KGU6, STM32WBA50KGU6TR, STM32WBA52CEU6, STM32WBA52CEU6TR, STM32WBA52CEU7, STM32WBA52CEU7TR, STM32WBA52CGU6, STM32WBA52CGU6TR, STM32WBA52CGU6U, STM32WBA52CGU7, STM32WBA52CGU7TR, STM32WBA52KEU6, STM32WBA52KEU6TR, STM32WBA52KGU6, STM32WBA52KGU6TR, STM32WBA54CEU6, STM32WBA54CEU6TR, STM32WBA54CEU7, STM32WBA54CEU7TR, STM32WBA54CGU6, STM32WBA54CGU6TR, STM32WBA54CGU7, STM32WBA54CGU7TR, STM32WBA54KEU6, STM32WBA54KEU6TR, STM32WBA54KEU7, STM32WBA54KEU7TR, STM32WBA54KGU6, STM32WBA54KGU6TR, STM32WBA54KGU7, STM32WBA54KGU7TR, STM32WBA55CEU6, STM32WBA55CEU6TR, STM32WBA55CEU7, STM32WBA55CEU7TR, STM32WBA55CGU6, STM32WBA55CGU6TR, STM32WBA55CGU6U, STM32WBA55CGU7, STM32WBA55CGU7TR, STM32WBA55G-DK1, STM32WBA55HEF6, STM32WBA55HEF7, STM32WBA55HGF6, STM32WBA55HGF7, STM32WBA55UEI6, STM32WBA55UEI6TR, STM32WBA55UEI7, STM32WBA55UEI7TR, STM32WBA55UGI6, STM32WBA55UGI6TR, STM32WBA55UGI7, STM32WBA55UGI7TR, STM32WL5MOCH6, STM32WL5MOCH6TR]
2024-01-12 12:07:54,811 [INFO] BoardInfo:889 - No configuration file found for board P-NUCLEO-WB55
2024-01-12 12:07:54,812 [INFO] DbBoards:161 - Kit is not supported: P-NUCLEO-WB55
2024-01-12 12:07:54,816 [INFO] BoardInfo:889 - No configuration file found for board STEVAL-BFA001V1B
2024-01-12 12:07:54,816 [INFO] DbBoards:161 - Kit is not supported: STEVAL-BFA001V1B
2024-01-12 12:07:54,818 [INFO] BoardInfo:889 - No configuration file found for board STEVAL-BFA001V2B
2024-01-12 12:07:54,818 [INFO] DbBoards:161 - Kit is not supported: STEVAL-BFA001V2B
2024-01-12 12:07:54,935 [INFO] DbBoards:168 - Found 193 boards, 190 are supported
2024-01-12 12:07:54,936 [INFO] DbBoards:169 - Found 193 boards, 3 of them is supported for  Bsp
2024-01-12 12:07:54,939 [INFO] ApiDb:423 - Load user favorites file C:\Users\npedu-203-19/.stm32cubeide/favorites.boards.txt: 0 item(s)
2024-01-12 12:07:54,939 [INFO] ApiDb:427 - User favorites Boards=[]
2024-01-12 12:07:54,939 [INFO] DbBoards:198 - Set 0 / 0 favorites Boards
2024-01-12 12:07:54,939 [INFO] McuFinderGlobals:76 - Set McuFinderConnectedMode to true
2024-01-12 12:07:54,947 [INFO] MultiScanPanel:200 - Auto-refresh data requested => check proxy status ongoing
2024-01-12 12:07:54,950 [INFO] FinderPluginLoader:95 - Searching for filters in installed packs
2024-01-12 12:07:56,243 [INFO] LoadUrlFilesThread:185 - End of LoadServerUrlFiles without Thread
2024-01-12 12:07:56,265 [INFO] DetailPanel:341 - Set advertising image to C:/Users/npedu-203-19/STM32Cube/Repository/\en.prom-stm32wl3-mcu-finder.jpg
2024-01-12 12:08:41,401 [INFO] MainUpdater:2873 - connection check result : 10
2024-01-12 12:08:41,401 [INFO] MainUpdater:2873 - connection check result : 10
2024-01-12 12:08:41,463 [INFO] MicroXplorer:468 - Change Database Path : 
2024-01-12 12:08:41,463 [INFO] MicroXplorer:498 - Change Database Version : DB.6.0.100
2024-01-12 12:08:41,478 [ERROR] ProjectManagerView:394 - 
java.lang.NullPointerException: Cannot invoke "javax.swing.JTextField.getText()" because the return value of "java.util.List.get(int)" is null
	at com.st.microxplorer.plugins.projectmanager.gui.ProjectChoiceTab$10.caretUpdate(ProjectChoiceTab.java:2493) ~[filemanager.jar:?]
	at javax.swing.text.JTextComponent.fireCaretUpdate(JTextComponent.java:412) ~[?:?]
	at javax.swing.text.JTextComponent$MutableCaretEvent.fire(JTextComponent.java:4491) ~[?:?]
	at javax.swing.text.JTextComponent$MutableCaretEvent.stateChanged(JTextComponent.java:4513) ~[?:?]
	at javax.swing.text.DefaultCaret.fireStateChanged(DefaultCaret.java:842) ~[?:?]
	at javax.swing.text.DefaultCaret.changeCaretPosition(DefaultCaret.java:1313) ~[?:?]
	at javax.swing.text.DefaultCaret.handleSetDot(DefaultCaret.java:1212) ~[?:?]
	at javax.swing.text.DefaultCaret.setDot(DefaultCaret.java:1193) ~[?:?]
	at javax.swing.text.DefaultCaret$Handler.insertUpdate(DefaultCaret.java:1789) ~[?:?]
	at javax.swing.text.AbstractDocument.fireInsertUpdate(AbstractDocument.java:226) ~[?:?]
	at javax.swing.text.AbstractDocument.handleInsertString(AbstractDocument.java:780) ~[?:?]
	at javax.swing.text.AbstractDocument.insertString(AbstractDocument.java:739) ~[?:?]
	at javax.swing.text.PlainDocument.insertString(PlainDocument.java:131) ~[?:?]
	at javax.swing.text.AbstractDocument.replace(AbstractDocument.java:698) ~[?:?]
	at javax.swing.text.JTextComponent.setText(JTextComponent.java:1729) ~[?:?]
	at com.st.microxplorer.plugins.projectmanager.gui.ProjectChoiceTab.createHeapStackFields(ProjectChoiceTab.java:933) ~[filemanager.jar:?]
	at com.st.microxplorer.plugins.projectmanager.gui.ProjectChoiceTab.buildLinkSettingsPanel(ProjectChoiceTab.java:3426) ~[filemanager.jar:?]
	at com.st.microxplorer.plugins.projectmanager.gui.ProjectChoiceTab.defineWindowsFields(ProjectChoiceTab.java:1813) ~[filemanager.jar:?]
	at com.st.microxplorer.plugins.projectmanager.gui.ProjectChoiceTab.updateSettings(ProjectChoiceTab.java:533) ~[filemanager.jar:?]
	at com.st.microxplorer.plugins.projectmanager.gui.ProjectSettingsPanel.UpdateDialog(ProjectSettingsPanel.java:244) ~[filemanager.jar:?]
	at com.st.microxplorer.plugins.projectmanager.ProjectManagerView.propertyChange(ProjectManagerView.java:391) ~[filemanager.jar:?]
	at java.beans.PropertyChangeSupport.fire(PropertyChangeSupport.java:343) ~[?:?]
	at java.beans.PropertyChangeSupport.firePropertyChange(PropertyChangeSupport.java:335) ~[?:?]
	at java.beans.PropertyChangeSupport.firePropertyChange(PropertyChangeSupport.java:268) ~[?:?]
	at com.st.microxplorer.util.MXPropertyChangeSupport.firePropertyChange(MXPropertyChangeSupport.java:54) ~[STM32CubeMX.jar:?]
	at com.st.microxplorer.mxsystem.MxSystem.closeConfig(MxSystem.java:900) ~[STM32CubeMX.jar:?]
	at com.st.microxplorer.maingui.MainPanel.closeConfig(MainPanel.java:776) ~[STM32CubeMX.jar:?]
	at com.st.microxplorer.plugins.filemanager.engine.OpenFileManager.loadConfigurationFile(OpenFileManager.java:245) ~[filemanager.jar:?]
	at com.st.microxplorer.plugins.filemanager.engine.MainFileManager.userLoadConfig(MainFileManager.java:290) ~[filemanager.jar:?]
	at com.st.microxplorer.plugins.filemanager.FileManagerView.getSpecificTask(FileManagerView.java:247) ~[filemanager.jar:?]
	at com.st.stm32cube.common.mx.editor.CubeMxEditor.getMxTabbedPaneInstance(CubeMxEditor.java:1184) ~[com.st.stm32cube.common.mx_6.10.0.202311202037/:?]
	at com.st.stm32cube.common.mx.editor.CubeMxEditor$12$1.createSwingComponent(CubeMxEditor.java:1065) ~[com.st.stm32cube.common.mx_6.10.0.202311202037/:?]
	at com.st.stm32cube.common.mx.oss.core.awtswtbridge.EmbeddedSwingComposite.doComponentCreation(EmbeddedSwingComposite.java:492) ~[com.st.stm32cube.common.mx.oss_6.10.0.202311202037/:?]
	at com.st.stm32cube.common.mx.oss.core.awtswtbridge.EmbeddedSwingComposite$4.run(EmbeddedSwingComposite.java:291) ~[com.st.stm32cube.common.mx.oss_6.10.0.202311202037/:?]
	at com.st.stm32cube.common.mx.oss.core.awtswtbridge.AwtEnvironment$2.run(AwtEnvironment.java:166) ~[com.st.stm32cube.common.mx.oss_6.10.0.202311202037/:?]
	at java.awt.event.InvocationEvent.dispatch(InvocationEvent.java:318) ~[?:?]
	at java.awt.EventQueue.dispatchEventImpl(EventQueue.java:773) ~[?:?]
	at java.awt.EventQueue$4.run(EventQueue.java:720) ~[?:?]
	at java.awt.EventQueue$4.run(EventQueue.java:714) ~[?:?]
	at java.security.AccessController.doPrivileged(AccessController.java:399) ~[?:?]
	at java.security.ProtectionDomain$JavaSecurityAccessImpl.doIntersectionPrivilege(ProtectionDomain.java:86) ~[?:?]
	at java.awt.EventQueue.dispatchEvent(EventQueue.java:742) ~[?:?]
	at java.awt.EventDispatchThread.pumpOneEventForFilters(EventDispatchThread.java:203) ~[?:?]
	at java.awt.EventDispatchThread.pumpEventsForFilter(EventDispatchThread.java:124) ~[?:?]
	at java.awt.EventDispatchThread.pumpEventsForHierarchy(EventDispatchThread.java:113) ~[?:?]
	at java.awt.EventDispatchThread.pumpEvents(EventDispatchThread.java:109) ~[?:?]
	at java.awt.EventDispatchThread.pumpEvents(EventDispatchThread.java:101) ~[?:?]
	at java.awt.EventDispatchThread.run(EventDispatchThread.java:90) ~[?:?]
2024-01-12 12:08:41,486 [WARN] ThirdParty:871 - waiting for thirdparty lock release [close project]
2024-01-12 12:08:41,486 [INFO] ThirdParty:873 - entering critical section [close project]
2024-01-12 12:08:41,487 [INFO] ThirdParty:883 - exiting critical section [close project]
2024-01-12 12:08:41,488 [INFO] PinOutPanel:1499 - setPackage(No Configuration,No Configuration)
2024-01-12 12:08:41,495 [WARN] IpParametersView:151 - Warning: This peripheral hasn't parameters
2024-01-12 12:08:41,499 [WARN] MainPanel:272 - <html><b><center>Warning: This peripheral has no parameters to be configured<br></b></html>
2024-01-12 12:08:41,505 [INFO] UtilMem:75 - Begin LoadConfig() Used Memory: 570083536 Bytes (811597824)
2024-01-12 12:08:41,506 [INFO] MicroXplorer:468 - Change Database Path : 
2024-01-12 12:08:41,506 [INFO] MicroXplorer:498 - Change Database Version : DB.6.0.100
2024-01-12 12:08:41,506 [INFO] OpenFileManager:312 - Change cursor
2024-01-12 12:08:41,534 [INFO] RulesReader:64 - Compatibility file has been processed (297 Rules)
2024-01-12 12:08:41,553 [INFO] Mcu:2016 - Initializing MCU STM32F411RETx STM32F411RETx STM32F411RET6
2024-01-12 12:08:42,674 [INFO] Context:659 - Trying to add GPIOservice into a context  which must be forbidden
2024-01-12 12:08:43,099 [INFO] ImportTextPane:194 - (OptionalMessage_ERROR) Unable to find key (Mcu.ThirdPartyNb) in loaded IOC file
2024-01-12 12:08:43,100 [INFO] ImportTextPane:194 - (OptionalMessage_ERROR) Unable to find key (Mcu.PinsNb) in loaded IOC file
2024-01-12 12:08:43,100 [INFO] ImportTextPane:194 - (OptionalMessage_ERROR) Unable to find key (Mcu.IPNb) in loaded IOC file
2024-01-12 12:08:43,115 [INFO] RtosManager:555 - Registered RTOS mode: class=CMSIS, group=RTOS, mode=CMSIS_V1, owner=FREERTOS
2024-01-12 12:08:43,116 [INFO] RtosManager:555 - Registered RTOS mode: class=CMSIS, group=RTOS2, mode=CMSIS_V2, owner=FREERTOS
2024-01-12 12:08:43,116 [INFO] RtosManager:555 - Registered RTOS mode: class=RTOS, group=Core, mode=CMSIS_V1, owner=FREERTOS
2024-01-12 12:08:43,116 [INFO] RtosManager:555 - Registered RTOS mode: class=RTOS, group=Core, mode=CMSIS_V2, owner=FREERTOS
2024-01-12 12:08:43,116 [WARN] ModelIntegratedComponent:184 - Missing modes for component STMicroelectronics:FreeRTOS:0.0.1:STMicroelectronics:RTOS:FreeRTOS:Core:::10.2.0:
2024-01-12 12:08:43,116 [WARN] ModelIntegratedComponent:182 - Modes not found for component STMicroelectronics:USB_DEVICE:1.0.0:STMicroelectronics:USB::USB Device:Audio HS::1.0:USB_DEVICE_1_0_RESTRICTED_HS
2024-01-12 12:08:43,116 [WARN] ModelIntegratedComponent:188 - Modes not found for component STMicroelectronics:USB_DEVICE:1.0.0:STMicroelectronics:USB::USB Device:Audio HS::1.0:USB_DEVICE_1_0_RESTRICTED_HS
2024-01-12 12:08:43,116 [WARN] ModelIntegratedComponent:182 - Modes not found for component STMicroelectronics:USB_DEVICE:1.0.0:STMicroelectronics:USB::USB Device:CDC HS::1.0:USB_DEVICE_1_0_RESTRICTED_HS
2024-01-12 12:08:43,116 [WARN] ModelIntegratedComponent:188 - Modes not found for component STMicroelectronics:USB_DEVICE:1.0.0:STMicroelectronics:USB::USB Device:CDC HS::1.0:USB_DEVICE_1_0_RESTRICTED_HS
2024-01-12 12:08:43,116 [WARN] ModelIntegratedComponent:182 - Modes not found for component STMicroelectronics:USB_DEVICE:1.0.0:STMicroelectronics:USB::USB Device:DFU HS::1.0:USB_DEVICE_1_0_RESTRICTED_HS
2024-01-12 12:08:43,116 [WARN] ModelIntegratedComponent:188 - Modes not found for component STMicroelectronics:USB_DEVICE:1.0.0:STMicroelectronics:USB::USB Device:DFU HS::1.0:USB_DEVICE_1_0_RESTRICTED_HS
2024-01-12 12:08:43,117 [WARN] ModelIntegratedComponent:182 - Modes not found for component STMicroelectronics:USB_DEVICE:1.0.0:STMicroelectronics:USB::USB Device:HID HS::1.0:USB_DEVICE_1_0_RESTRICTED_HS
2024-01-12 12:08:43,117 [WARN] ModelIntegratedComponent:188 - Modes not found for component STMicroelectronics:USB_DEVICE:1.0.0:STMicroelectronics:USB::USB Device:HID HS::1.0:USB_DEVICE_1_0_RESTRICTED_HS
2024-01-12 12:08:43,117 [WARN] ModelIntegratedComponent:182 - Modes not found for component STMicroelectronics:USB_DEVICE:1.0.0:STMicroelectronics:USB::USB Device:Custom HID HS::1.0:USB_DEVICE_1_0_RESTRICTED_HS
2024-01-12 12:08:43,117 [WARN] ModelIntegratedComponent:188 - Modes not found for component STMicroelectronics:USB_DEVICE:1.0.0:STMicroelectronics:USB::USB Device:Custom HID HS::1.0:USB_DEVICE_1_0_RESTRICTED_HS
2024-01-12 12:08:43,117 [WARN] ModelIntegratedComponent:182 - Modes not found for component STMicroelectronics:USB_DEVICE:1.0.0:STMicroelectronics:USB::USB Device:MSC HS::1.0:USB_DEVICE_1_0_RESTRICTED_HS
2024-01-12 12:08:43,117 [WARN] ModelIntegratedComponent:188 - Modes not found for component STMicroelectronics:USB_DEVICE:1.0.0:STMicroelectronics:USB::USB Device:MSC HS::1.0:USB_DEVICE_1_0_RESTRICTED_HS
2024-01-12 12:08:43,117 [WARN] ModelIntegratedComponent:63 - No mode defined for component null
2024-01-12 12:08:43,117 [WARN] ModelIntegratedComponent:63 - No mode defined for component null
2024-01-12 12:08:43,117 [WARN] ModelIntegratedComponent:63 - No mode defined for component null
2024-01-12 12:08:43,117 [WARN] ModelIntegratedComponent:63 - No mode defined for component null
2024-01-12 12:08:43,117 [WARN] ModelIntegratedComponent:63 - No mode defined for component null
2024-01-12 12:08:43,117 [WARN] ModelIntegratedComponent:63 - No mode defined for component null
2024-01-12 12:08:43,117 [WARN] ModelIntegratedComponent:63 - No mode defined for component null
2024-01-12 12:08:43,117 [WARN] ModelIntegratedComponent:63 - No mode defined for component null
2024-01-12 12:08:43,117 [WARN] ModelIntegratedComponent:63 - No mode defined for component null
2024-01-12 12:08:43,117 [WARN] ModelIntegratedComponent:63 - No mode defined for component null
2024-01-12 12:08:43,117 [WARN] ModelIntegratedComponent:63 - No mode defined for component null
2024-01-12 12:08:43,117 [WARN] ModelIntegratedComponent:63 - No mode defined for component null
2024-01-12 12:08:43,118 [WARN] ModelIntegratedComponent:63 - No mode defined for component null
2024-01-12 12:08:43,118 [WARN] ModelIntegratedComponent:63 - No mode defined for component null
2024-01-12 12:08:43,118 [WARN] ModelIntegratedComponent:63 - No mode defined for component null
2024-01-12 12:08:43,118 [WARN] ModelIntegratedComponent:63 - No mode defined for component null
2024-01-12 12:08:43,118 [WARN] ModelIntegratedComponent:63 - No mode defined for component null
2024-01-12 12:08:43,118 [WARN] ModelIntegratedComponent:63 - No mode defined for component null
2024-01-12 12:08:43,118 [WARN] ModelIntegratedComponent:63 - No mode defined for component null
2024-01-12 12:08:43,118 [WARN] ModelIntegratedComponent:63 - No mode defined for component null
2024-01-12 12:08:43,118 [WARN] ModelIntegratedComponent:63 - No mode defined for component null
2024-01-12 12:08:43,118 [WARN] ModelIntegratedComponent:63 - No mode defined for component null
2024-01-12 12:08:43,118 [WARN] ModelIntegratedComponent:63 - No mode defined for component null
2024-01-12 12:08:43,118 [WARN] ModelIntegratedComponent:63 - No mode defined for component null
2024-01-12 12:08:43,118 [WARN] ModelIntegratedComponent:63 - No mode defined for component null
2024-01-12 12:08:43,118 [WARN] ModelIntegratedComponent:63 - No mode defined for component null
2024-01-12 12:08:43,118 [WARN] ModelIntegratedComponent:63 - No mode defined for component null
2024-01-12 12:08:43,118 [WARN] ModelIntegratedComponent:63 - No mode defined for component null
2024-01-12 12:08:43,118 [WARN] ModelIntegratedComponent:63 - No mode defined for component null
2024-01-12 12:08:43,118 [WARN] ModelIntegratedComponent:63 - No mode defined for component null
2024-01-12 12:08:43,118 [WARN] ModelIntegratedComponent:63 - No mode defined for component null
2024-01-12 12:08:43,118 [WARN] ModelIntegratedComponent:63 - No mode defined for component null
2024-01-12 12:08:43,118 [WARN] ModelIntegratedComponent:63 - No mode defined for component null
2024-01-12 12:08:43,120 [WARN] ModelIntegratedComponent:182 - Modes not found for component STMicroelectronics:USB_HOST:1.0.0:STMicroelectronics:USB::USB Host:Audio HS::1.0:USB_HOST_1_0_RESTRICTED_HS
2024-01-12 12:08:43,120 [WARN] ModelIntegratedComponent:188 - Modes not found for component STMicroelectronics:USB_HOST:1.0.0:STMicroelectronics:USB::USB Host:Audio HS::1.0:USB_HOST_1_0_RESTRICTED_HS
2024-01-12 12:08:43,120 [WARN] ModelIntegratedComponent:182 - Modes not found for component STMicroelectronics:USB_HOST:1.0.0:STMicroelectronics:USB::USB Host:CDC HS::1.0:USB_HOST_1_0_RESTRICTED_HS
2024-01-12 12:08:43,120 [WARN] ModelIntegratedComponent:188 - Modes not found for component STMicroelectronics:USB_HOST:1.0.0:STMicroelectronics:USB::USB Host:CDC HS::1.0:USB_HOST_1_0_RESTRICTED_HS
2024-01-12 12:08:43,120 [WARN] ModelIntegratedComponent:182 - Modes not found for component STMicroelectronics:USB_HOST:1.0.0:STMicroelectronics:USB::USB Host:MSC HS::1.0:USB_HOST_1_0_RESTRICTED_HS
2024-01-12 12:08:43,120 [WARN] ModelIntegratedComponent:188 - Modes not found for component STMicroelectronics:USB_HOST:1.0.0:STMicroelectronics:USB::USB Host:MSC HS::1.0:USB_HOST_1_0_RESTRICTED_HS
2024-01-12 12:08:43,120 [WARN] ModelIntegratedComponent:182 - Modes not found for component STMicroelectronics:USB_HOST:1.0.0:STMicroelectronics:USB::USB Host:HID HS::1.0:USB_HOST_1_0_RESTRICTED_HS
2024-01-12 12:08:43,120 [WARN] ModelIntegratedComponent:188 - Modes not found for component STMicroelectronics:USB_HOST:1.0.0:STMicroelectronics:USB::USB Host:HID HS::1.0:USB_HOST_1_0_RESTRICTED_HS
2024-01-12 12:08:43,120 [WARN] ModelIntegratedComponent:182 - Modes not found for component STMicroelectronics:USB_HOST:1.0.0:STMicroelectronics:USB::USB Host:MTP HS::1.0:USB_HOST_1_0_RESTRICTED_HS
2024-01-12 12:08:43,120 [WARN] ModelIntegratedComponent:188 - Modes not found for component STMicroelectronics:USB_HOST:1.0.0:STMicroelectronics:USB::USB Host:MTP HS::1.0:USB_HOST_1_0_RESTRICTED_HS
2024-01-12 12:08:43,121 [INFO] ThirdPartyModel:298 - Start build external matchings
2024-01-12 12:08:43,123 [INFO] ThirdPartyModel:316 - End build external matchings
2024-01-12 12:08:43,384 [INFO] UtilMem:75 - End LoadConfig() Used Memory: 275529608 Bytes (811597824)
2024-01-12 12:08:43,410 [INFO] MicroXplorer:468 - Change Database Path : 
2024-01-12 12:08:43,411 [INFO] MicroXplorer:498 - Change Database Version : DB.6.0.100
2024-01-12 12:08:43,411 [WARN] ThirdParty:833 - waiting for thirdparty lock release [change project]
2024-01-12 12:08:43,411 [INFO] ThirdParty:835 - entering critical section [change project]
2024-01-12 12:08:43,411 [INFO] ThirdParty:1030 - CMSIS Pack Vendor :STMicroelectronics USBPD 4.1
2024-01-12 12:08:43,411 [INFO] ThirdParty:1030 - CMSIS Pack Vendor :STMicroelectronics ThreadX 1.0.0
2024-01-12 12:08:43,411 [INFO] ThirdParty:1030 - CMSIS Pack Vendor :STMicroelectronics FP-SNS-MOTENV1 4.3.2
2024-01-12 12:08:43,411 [INFO] ThirdParty:1030 - CMSIS Pack Vendor :STMicroelectronics USB_HOST 2.0.0
2024-01-12 12:08:43,412 [INFO] ThirdParty:1030 - CMSIS Pack Vendor :STMicroelectronics LIBJPEG 8.0.0
2024-01-12 12:08:43,412 [INFO] ThirdParty:1030 - CMSIS Pack Vendor :STMicroelectronics FP-ATR-SIGFOX1 3.2.0
2024-01-12 12:08:43,412 [INFO] ThirdParty:1030 - CMSIS Pack Vendor :STMicroelectronics FreeRTOS 0.0.1
2024-01-12 12:08:43,412 [INFO] ThirdParty:1030 - CMSIS Pack Vendor :STMicroelectronics USB_DEVICE 1.0.0
2024-01-12 12:08:43,412 [INFO] ThirdParty:1030 - CMSIS Pack Vendor :STMicroelectronics STM32_WPAN 1.0.0
2024-01-12 12:08:43,412 [INFO] ThirdParty:1030 - CMSIS Pack Vendor :STMicroelectronics USB_DEVICE 3.0.0
2024-01-12 12:08:43,412 [INFO] ThirdParty:1030 - CMSIS Pack Vendor :STMicroelectronics HAL Drivers 0.0.0
2024-01-12 12:08:43,412 [INFO] ThirdParty:1030 - CMSIS Pack Vendor :STMicroelectronics MBEDTLS 2.16.2
2024-01-12 12:08:43,412 [INFO] ThirdParty:1030 - CMSIS Pack Vendor :STMicroelectronics ThreadX 0.0.2
2024-01-12 12:08:43,412 [INFO] ThirdParty:1030 - CMSIS Pack Vendor :STMicroelectronics FP-ATR-ASTRA1 2.0.0
2024-01-12 12:08:43,412 [INFO] ThirdParty:1030 - CMSIS Pack Vendor :STMicroelectronics lwIP 2.0.3
2024-01-12 12:08:43,412 [INFO] ThirdParty:1030 - CMSIS Pack Vendor :STMicroelectronics lwIP 2.1.2
2024-01-12 12:08:43,412 [INFO] ThirdParty:1030 - CMSIS Pack Vendor :STMicroelectronics MBEDTLS 2.14.1
2024-01-12 12:08:43,412 [INFO] ThirdParty:1030 - CMSIS Pack Vendor :STMicroelectronics FP-SNS-FLIGHT1 5.0.2
2024-01-12 12:08:43,412 [INFO] ThirdParty:1030 - CMSIS Pack Vendor :STMicroelectronics USB_HOST 1.0.0
2024-01-12 12:08:43,412 [INFO] ThirdParty:1030 - CMSIS Pack Vendor :STMicroelectronics PDM2PCM 3.1.0
2024-01-12 12:08:43,412 [INFO] ThirdParty:1030 - CMSIS Pack Vendor :STMicroelectronics PDM2PCM 3.2.0
2024-01-12 12:08:43,412 [INFO] ThirdParty:1030 - CMSIS Pack Vendor :STMicroelectronics USB_DEVICE 2.0.0
2024-01-12 12:08:43,412 [INFO] ThirdParty:1030 - CMSIS Pack Vendor :STMicroelectronics PDM2PCM 3.3.0
2024-01-12 12:08:43,412 [INFO] ThirdParty:841 - exiting critical section [change project]
2024-01-12 12:08:43,582 [INFO] PinOutPanel:1499 - setPackage(No Configuration,No Configuration)
2024-01-12 12:08:43,583 [INFO] PinOutPanel:1499 - setPackage(STM32F411RETx,LQFP64)
2024-01-12 12:08:43,828 [INFO] UtilMem:75 - Before build in PCC Used Memory: 272719872 Bytes (811597824)
2024-01-12 12:08:44,197 [INFO] UtilMem:75 - After build in PCC Used Memory: 315189248 Bytes (811597824)
2024-01-12 12:08:44,219 [INFO] IPUIPlugin:80 - create IPUIPlugin
2024-01-12 12:08:44,219 [INFO] IPUIPlugin:80 - create IPUIPlugin
2024-01-12 12:08:44,219 [INFO] IPUIPlugin:80 - create IPUIPlugin
2024-01-12 12:08:44,219 [INFO] IPUIPlugin:80 - create IPUIPlugin
2024-01-12 12:08:44,219 [INFO] IPUIPlugin:80 - create IPUIPlugin
2024-01-12 12:08:44,219 [INFO] IPUIPlugin:80 - create IPUIPlugin
2024-01-12 12:08:44,219 [INFO] IPUIPlugin:80 - create IPUIPlugin
2024-01-12 12:08:44,220 [INFO] IPUIPlugin:80 - create IPUIPlugin
2024-01-12 12:08:44,220 [INFO] IPUIPlugin:80 - create IPUIPlugin
2024-01-12 12:08:44,220 [INFO] IPUIPlugin:80 - create IPUIPlugin
2024-01-12 12:08:44,220 [INFO] IPUIPlugin:80 - create IPUIPlugin
2024-01-12 12:08:44,220 [INFO] IPUIPlugin:80 - create IPUIPlugin
2024-01-12 12:08:44,220 [INFO] IPUIPlugin:80 - create IPUIPlugin
2024-01-12 12:08:44,220 [INFO] IPUIPlugin:80 - create IPUIPlugin
2024-01-12 12:08:44,221 [INFO] IPUIPlugin:80 - create IPUIPlugin
2024-01-12 12:08:44,221 [INFO] IPUIPlugin:80 - create IPUIPlugin
2024-01-12 12:08:44,221 [INFO] IPUIPlugin:80 - create IPUIPlugin
2024-01-12 12:08:44,221 [INFO] IPUIPlugin:80 - create IPUIPlugin
2024-01-12 12:08:44,221 [INFO] IPUIPlugin:80 - create IPUIPlugin
2024-01-12 12:08:44,221 [INFO] IPUIPlugin:80 - create IPUIPlugin
2024-01-12 12:08:44,222 [INFO] IPUIPlugin:80 - create IPUIPlugin
2024-01-12 12:08:44,222 [INFO] IPUIPlugin:80 - create IPUIPlugin
2024-01-12 12:08:44,222 [INFO] IPUIPlugin:80 - create IPUIPlugin
2024-01-12 12:08:44,222 [INFO] IPUIPlugin:80 - create IPUIPlugin
2024-01-12 12:08:44,222 [INFO] IPUIPlugin:80 - create IPUIPlugin
2024-01-12 12:08:44,223 [INFO] IPUIPlugin:80 - create IPUIPlugin
2024-01-12 12:08:44,223 [INFO] IPUIPlugin:80 - create IPUIPlugin
2024-01-12 12:08:44,223 [INFO] IPUIPlugin:80 - create IPUIPlugin
2024-01-12 12:08:44,223 [INFO] IPUIPlugin:80 - create IPUIPlugin
2024-01-12 12:08:44,223 [INFO] IPUIPlugin:80 - create IPUIPlugin
2024-01-12 12:08:44,224 [INFO] IPUIPlugin:80 - create IPUIPlugin
2024-01-12 12:08:44,224 [INFO] IPUIPlugin:80 - create IPUIPlugin
2024-01-12 12:08:44,224 [INFO] IPUIPlugin:80 - create IPUIPlugin
2024-01-12 12:08:44,224 [INFO] IPUIPlugin:80 - create IPUIPlugin
2024-01-12 12:08:44,225 [INFO] IPUIPlugin:80 - create IPUIPlugin
2024-01-12 12:08:44,225 [INFO] IPUIPlugin:80 - create IPUIPlugin
2024-01-12 12:08:44,225 [INFO] IPUIPlugin:80 - create IPUIPlugin
2024-01-12 12:08:44,226 [INFO] IPUIPlugin:80 - create IPUIPlugin
2024-01-12 12:08:44,226 [INFO] IPUIPlugin:80 - create IPUIPlugin
2024-01-12 12:08:44,226 [INFO] IPUIPlugin:80 - create IPUIPlugin
2024-01-12 12:08:44,227 [INFO] IPUIPlugin:80 - create IPUIPlugin
2024-01-12 12:08:44,227 [INFO] IPUIPlugin:80 - create IPUIPlugin
2024-01-12 12:08:44,227 [INFO] IPUIPlugin:80 - create IPUIPlugin
2024-01-12 12:08:44,257 [INFO] ApiDbMcu:508 - Load IP Config File for PDM2PCM
2024-01-12 12:08:44,294 [INFO] CADModel:165 - CPN selected for project levelSTM32F411RET6
2024-01-12 12:08:44,295 [INFO] CADModel:114 - Register for checkConnection events
2024-01-12 12:08:44,361 [INFO] OpenFileManager:343 - Restore cursor
2024-01-12 12:08:44,883 [INFO] UtilMem:75 - End SaveConfig() Used Memory: 382820352 Bytes (811597824)
2024-01-12 12:08:44,981 [INFO] UtilMem:75 - End SaveConfig() Used Memory: 397500416 Bytes (811597824)
2024-01-12 12:08:45,162 [INFO] BlockDiagram:2759 - set Specific Code input for plugin: NVIC
2024-01-12 12:08:45,162 [INFO] BlockDiagram:2759 - set Specific Code input for plugin: RCC
2024-01-12 12:08:45,164 [INFO] CodeGenerator:807 - code generatio: config db path: C:\ST\STM32CubeIDE_1.14.0\STM32CubeIDE\plugins\com.st.stm32cube.common.mx_6.10.0.202311202037\\db\
2024-01-12 12:08:45,347 [INFO] CodeEngine:255 - oldGeneratedFile, C:\Users\npedu-203-19\STM32CubeIDE\workspace_1.14.0\buzzer\MXTmpFiles\license.tmp_save
2024-01-12 12:08:45,492 [INFO] CodeEngine:279 - Generated code: C:\Users\npedu-203-19\STM32CubeIDE\workspace_1.14.0\buzzer\MXTmpFiles\license.tmp
2024-01-12 12:08:45,522 [INFO] CodeEngine:255 - oldGeneratedFile, C:\Users\npedu-203-19\STM32CubeIDE\workspace_1.14.0\buzzer\Core\Src\stm32f4xx_it.c_save
2024-01-12 12:08:45,786 [INFO] CodeEngine:279 - Generated code: C:\Users\npedu-203-19\STM32CubeIDE\workspace_1.14.0\buzzer\Core\Src\stm32f4xx_it.c
2024-01-12 12:08:45,804 [INFO] CodeEngine:255 - oldGeneratedFile, C:\Users\npedu-203-19\STM32CubeIDE\workspace_1.14.0\buzzer\Core\Inc\stm32f4xx_it.h_save
2024-01-12 12:08:45,933 [INFO] CodeEngine:279 - Generated code: C:\Users\npedu-203-19\STM32CubeIDE\workspace_1.14.0\buzzer\Core\Inc\stm32f4xx_it.h
2024-01-12 12:08:46,099 [INFO] CodeEngine:255 - oldGeneratedFile, C:\Users\npedu-203-19\STM32CubeIDE\workspace_1.14.0\buzzer\Core\Src\stm32f4xx_hal_msp.c_save
2024-01-12 12:08:46,278 [INFO] CodeEngine:279 - Generated code: C:\Users\npedu-203-19\STM32CubeIDE\workspace_1.14.0\buzzer\Core\Src\stm32f4xx_hal_msp.c
2024-01-12 12:08:46,294 [INFO] CodeEngine:255 - oldGeneratedFile, C:\Users\npedu-203-19\STM32CubeIDE\workspace_1.14.0\buzzer\MXTmpFiles\system.tmp_save
2024-01-12 12:08:46,383 [INFO] CodeEngine:279 - Generated code: C:\Users\npedu-203-19\STM32CubeIDE\workspace_1.14.0\buzzer\MXTmpFiles\system.tmp
2024-01-12 12:08:46,404 [INFO] CodeEngine:311 - oldGeneratedFile, C:\Users\npedu-203-19\STM32CubeIDE\workspace_1.14.0\buzzer\Core\Inc\stm32f4xx_hal_conf.h_save
2024-01-12 12:08:46,512 [INFO] CodeEngine:335 - Generated code: C:\Users\npedu-203-19\STM32CubeIDE\workspace_1.14.0\buzzer\Core\Inc\stm32f4xx_hal_conf.h
2024-01-12 12:08:46,560 [INFO] CodeEngine:255 - oldGeneratedFile, C:\Users\npedu-203-19\STM32CubeIDE\workspace_1.14.0\buzzer\Core\Inc\main.h_save
2024-01-12 12:08:46,676 [INFO] CodeEngine:279 - Generated code: C:\Users\npedu-203-19\STM32CubeIDE\workspace_1.14.0\buzzer\Core\Inc\main.h
2024-01-12 12:08:46,691 [INFO] CodeEngine:255 - oldGeneratedFile, C:\Users\npedu-203-19\STM32CubeIDE\workspace_1.14.0\buzzer\Core\Src\main.c_save
2024-01-12 12:08:46,821 [INFO] CodeEngine:279 - Generated code: C:\Users\npedu-203-19\STM32CubeIDE\workspace_1.14.0\buzzer\Core\Src\main.c
2024-01-12 12:08:47,421 [INFO] ProjectBuilder:3076 - Time for Copy HAL[1] : 180mS.
2024-01-12 12:08:47,427 [INFO] ProjectBuilder:4485 - Project Generator version: 4.2.0-B44
2024-01-12 12:08:47,590 [INFO] ConfigFileManager:1495 - The Die is : DIE431
2024-01-12 12:08:47,599 [INFO] ApiDbMcu:508 - Load IP Config File for FATFS
2024-01-12 12:08:47,608 [INFO] ApiDbMcu:508 - Load IP Config File for FREERTOS
2024-01-12 12:08:47,616 [INFO] ApiDbMcu:508 - Load IP Config File for LIBJPEG
2024-01-12 12:08:47,627 [INFO] ApiDbMcu:508 - Load IP Config File for MBEDTLS
2024-01-12 12:08:47,642 [INFO] ApiDbMcu:508 - Load IP Config File for USB_DEVICE
2024-01-12 12:08:47,653 [INFO] ApiDbMcu:508 - Load IP Config File for USB_HOST
2024-01-12 12:08:50,655 [INFO] ProjectBuilder:4747 - Time for Generating toolchain IDE Files: 3228mS.
2024-01-12 12:08:50,656 [INFO] ProjectBuilder:2947 - Time for Copy CMSIS : 1mS.
2024-01-12 12:08:50,658 [INFO] ProjectBuilder:2947 - Time for Copy CMSIS : 0mS.
2024-01-12 12:08:51,889 [INFO] McuFinderGlobals:76 - Set McuFinderConnectedMode to true
2024-01-12 12:08:51,902 [INFO] ApiDb:448 - Save user favorites file C:\Users\npedu-203-19/.stm32cubeide/favorites.mcus.txt: 0 item(s)
2024-01-12 12:08:51,902 [INFO] ApiDb:452 - User favorites MCUs=[]
2024-01-12 12:11:34,424 [INFO] NvicIntPanel:101 - NVIC parent = com.st.microxplorer.plugins.ip.nvic.MultiNvicIntPanel[,0,0,0x0,invalid,layout=javax.swing.BoxLayout,alignmentX=0.0,alignmentY=0.0,border=,flags=9,maximumSize=,minimumSize=,preferredSize=]
2024-01-12 12:11:43,130 [INFO] NvicIntPanel:101 - NVIC parent = com.st.microxplorer.plugins.ip.nvic.MultiNvicIntPanel[,0,0,0x0,invalid,layout=javax.swing.BoxLayout,alignmentX=0.0,alignmentY=0.0,border=,flags=9,maximumSize=,minimumSize=,preferredSize=]
2024-01-12 12:12:04,011 [INFO] NvicIntPanel:101 - NVIC parent = com.st.microxplorer.plugins.ip.nvic.MultiNvicIntPanel[,0,0,0x0,invalid,layout=javax.swing.BoxLayout,alignmentX=0.0,alignmentY=0.0,border=,flags=9,maximumSize=,minimumSize=,preferredSize=]
2024-01-12 12:12:09,953 [INFO] NvicIntPanel:101 - NVIC parent = com.st.microxplorer.plugins.ip.nvic.MultiNvicIntPanel[,0,0,0x0,invalid,layout=javax.swing.BoxLayout,alignmentX=0.0,alignmentY=0.0,border=,flags=9,maximumSize=,minimumSize=,preferredSize=]
2024-01-12 12:12:42,681 [INFO] NvicIntPanel:101 - NVIC parent = com.st.microxplorer.plugins.ip.nvic.MultiNvicIntPanel[,0,0,0x0,invalid,layout=javax.swing.BoxLayout,alignmentX=0.0,alignmentY=0.0,border=,flags=9,maximumSize=,minimumSize=,preferredSize=]
2024-01-12 12:13:25,523 [INFO] UtilMem:75 - End SaveConfig() Used Memory: 397709152 Bytes (754974720)
2024-01-12 12:13:26,963 [INFO] UtilMem:75 - End SaveConfig() Used Memory: 415349592 Bytes (754974720)
2024-01-12 12:13:29,393 [INFO] UtilMem:75 - End SaveConfig() Used Memory: 449107888 Bytes (754974720)
2024-01-12 12:13:29,541 [INFO] BlockDiagram:2759 - set Specific Code input for plugin: NVIC
2024-01-12 12:13:29,541 [INFO] BlockDiagram:2759 - set Specific Code input for plugin: USART
2024-01-12 12:13:29,541 [INFO] BlockDiagram:2759 - set Specific Code input for plugin: TIM1_8
2024-01-12 12:13:29,542 [INFO] BlockDiagram:2759 - set Specific Code input for plugin: SYS
2024-01-12 12:13:29,542 [INFO] BlockDiagram:2759 - set Specific Code input for plugin: GPIO
2024-01-12 12:13:29,542 [INFO] BlockDiagram:2759 - set Specific Code input for plugin: RCC
2024-01-12 12:13:29,543 [INFO] CodeGenerator:807 - code generatio: config db path: C:\ST\STM32CubeIDE_1.14.0\STM32CubeIDE\plugins\com.st.stm32cube.common.mx_6.10.0.202311202037\\db\
2024-01-12 12:13:29,669 [INFO] CodeEngine:255 - oldGeneratedFile, C:\Users\npedu-203-19\STM32CubeIDE\workspace_1.14.0\buzzer\MXTmpFiles\license.tmp_save
2024-01-12 12:13:29,756 [INFO] CodeEngine:279 - Generated code: C:\Users\npedu-203-19\STM32CubeIDE\workspace_1.14.0\buzzer\MXTmpFiles\license.tmp
2024-01-12 12:13:29,796 [INFO] CodeEngine:255 - oldGeneratedFile, C:\Users\npedu-203-19\STM32CubeIDE\workspace_1.14.0\buzzer\MXTmpFiles\gpio.tmp_save
2024-01-12 12:13:29,878 [INFO] CodeEngine:279 - Generated code: C:\Users\npedu-203-19\STM32CubeIDE\workspace_1.14.0\buzzer\MXTmpFiles\gpio.tmp
2024-01-12 12:13:29,970 [INFO] CodeEngine:255 - oldGeneratedFile, C:\Users\npedu-203-19\STM32CubeIDE\workspace_1.14.0\buzzer\Core\Src\stm32f4xx_it.c_save
2024-01-12 12:13:30,080 [INFO] CodeEngine:279 - Generated code: C:\Users\npedu-203-19\STM32CubeIDE\workspace_1.14.0\buzzer\Core\Src\stm32f4xx_it.c
2024-01-12 12:13:30,120 [INFO] CodeEngine:255 - oldGeneratedFile, C:\Users\npedu-203-19\STM32CubeIDE\workspace_1.14.0\buzzer\Core\Inc\stm32f4xx_it.h_save
2024-01-12 12:13:30,231 [INFO] CodeEngine:279 - Generated code: C:\Users\npedu-203-19\STM32CubeIDE\workspace_1.14.0\buzzer\Core\Inc\stm32f4xx_it.h
2024-01-12 12:13:30,252 [INFO] CodeEngine:255 - oldGeneratedFile, C:\Users\npedu-203-19\STM32CubeIDE\workspace_1.14.0\buzzer\Core\Src\stm32f4xx_hal_msp.c_save
2024-01-12 12:13:30,371 [INFO] CodeEngine:279 - Generated code: C:\Users\npedu-203-19\STM32CubeIDE\workspace_1.14.0\buzzer\Core\Src\stm32f4xx_hal_msp.c
2024-01-12 12:13:30,378 [INFO] CodeEngine:255 - oldGeneratedFile, C:\Users\npedu-203-19\STM32CubeIDE\workspace_1.14.0\buzzer\MXTmpFiles\system.tmp_save
2024-01-12 12:13:30,432 [INFO] CodeEngine:279 - Generated code: C:\Users\npedu-203-19\STM32CubeIDE\workspace_1.14.0\buzzer\MXTmpFiles\system.tmp
2024-01-12 12:13:30,451 [INFO] CodeEngine:311 - oldGeneratedFile, C:\Users\npedu-203-19\STM32CubeIDE\workspace_1.14.0\buzzer\Core\Inc\stm32f4xx_hal_conf.h_save
2024-01-12 12:13:30,550 [INFO] CodeEngine:335 - Generated code: C:\Users\npedu-203-19\STM32CubeIDE\workspace_1.14.0\buzzer\Core\Inc\stm32f4xx_hal_conf.h
2024-01-12 12:13:30,578 [WARN] IPConfigManager:3440 - IP not found : TIM
2024-01-12 12:13:30,579 [WARN] CodeGenerator:3939 - IP not found : null
2024-01-12 12:13:30,594 [INFO] CodeEngine:255 - oldGeneratedFile, C:\Users\npedu-203-19\STM32CubeIDE\workspace_1.14.0\buzzer\Core\Inc\main.h_save
2024-01-12 12:13:30,680 [INFO] CodeEngine:279 - Generated code: C:\Users\npedu-203-19\STM32CubeIDE\workspace_1.14.0\buzzer\Core\Inc\main.h
2024-01-12 12:13:30,694 [INFO] CodeEngine:255 - oldGeneratedFile, C:\Users\npedu-203-19\STM32CubeIDE\workspace_1.14.0\buzzer\Core\Src\main.c_save
2024-01-12 12:13:30,801 [INFO] CodeEngine:279 - Generated code: C:\Users\npedu-203-19\STM32CubeIDE\workspace_1.14.0\buzzer\Core\Src\main.c
2024-01-12 12:13:31,334 [INFO] ProjectBuilder:3076 - Time for Copy HAL[1] : 194mS.
2024-01-12 12:13:31,338 [INFO] ProjectBuilder:4485 - Project Generator version: 4.2.0-B44
2024-01-12 12:13:31,501 [INFO] ConfigFileManager:1495 - The Die is : DIE431
2024-01-12 12:13:32,916 [INFO] ProjectBuilder:4747 - Time for Generating toolchain IDE Files: 1578mS.
2024-01-12 12:13:32,917 [INFO] ProjectBuilder:2947 - Time for Copy CMSIS : 1mS.
2024-01-12 12:13:32,924 [INFO] ProjectBuilder:2947 - Time for Copy CMSIS : 0mS.
2024-01-12 12:24:16,376 [ERROR] ConfigurationRetriever:142 - IOException on connection: Read timed out
2024-01-12 16:30:09,828 [ERROR] LogOutputStream:75 - [STDERR_REDIRECT] 
