2024-01-16 10:07:12,129 [INFO] Activator:176 - 


2024-01-16 10:07:12,136 [INFO] Activator:177 - !SESSION log4j initialized
2024-01-16 10:07:18,971 [INFO] LogOutputStream:77 - [STDOUT_REDIRECT] 
2024-01-16 10:07:23,392 [INFO] ApplicationProperties:184 - Using Application install path: C:\ST\STM32CubeIDE_1.14.0\STM32CubeIDE\plugins\com.st.stm32cube.common.mx_6.10.0.202311202037
2024-01-16 10:07:23,412 [INFO] DbMcusXml:78 - Set database path to: C:\ST\STM32CubeIDE_1.14.0\STM32CubeIDE\plugins\com.st.stm32cube.common.mx_6.10.0.202311202037\\db\/mcu/
2024-01-16 10:07:23,412 [INFO] ApiDb:274 - Set plugin database path to: C:\ST\STM32CubeIDE_1.14.0\STM32CubeIDE\plugins\com.st.stm32cube.common.mx_6.10.0.202311202037\\db\/plugins/boardmanager/
2024-01-16 10:07:23,413 [WARN] ApiDb:259 - Overriding images path with different value:  => C:\ST\STM32CubeIDE_1.14.0\STM32CubeIDE\plugins\com.st.stm32cube.common.mx_6.10.0.202311202037\\db\/plugins/mcufinder/images/
2024-01-16 10:07:23,419 [INFO] ApiDb:250 - Set database path to: C:\Users\npedu-203-19\.stmcufinder\plugins\mcufinder//mcu/
2024-01-16 10:07:23,421 [INFO] DbMcusAds:125 - Set database path to: C:\Users\npedu-203-19\.stmcufinder\plugins\mcufinder//mcu/
2024-01-16 10:07:23,423 [INFO] CrossReferenceDbSqlite:203 - Set database path to: C:\Users\npedu-203-19\.stmcufinder\plugins\mcufinder//mcu/cs/
2024-01-16 10:07:23,529 [INFO] RulesReader:64 - Compatibility file has been processed (297 Rules)
2024-01-16 10:07:23,620 [INFO] DbMcusXml:78 - Set database path to: C:\ST\STM32CubeIDE_1.14.0\STM32CubeIDE\plugins\com.st.stm32cube.common.mx_6.10.0.202311202037\\db\/mcu/
2024-01-16 10:07:23,620 [INFO] ApiDb:274 - Set plugin database path to: C:\ST\STM32CubeIDE_1.14.0\STM32CubeIDE\plugins\com.st.stm32cube.common.mx_6.10.0.202311202037\\db\/plugins/boardmanager/
2024-01-16 10:07:23,620 [INFO] ApiDb:261 - Set plugin images path to: C:\ST\STM32CubeIDE_1.14.0\STM32CubeIDE\plugins\com.st.stm32cube.common.mx_6.10.0.202311202037\\db\/plugins/mcufinder/images/
2024-01-16 10:07:23,621 [WARN] DbFile:41 - Overriding database path with different value: C:\Users\npedu-203-19\.stmcufinder\plugins\mcufinder/ => C:\Users\npedu-203-19\.stmcufinder\plugins\mcufinder
2024-01-16 10:07:23,621 [INFO] ApiDb:250 - Set database path to: C:\Users\npedu-203-19\.stmcufinder\plugins\mcufinder//mcu/
2024-01-16 10:07:23,621 [WARN] DbFile:41 - Overriding database path with different value: C:\Users\npedu-203-19\.stmcufinder\plugins\mcufinder/ => C:\Users\npedu-203-19\.stmcufinder\plugins\mcufinder
2024-01-16 10:07:23,621 [INFO] DbMcusAds:125 - Set database path to: C:\Users\npedu-203-19\.stmcufinder\plugins\mcufinder//mcu/
2024-01-16 10:07:23,621 [WARN] DbFile:41 - Overriding database path with different value: C:\Users\npedu-203-19\.stmcufinder\plugins\mcufinder/ => C:\Users\npedu-203-19\.stmcufinder\plugins\mcufinder
2024-01-16 10:07:23,621 [WARN] DbFile:41 - Overriding database path with different value: C:\Users\npedu-203-19\.stmcufinder\plugins\mcufinder/ => C:\Users\npedu-203-19\.stmcufinder\plugins\mcufinder
2024-01-16 10:07:23,621 [INFO] CrossReferenceDbSqlite:203 - Set database path to: C:\Users\npedu-203-19\.stmcufinder\plugins\mcufinder//mcu/cs/
2024-01-16 10:07:23,697 [INFO] MainPanel:264 - HeapMemory: 268435456
2024-01-16 10:07:23,788 [INFO] DbMcusXml:78 - Set database path to: C:\ST\STM32CubeIDE_1.14.0\STM32CubeIDE\plugins\com.st.stm32cube.common.mx_6.10.0.202311202037\\db\/mcu/
2024-01-16 10:07:23,788 [INFO] ApiDb:274 - Set plugin database path to: C:\ST\STM32CubeIDE_1.14.0\STM32CubeIDE\plugins\com.st.stm32cube.common.mx_6.10.0.202311202037\\db\/plugins/boardmanager/
2024-01-16 10:07:23,788 [INFO] ApiDb:261 - Set plugin images path to: C:\ST\STM32CubeIDE_1.14.0\STM32CubeIDE\plugins\com.st.stm32cube.common.mx_6.10.0.202311202037\\db\/plugins/mcufinder/images/
2024-01-16 10:07:23,788 [WARN] DbFile:41 - Overriding database path with different value: C:\Users\npedu-203-19\.stmcufinder\plugins\mcufinder/ => C:\Users\npedu-203-19\.stmcufinder\plugins\mcufinder
2024-01-16 10:07:23,789 [INFO] ApiDb:250 - Set database path to: C:\Users\npedu-203-19\.stmcufinder\plugins\mcufinder//mcu/
2024-01-16 10:07:23,789 [WARN] DbFile:41 - Overriding database path with different value: C:\Users\npedu-203-19\.stmcufinder\plugins\mcufinder/ => C:\Users\npedu-203-19\.stmcufinder\plugins\mcufinder
2024-01-16 10:07:23,789 [INFO] DbMcusAds:125 - Set database path to: C:\Users\npedu-203-19\.stmcufinder\plugins\mcufinder//mcu/
2024-01-16 10:07:23,789 [WARN] DbFile:41 - Overriding database path with different value: C:\Users\npedu-203-19\.stmcufinder\plugins\mcufinder/ => C:\Users\npedu-203-19\.stmcufinder\plugins\mcufinder
2024-01-16 10:07:23,789 [WARN] DbFile:41 - Overriding database path with different value: C:\Users\npedu-203-19\.stmcufinder\plugins\mcufinder/ => C:\Users\npedu-203-19\.stmcufinder\plugins\mcufinder
2024-01-16 10:07:23,789 [INFO] CrossReferenceDbSqlite:203 - Set database path to: C:\Users\npedu-203-19\.stmcufinder\plugins\mcufinder//mcu/cs/
2024-01-16 10:07:23,806 [INFO] ApplicationProperties:184 - Using Application install path: C:\ST\STM32CubeIDE_1.14.0\STM32CubeIDE\plugins\com.st.stm32cube.common.mx_6.10.0.202311202037
2024-01-16 10:07:23,808 [INFO] PluginManage:196 - Search for loadable plugins [exclusion list=, ]
2024-01-16 10:07:23,809 [INFO] PluginManage:310 - Check plugin analytics
2024-01-16 10:07:24,025 [INFO] AnalyticsPlugin:253 - Accepted Software Licenses: 
2024-01-16 10:07:24,025 [INFO] AnalyticsPlugin:255 - Accepted CMSIS Pack Licenses: 
2024-01-16 10:07:24,025 [INFO] AnalyticsPlugin:257 - Accepted Firmware Licenses: FW.F4.1.28.0
2024-01-16 10:07:24,031 [INFO] PluginManage:359 - Loaded plugin analytics (category:tool,tabindex:-1)
2024-01-16 10:07:24,031 [INFO] PluginManage:310 - Check plugin cadmodel
2024-01-16 10:07:24,050 [INFO] CADModel:105 - Init CAD model plugin
2024-01-16 10:07:24,050 [INFO] PluginManage:359 - Loaded plugin cadmodel (category:power,tabindex:5)
2024-01-16 10:07:24,051 [INFO] PluginManage:310 - Check plugin clock
2024-01-16 10:07:24,078 [INFO] PluginManage:359 - Loaded plugin clock (category:base,tabindex:2)
2024-01-16 10:07:24,078 [INFO] PluginManage:310 - Check plugin ddr
2024-01-16 10:07:24,081 [INFO] PluginManage:359 - Loaded plugin ddr (category:tool,tabindex:6)
2024-01-16 10:07:24,081 [INFO] PluginManage:310 - Check plugin filemanager
2024-01-16 10:07:24,287 [INFO] PluginManage:359 - Loaded plugin filemanager (category:base,tabindex:10)
2024-01-16 10:07:24,288 [INFO] PluginManage:310 - Check plugin ipmanager
2024-01-16 10:07:24,298 [INFO] PluginManage:359 - Loaded plugin ipmanager (category:base,tabindex:5)
2024-01-16 10:07:24,298 [INFO] PluginManage:310 - Check plugin lpbam
2024-01-16 10:07:24,320 [INFO] PluginManage:359 - Loaded plugin lpbam (category:base,tabindex:0)
2024-01-16 10:07:24,320 [INFO] PluginManage:310 - Check plugin memorymap
2024-01-16 10:07:24,359 [INFO] PluginManage:359 - Loaded plugin memorymap (category:base,tabindex:4)
2024-01-16 10:07:24,359 [INFO] PluginManage:310 - Check plugin pinoutandconfiguration
2024-01-16 10:07:24,378 [INFO] PluginManage:359 - Loaded plugin pinoutandconfiguration (category:base,tabindex:1)
2024-01-16 10:07:24,378 [INFO] PluginManage:310 - Check plugin pinoutconfig
2024-01-16 10:07:24,485 [WARN] SupportedApi:132 - Cannot load RTOS API schema: s4s-elt-must-match.1: The content of 'definitions' must match (annotation?, (simpleType | complexType)?, (unique | key | keyref)*)). A problem was found starting at: attribute.
2024-01-16 10:07:24,620 [INFO] PluginManage:359 - Loaded plugin pinoutconfig (category:base,tabindex:0)
2024-01-16 10:07:24,621 [INFO] PluginManage:310 - Check plugin power
2024-01-16 10:07:24,640 [INFO] PluginManage:359 - Loaded plugin power (category:power,tabindex:4)
2024-01-16 10:07:24,640 [INFO] PluginManage:310 - Check plugin projectmanager
2024-01-16 10:07:24,655 [INFO] PluginManage:359 - Loaded plugin projectmanager (category:projectmanager,tabindex:3)
2024-01-16 10:07:24,655 [INFO] PluginManage:310 - Check plugin thirdparty
2024-01-16 10:07:24,913 [INFO] PluginManage:359 - Loaded plugin thirdparty (category:base,tabindex:-1)
2024-01-16 10:07:24,913 [WARN] IntegrityCheckThread:84 - waiting for thirdparty lock release [integrity check]
2024-01-16 10:07:24,913 [INFO] PluginManage:310 - Check plugin tools
2024-01-16 10:07:24,913 [INFO] IntegrityCheckThread:86 - entering critical section [integrity check]
2024-01-16 10:07:24,914 [INFO] ThirdPartyUpdaterWithRetryManager:70 - Updater plugin not ready yet. [1/15]
2024-01-16 10:07:24,942 [INFO] PluginManage:359 - Loaded plugin tools (category:base,tabindex:7)
2024-01-16 10:07:24,942 [INFO] PluginManage:310 - Check plugin tutovideos
2024-01-16 10:07:25,149 [INFO] PluginManage:359 - Loaded plugin tutovideos (category:base,tabindex:-1)
2024-01-16 10:07:25,150 [INFO] PluginManage:310 - Check plugin updater
2024-01-16 10:07:25,160 [INFO] PluginManage:359 - Loaded plugin updater (category:base,tabindex:12)
2024-01-16 10:07:25,160 [INFO] PluginManage:310 - Check plugin userauth
2024-01-16 10:07:25,165 [INFO] UserAuth:114 - Init User Auth plugin
2024-01-16 10:07:25,166 [INFO] PluginManage:359 - Loaded plugin userauth (category:base,tabindex:14)
2024-01-16 10:07:25,166 [INFO] PluginManage:283 - PluginManage : Loaded plugins [17]
2024-01-16 10:07:25,378 [INFO] PinOutPanel:1499 - setPackage(No Configuration,No Configuration)
2024-01-16 10:07:25,448 [INFO] CADModel:165 - CPN selected for project level
2024-01-16 10:07:25,449 [INFO] CADModel:114 - Register for checkConnection events
2024-01-16 10:07:25,473 [INFO] IPUIPlugin:80 - create IPUIPlugin
2024-01-16 10:07:25,473 [INFO] PluginManager:220 - loadIPPluginJar : add adc
2024-01-16 10:07:25,502 [INFO] IPUIPlugin:80 - create IPUIPlugin
2024-01-16 10:07:25,502 [INFO] PluginManager:220 - loadIPPluginJar : add aes
2024-01-16 10:07:25,534 [INFO] IPUIPlugin:80 - create IPUIPlugin
2024-01-16 10:07:25,534 [INFO] PluginManager:220 - loadIPPluginJar : add can
2024-01-16 10:07:25,551 [INFO] IPUIPlugin:80 - create IPUIPlugin
2024-01-16 10:07:25,551 [INFO] PluginManager:220 - loadIPPluginJar : add comp
2024-01-16 10:07:25,576 [INFO] IPUIPlugin:80 - create IPUIPlugin
2024-01-16 10:07:25,576 [INFO] PluginManager:220 - loadIPPluginJar : add cryp
2024-01-16 10:07:25,598 [INFO] IPUIPlugin:80 - create IPUIPlugin
2024-01-16 10:07:25,598 [INFO] PluginManager:220 - loadIPPluginJar : add dfsdm
2024-01-16 10:07:25,609 [INFO] IPUIPlugin:80 - create IPUIPlugin
2024-01-16 10:07:25,610 [INFO] PluginManager:220 - loadIPPluginJar : add dma
2024-01-16 10:07:25,640 [INFO] IPUIPlugin:80 - create IPUIPlugin
2024-01-16 10:07:25,640 [INFO] PluginManager:220 - loadIPPluginJar : add dma3
2024-01-16 10:07:25,655 [INFO] IPUIPlugin:80 - create IPUIPlugin
2024-01-16 10:07:25,655 [INFO] PluginManager:220 - loadIPPluginJar : add fatfs
2024-01-16 10:07:25,688 [INFO] IPUIPlugin:80 - create IPUIPlugin
2024-01-16 10:07:25,689 [INFO] PluginManager:220 - loadIPPluginJar : add fmc
2024-01-16 10:07:25,702 [INFO] IPUIPlugin:80 - create IPUIPlugin
2024-01-16 10:07:25,702 [INFO] PluginManager:220 - loadIPPluginJar : add freertos
2024-01-16 10:07:25,717 [INFO] IPUIPlugin:80 - create IPUIPlugin
2024-01-16 10:07:25,717 [INFO] PluginManager:220 - loadIPPluginJar : add genericplugin
2024-01-16 10:07:25,778 [INFO] IPUIPlugin:80 - create IPUIPlugin
2024-01-16 10:07:25,778 [INFO] PluginManager:220 - loadIPPluginJar : add gfxmmu
2024-01-16 10:07:25,873 [INFO] IPUIPlugin:80 - create IPUIPlugin
2024-01-16 10:07:25,873 [INFO] PluginManager:220 - loadIPPluginJar : add gic
2024-01-16 10:07:25,884 [INFO] IPUIPlugin:80 - create IPUIPlugin
2024-01-16 10:07:25,884 [INFO] PluginManager:220 - loadIPPluginJar : add gpio
2024-01-16 10:07:25,947 [INFO] IPUIPlugin:80 - create IPUIPlugin
2024-01-16 10:07:25,948 [INFO] PluginManager:220 - loadIPPluginJar : add gtzc
2024-01-16 10:07:25,970 [INFO] IPUIPlugin:80 - create IPUIPlugin
2024-01-16 10:07:25,970 [INFO] PluginManager:220 - loadIPPluginJar : add hash
2024-01-16 10:07:26,006 [INFO] IPUIPlugin:80 - create IPUIPlugin
2024-01-16 10:07:26,006 [INFO] PluginManager:220 - loadIPPluginJar : add i2c
2024-01-16 10:07:26,033 [INFO] IPUIPlugin:80 - create IPUIPlugin
2024-01-16 10:07:26,033 [INFO] PluginManager:220 - loadIPPluginJar : add i2s
2024-01-16 10:07:26,061 [INFO] IPUIPlugin:80 - create IPUIPlugin
2024-01-16 10:07:26,061 [INFO] PluginManager:220 - loadIPPluginJar : add i3c
2024-01-16 10:07:26,133 [INFO] IPUIPlugin:80 - create IPUIPlugin
2024-01-16 10:07:26,133 [INFO] PluginManager:220 - loadIPPluginJar : add ipddr
2024-01-16 10:07:26,196 [INFO] IPUIPlugin:80 - create IPUIPlugin
2024-01-16 10:07:26,196 [INFO] PluginManager:220 - loadIPPluginJar : add linkedlist
2024-01-16 10:07:26,224 [INFO] IPUIPlugin:80 - create IPUIPlugin
2024-01-16 10:07:26,224 [INFO] PluginManager:220 - loadIPPluginJar : add lorawan
2024-01-16 10:07:26,252 [INFO] IPUIPlugin:80 - create IPUIPlugin
2024-01-16 10:07:26,252 [INFO] PluginManager:220 - loadIPPluginJar : add ltdc
2024-01-16 10:07:26,264 [INFO] IPUIPlugin:80 - create IPUIPlugin
2024-01-16 10:07:26,264 [INFO] PluginManager:220 - loadIPPluginJar : add mdma
2024-01-16 10:07:26,275 [INFO] IPUIPlugin:80 - create IPUIPlugin
2024-01-16 10:07:26,275 [INFO] PluginManager:220 - loadIPPluginJar : add nvic
2024-01-16 10:07:26,303 [INFO] IPUIPlugin:80 - create IPUIPlugin
2024-01-16 10:07:26,303 [INFO] PluginManager:220 - loadIPPluginJar : add opamp
2024-01-16 10:07:26,344 [INFO] IPUIPlugin:80 - create IPUIPlugin
2024-01-16 10:07:26,344 [INFO] PluginManager:220 - loadIPPluginJar : add openamp
2024-01-16 10:07:26,375 [INFO] IPUIPlugin:80 - create IPUIPlugin
2024-01-16 10:07:26,375 [INFO] PluginManager:220 - loadIPPluginJar : add pdm2pcm
2024-01-16 10:07:26,387 [INFO] IPUIPlugin:80 - create IPUIPlugin
2024-01-16 10:07:26,389 [INFO] PluginManager:220 - loadIPPluginJar : add plateformsettings
2024-01-16 10:07:26,405 [INFO] IPUIPlugin:80 - create IPUIPlugin
2024-01-16 10:07:26,405 [INFO] PluginManager:220 - loadIPPluginJar : add quadspi
2024-01-16 10:07:26,416 [INFO] IPUIPlugin:80 - create IPUIPlugin
2024-01-16 10:07:26,416 [INFO] PluginManager:220 - loadIPPluginJar : add resmgrutility
2024-01-16 10:07:26,449 [INFO] IPUIPlugin:80 - create IPUIPlugin
2024-01-16 10:07:26,449 [INFO] PluginManager:220 - loadIPPluginJar : add sai
2024-01-16 10:07:26,476 [INFO] IPUIPlugin:80 - create IPUIPlugin
2024-01-16 10:07:26,476 [INFO] PluginManager:220 - loadIPPluginJar : add spi
2024-01-16 10:07:26,523 [INFO] IPUIPlugin:80 - create IPUIPlugin
2024-01-16 10:07:26,523 [INFO] PluginManager:220 - loadIPPluginJar : add stm32_wpan
2024-01-16 10:07:26,540 [INFO] IPUIPlugin:80 - create IPUIPlugin
2024-01-16 10:07:26,540 [INFO] PluginManager:220 - loadIPPluginJar : add tim
2024-01-16 10:07:26,579 [INFO] IPUIPlugin:80 - create IPUIPlugin
2024-01-16 10:07:26,579 [INFO] PluginManager:220 - loadIPPluginJar : add touchsensing
2024-01-16 10:07:26,595 [INFO] IPUIPlugin:80 - create IPUIPlugin
2024-01-16 10:07:26,596 [INFO] PluginManager:220 - loadIPPluginJar : add tracer_emb
2024-01-16 10:07:26,612 [INFO] IPUIPlugin:80 - create IPUIPlugin
2024-01-16 10:07:26,612 [INFO] PluginManager:220 - loadIPPluginJar : add ts
2024-01-16 10:07:26,627 [INFO] IPUIPlugin:80 - create IPUIPlugin
2024-01-16 10:07:26,627 [INFO] PluginManager:220 - loadIPPluginJar : add tsc
2024-01-16 10:07:26,642 [INFO] IPUIPlugin:80 - create IPUIPlugin
2024-01-16 10:07:26,642 [INFO] PluginManager:220 - loadIPPluginJar : add ucpd
2024-01-16 10:07:26,671 [INFO] IPUIPlugin:80 - create IPUIPlugin
2024-01-16 10:07:26,671 [INFO] PluginManager:220 - loadIPPluginJar : add usart
2024-01-16 10:07:26,702 [INFO] IPUIPlugin:80 - create IPUIPlugin
2024-01-16 10:07:26,703 [INFO] PluginManager:220 - loadIPPluginJar : add usbx
2024-01-16 10:07:26,834 [INFO] CADModel:165 - CPN selected for project level
2024-01-16 10:07:26,834 [INFO] CADModel:114 - Register for checkConnection events
2024-01-16 10:07:26,834 [FATAL] Updater:308 - Updater called before beeing initialized
2024-01-16 10:07:26,835 [ERROR] CADModel:125 - Updater not yet initialized, retry later 
2024-01-16 10:07:26,953 [INFO] CADModel:165 - CPN selected for project level
2024-01-16 10:07:26,954 [INFO] CADModel:114 - Register for checkConnection events
2024-01-16 10:07:26,954 [FATAL] Updater:308 - Updater called before beeing initialized
2024-01-16 10:07:26,954 [ERROR] CADModel:125 - Updater not yet initialized, retry later 
2024-01-16 10:07:26,956 [FATAL] Updater:308 - Updater called before beeing initialized
2024-01-16 10:07:27,064 [FATAL] Updater:308 - Updater called before beeing initialized
2024-01-16 10:07:27,074 [INFO] DbMcusAds:53 - JSON generation date=Wed Nov 29 19:52:27 KST 2023 (1701255147349)
2024-01-16 10:07:27,075 [FATAL] Updater:308 - Updater called before beeing initialized
2024-01-16 10:07:27,144 [WARN] DetailPanel:346 - Failed to get advertising image, set to default
2024-01-16 10:07:27,215 [FATAL] Updater:308 - Updater called before beeing initialized
2024-01-16 10:07:27,217 [FATAL] Updater:308 - Updater called before beeing initialized
2024-01-16 10:07:27,217 [FATAL] Updater:308 - Updater called before beeing initialized
2024-01-16 10:07:27,217 [WARN] DetailPanel:346 - Failed to get advertising image, set to default
2024-01-16 10:07:27,217 [FATAL] Updater:308 - Updater called before beeing initialized
2024-01-16 10:07:27,280 [ERROR] Updater:1120 - MainUpdater not yet initialized. External WinMGr cannot be set.
2024-01-16 10:07:27,290 [INFO] Updater:1056 - Updater Version found : 6.10.0
2024-01-16 10:07:27,312 [INFO] ApplicationProperties:184 - Using Application install path: C:\ST\STM32CubeIDE_1.14.0\STM32CubeIDE\plugins\com.st.stm32cube.common.mx_6.10.0.202311202037
2024-01-16 10:07:27,915 [INFO] ThirdPartyUpdaterWithRetryManager:70 - Updater plugin not ready yet. [2/15]
2024-01-16 10:07:28,000 [INFO] MainUpdater:2873 - connection check result : 10
2024-01-16 10:07:28,001 [INFO] MainUpdater:290 - Updater Check For Update Now.
2024-01-16 10:07:28,001 [INFO] MicroXplorer:498 - Change Database Version : DB.6.0.100
2024-01-16 10:07:28,021 [INFO] McuFinderGlobals:63 - Set McuFinder mode to 2 (CubeIDE integrated)
2024-01-16 10:07:28,021 [INFO] UserAuth:180 - activating auth plugin
2024-01-16 10:07:28,025 [INFO] UserAuth:404 - Internet connection configuration mode: 1
2024-01-16 10:07:28,072 [INFO] JxBrowserEngine:152 - Initiate JxBrowser Engine with user profile folder
2024-01-16 10:07:28,202 [INFO] CheckServerUpdateThread:120 - End of CheckServer Thread
2024-01-16 10:07:30,455 [INFO] WebApp:161 - Instantiating new browser for Auth
2024-01-16 10:07:31,049 [WARN] PackLoader:240 - Cannot read IP mode file for STMicroelectronics.FP-SNS-MOTENV1.4.3.2
2024-01-16 10:07:31,067 [WARN] PackLoader:240 - Cannot read IP mode file for STMicroelectronics.FP-SNS-FLIGHT1.5.0.2
2024-01-16 10:07:31,084 [WARN] PackLoader:240 - Cannot read IP mode file for STMicroelectronics.FP-ATR-SIGFOX1.3.2.0
2024-01-16 10:07:31,104 [WARN] PackLoader:240 - Cannot read IP mode file for STMicroelectronics.FP-ATR-ASTRA1.2.0.0
2024-01-16 10:07:31,104 [INFO] WebApp:780 - Register for checkConnection events
2024-01-16 10:07:31,104 [INFO] WebApp:414 - Apply proxy settings
2024-01-16 10:07:31,104 [INFO] WebApp:499 - Chromium requires no authentication
2024-01-16 10:07:31,105 [INFO] ThirdParty:978 - Integrity check success = true
2024-01-16 10:07:31,105 [INFO] IntegrityCheckThread:100 - exiting critical section [integrity check]
2024-01-16 10:07:31,105 [INFO] IntegrityCheckThread:103 - End integrity checks thread
2024-01-16 10:07:31,134 [INFO] WebApp:442 - Direct internet connection detected
2024-01-16 10:07:31,344 [INFO] WebApp:192 - Starting web application
2024-01-16 10:07:31,344 [INFO] WebApp:544 - Web application path used C:\ST\STM32CubeIDE_1.14.0\STM32CubeIDE\plugins\com.st.stm32cube.common.mx_6.10.0.202311202037\db\plugins\mcufinder\reactClient1\index.html
2024-01-16 10:07:52,213 [ERROR] LogOutputStream:75 - [STDERR_REDIRECT] SLF4J: Failed to load class "org.slf4j.impl.StaticLoggerBinder".
2024-01-16 10:07:52,213 [ERROR] LogOutputStream:75 - [STDERR_REDIRECT] SLF4J: Defaulting to no-operation (NOP) logger implementation
2024-01-16 10:07:52,214 [ERROR] LogOutputStream:75 - [STDERR_REDIRECT] SLF4J: See http://www.slf4j.org/codes.html#StaticLoggerBinder for further details.
2024-01-16 10:19:33,234 [INFO] McuFinderGlobals:63 - Set McuFinder mode to 2 (CubeIDE integrated)
2024-01-16 10:19:33,265 [INFO] MainUpdater:2873 - connection check result : 10
2024-01-16 10:19:33,274 [INFO] MainUpdater:2873 - connection check result : 10
2024-01-16 10:19:33,478 [INFO] MicroXplorer:468 - Change Database Path : 
2024-01-16 10:19:33,478 [INFO] MicroXplorer:498 - Change Database Version : DB.6.0.100
2024-01-16 10:19:33,482 [WARN] ThirdParty:871 - waiting for thirdparty lock release [close project]
2024-01-16 10:19:33,482 [INFO] ThirdParty:873 - entering critical section [close project]
2024-01-16 10:19:33,483 [INFO] ThirdParty:883 - exiting critical section [close project]
2024-01-16 10:19:33,484 [INFO] PinOutPanel:1499 - setPackage(No Configuration,No Configuration)
2024-01-16 10:19:33,486 [INFO] UtilMem:75 - Begin LoadConfig() Used Memory: 633986544 Bytes (953155584)
2024-01-16 10:19:33,487 [INFO] MicroXplorer:468 - Change Database Path : 
2024-01-16 10:19:33,488 [INFO] MicroXplorer:498 - Change Database Version : DB.6.0.100
2024-01-16 10:19:33,488 [INFO] OpenFileManager:312 - Change cursor
2024-01-16 10:19:33,531 [INFO] Mcu:2016 - Initializing MCU STM32F411R(C-E)Tx STM32F411RETx STM32F411RET6
2024-01-16 10:19:34,836 [INFO] Context:659 - Trying to add GPIOservice into a context  which must be forbidden
2024-01-16 10:19:35,364 [INFO] RtosManager:555 - Registered RTOS mode: class=CMSIS, group=RTOS, mode=CMSIS_V1, owner=FREERTOS
2024-01-16 10:19:35,365 [INFO] RtosManager:555 - Registered RTOS mode: class=CMSIS, group=RTOS2, mode=CMSIS_V2, owner=FREERTOS
2024-01-16 10:19:35,365 [INFO] RtosManager:555 - Registered RTOS mode: class=RTOS, group=Core, mode=CMSIS_V1, owner=FREERTOS
2024-01-16 10:19:35,365 [INFO] RtosManager:555 - Registered RTOS mode: class=RTOS, group=Core, mode=CMSIS_V2, owner=FREERTOS
2024-01-16 10:19:35,366 [WARN] ModelIntegratedComponent:184 - Missing modes for component STMicroelectronics:FreeRTOS:0.0.1:STMicroelectronics:RTOS:FreeRTOS:Core:::10.2.0:
2024-01-16 10:19:35,366 [WARN] ModelIntegratedComponent:182 - Modes not found for component STMicroelectronics:USB_DEVICE:1.0.0:STMicroelectronics:USB::USB Device:Audio HS::1.0:USB_DEVICE_1_0_RESTRICTED_HS
2024-01-16 10:19:35,366 [WARN] ModelIntegratedComponent:188 - Modes not found for component STMicroelectronics:USB_DEVICE:1.0.0:STMicroelectronics:USB::USB Device:Audio HS::1.0:USB_DEVICE_1_0_RESTRICTED_HS
2024-01-16 10:19:35,366 [WARN] ModelIntegratedComponent:182 - Modes not found for component STMicroelectronics:USB_DEVICE:1.0.0:STMicroelectronics:USB::USB Device:CDC HS::1.0:USB_DEVICE_1_0_RESTRICTED_HS
2024-01-16 10:19:35,366 [WARN] ModelIntegratedComponent:188 - Modes not found for component STMicroelectronics:USB_DEVICE:1.0.0:STMicroelectronics:USB::USB Device:CDC HS::1.0:USB_DEVICE_1_0_RESTRICTED_HS
2024-01-16 10:19:35,366 [WARN] ModelIntegratedComponent:182 - Modes not found for component STMicroelectronics:USB_DEVICE:1.0.0:STMicroelectronics:USB::USB Device:DFU HS::1.0:USB_DEVICE_1_0_RESTRICTED_HS
2024-01-16 10:19:35,366 [WARN] ModelIntegratedComponent:188 - Modes not found for component STMicroelectronics:USB_DEVICE:1.0.0:STMicroelectronics:USB::USB Device:DFU HS::1.0:USB_DEVICE_1_0_RESTRICTED_HS
2024-01-16 10:19:35,367 [WARN] ModelIntegratedComponent:182 - Modes not found for component STMicroelectronics:USB_DEVICE:1.0.0:STMicroelectronics:USB::USB Device:HID HS::1.0:USB_DEVICE_1_0_RESTRICTED_HS
2024-01-16 10:19:35,367 [WARN] ModelIntegratedComponent:188 - Modes not found for component STMicroelectronics:USB_DEVICE:1.0.0:STMicroelectronics:USB::USB Device:HID HS::1.0:USB_DEVICE_1_0_RESTRICTED_HS
2024-01-16 10:19:35,367 [WARN] ModelIntegratedComponent:182 - Modes not found for component STMicroelectronics:USB_DEVICE:1.0.0:STMicroelectronics:USB::USB Device:Custom HID HS::1.0:USB_DEVICE_1_0_RESTRICTED_HS
2024-01-16 10:19:35,367 [WARN] ModelIntegratedComponent:188 - Modes not found for component STMicroelectronics:USB_DEVICE:1.0.0:STMicroelectronics:USB::USB Device:Custom HID HS::1.0:USB_DEVICE_1_0_RESTRICTED_HS
2024-01-16 10:19:35,367 [WARN] ModelIntegratedComponent:182 - Modes not found for component STMicroelectronics:USB_DEVICE:1.0.0:STMicroelectronics:USB::USB Device:MSC HS::1.0:USB_DEVICE_1_0_RESTRICTED_HS
2024-01-16 10:19:35,367 [WARN] ModelIntegratedComponent:188 - Modes not found for component STMicroelectronics:USB_DEVICE:1.0.0:STMicroelectronics:USB::USB Device:MSC HS::1.0:USB_DEVICE_1_0_RESTRICTED_HS
2024-01-16 10:19:35,371 [WARN] ModelIntegratedComponent:63 - No mode defined for component null
2024-01-16 10:19:35,371 [WARN] ModelIntegratedComponent:63 - No mode defined for component null
2024-01-16 10:19:35,371 [WARN] ModelIntegratedComponent:63 - No mode defined for component null
2024-01-16 10:19:35,371 [WARN] ModelIntegratedComponent:63 - No mode defined for component null
2024-01-16 10:19:35,371 [WARN] ModelIntegratedComponent:63 - No mode defined for component null
2024-01-16 10:19:35,371 [WARN] ModelIntegratedComponent:63 - No mode defined for component null
2024-01-16 10:19:35,371 [WARN] ModelIntegratedComponent:63 - No mode defined for component null
2024-01-16 10:19:35,371 [WARN] ModelIntegratedComponent:63 - No mode defined for component null
2024-01-16 10:19:35,372 [WARN] ModelIntegratedComponent:63 - No mode defined for component null
2024-01-16 10:19:35,372 [WARN] ModelIntegratedComponent:63 - No mode defined for component null
2024-01-16 10:19:35,372 [WARN] ModelIntegratedComponent:63 - No mode defined for component null
2024-01-16 10:19:35,372 [WARN] ModelIntegratedComponent:63 - No mode defined for component null
2024-01-16 10:19:35,372 [WARN] ModelIntegratedComponent:63 - No mode defined for component null
2024-01-16 10:19:35,372 [WARN] ModelIntegratedComponent:63 - No mode defined for component null
2024-01-16 10:19:35,372 [WARN] ModelIntegratedComponent:63 - No mode defined for component null
2024-01-16 10:19:35,372 [WARN] ModelIntegratedComponent:63 - No mode defined for component null
2024-01-16 10:19:35,372 [WARN] ModelIntegratedComponent:63 - No mode defined for component null
2024-01-16 10:19:35,372 [WARN] ModelIntegratedComponent:63 - No mode defined for component null
2024-01-16 10:19:35,372 [WARN] ModelIntegratedComponent:63 - No mode defined for component null
2024-01-16 10:19:35,372 [WARN] ModelIntegratedComponent:63 - No mode defined for component null
2024-01-16 10:19:35,372 [WARN] ModelIntegratedComponent:63 - No mode defined for component null
2024-01-16 10:19:35,373 [WARN] ModelIntegratedComponent:63 - No mode defined for component null
2024-01-16 10:19:35,373 [WARN] ModelIntegratedComponent:63 - No mode defined for component null
2024-01-16 10:19:35,373 [WARN] ModelIntegratedComponent:63 - No mode defined for component null
2024-01-16 10:19:35,373 [WARN] ModelIntegratedComponent:63 - No mode defined for component null
2024-01-16 10:19:35,373 [WARN] ModelIntegratedComponent:63 - No mode defined for component null
2024-01-16 10:19:35,373 [WARN] ModelIntegratedComponent:63 - No mode defined for component null
2024-01-16 10:19:35,373 [WARN] ModelIntegratedComponent:63 - No mode defined for component null
2024-01-16 10:19:35,373 [WARN] ModelIntegratedComponent:63 - No mode defined for component null
2024-01-16 10:19:35,373 [WARN] ModelIntegratedComponent:63 - No mode defined for component null
2024-01-16 10:19:35,373 [WARN] ModelIntegratedComponent:63 - No mode defined for component null
2024-01-16 10:19:35,373 [WARN] ModelIntegratedComponent:63 - No mode defined for component null
2024-01-16 10:19:35,373 [WARN] ModelIntegratedComponent:63 - No mode defined for component null
2024-01-16 10:19:35,375 [WARN] ModelIntegratedComponent:182 - Modes not found for component STMicroelectronics:USB_HOST:1.0.0:STMicroelectronics:USB::USB Host:Audio HS::1.0:USB_HOST_1_0_RESTRICTED_HS
2024-01-16 10:19:35,375 [WARN] ModelIntegratedComponent:188 - Modes not found for component STMicroelectronics:USB_HOST:1.0.0:STMicroelectronics:USB::USB Host:Audio HS::1.0:USB_HOST_1_0_RESTRICTED_HS
2024-01-16 10:19:35,375 [WARN] ModelIntegratedComponent:182 - Modes not found for component STMicroelectronics:USB_HOST:1.0.0:STMicroelectronics:USB::USB Host:CDC HS::1.0:USB_HOST_1_0_RESTRICTED_HS
2024-01-16 10:19:35,375 [WARN] ModelIntegratedComponent:188 - Modes not found for component STMicroelectronics:USB_HOST:1.0.0:STMicroelectronics:USB::USB Host:CDC HS::1.0:USB_HOST_1_0_RESTRICTED_HS
2024-01-16 10:19:35,375 [WARN] ModelIntegratedComponent:182 - Modes not found for component STMicroelectronics:USB_HOST:1.0.0:STMicroelectronics:USB::USB Host:MSC HS::1.0:USB_HOST_1_0_RESTRICTED_HS
2024-01-16 10:19:35,375 [WARN] ModelIntegratedComponent:188 - Modes not found for component STMicroelectronics:USB_HOST:1.0.0:STMicroelectronics:USB::USB Host:MSC HS::1.0:USB_HOST_1_0_RESTRICTED_HS
2024-01-16 10:19:35,375 [WARN] ModelIntegratedComponent:182 - Modes not found for component STMicroelectronics:USB_HOST:1.0.0:STMicroelectronics:USB::USB Host:HID HS::1.0:USB_HOST_1_0_RESTRICTED_HS
2024-01-16 10:19:35,375 [WARN] ModelIntegratedComponent:188 - Modes not found for component STMicroelectronics:USB_HOST:1.0.0:STMicroelectronics:USB::USB Host:HID HS::1.0:USB_HOST_1_0_RESTRICTED_HS
2024-01-16 10:19:35,375 [WARN] ModelIntegratedComponent:182 - Modes not found for component STMicroelectronics:USB_HOST:1.0.0:STMicroelectronics:USB::USB Host:MTP HS::1.0:USB_HOST_1_0_RESTRICTED_HS
2024-01-16 10:19:35,375 [WARN] ModelIntegratedComponent:188 - Modes not found for component STMicroelectronics:USB_HOST:1.0.0:STMicroelectronics:USB::USB Host:MTP HS::1.0:USB_HOST_1_0_RESTRICTED_HS
2024-01-16 10:19:35,383 [INFO] ThirdPartyModel:298 - Start build external matchings
2024-01-16 10:19:35,386 [INFO] ThirdPartyModel:316 - End build external matchings
2024-01-16 10:19:35,652 [INFO] UtilMem:75 - End LoadConfig() Used Memory: 788934504 Bytes (1073741824)
2024-01-16 10:19:35,761 [INFO] ApiDb:581 - Connected to CubeFinder SQLite database (C:\Users\npedu-203-19\.stmcufinder\plugins\mcufinder\mcu\cube-finder-db.db)
2024-01-16 10:19:35,842 [INFO] ApiDb:668 - CubeFinder database Data Model version=2.1
2024-01-16 10:19:35,842 [INFO] ApiDb:669 - CubeFinder database Configuration version=3.0.39
2024-01-16 10:19:35,843 [INFO] ApiDb:670 - CubeFinder database generation date=2023-12-08 (1702028721)
2024-01-16 10:19:35,843 [INFO] ApiDb:671 - CubeFinder database FW Pack versions=[FP-ATR-ASTRA1_V2.0.0, FP-SNS-FLIGHT1_V5.0.1, FP-SNS-FLIGHT1_V5.0.2, FP-SNS-MOTENV1_V4.3.1, FP-SNS-MOTENV1_V4.3.2, FP-SNS-MOTENVWB1_V1.3.1, FP-SNS-SMARTAG2_V1.2.0, STM32Cube_FW_C0_V1.1.0, STM32Cube_FW_F4_V1.28.0, STM32Cube_FW_F7_V1.17.0, STM32Cube_FW_G0_V1.6.1, STM32Cube_FW_G4_V1.5.1, STM32Cube_FW_H5_V0.5.1, STM32Cube_FW_H5_V1.1.1, STM32Cube_FW_H5_V1.2.0RC2, STM32Cube_FW_H7_V1.11.0, STM32Cube_FW_L0_V1.12.2, STM32Cube_FW_L5_V1.5.0, STM32Cube_FW_U5_V1.3.0RC4, STM32Cube_FW_U5_V1.4.0, STM32Cube_FW_WBA_V1.0.0RC1, STM32Cube_FW_WBA_V1.1.0RC1, STM32Cube_FW_WBA_V1.2.0, STM32Cube_FW_WBA_V1.2.0RC2, STM32Cube_FW_WB_V1.15.0RC1, STM32Cube_FW_WB_V1.16.0, STM32Cube_FW_WB_V1.16.0RC2, STM32Cube_FW_WB_V1.18.0, STM32Cube_FW_WL_V1.3.0, X-CUBE-ALGOBUILD_V1.3.0, X-CUBE-ALS_V1.0.1, X-CUBE-AZRTOS-F4_V1.1.0, X-CUBE-AZRTOS-F7_V1.1.0, X-CUBE-AZRTOS-G0_V1.1.0, X-CUBE-AZRTOS-G4_V2.0.0, X-CUBE-AZRTOS-H7_V3.1.0, X-CUBE-AZRTOS-L4_V1.0.0, X-CUBE-AZRTOS-L4_V2.0.0, X-CUBE-AZRTOS-L5_V1.1.0, X-CUBE-AZRTOS-WB_V2.0.0, X-CUBE-AZRTOS-WL_V2.0.0, X-CUBE-BLE1_V7.0.0, X-CUBE-BLE2_V3.3.0, X-CUBE-BLEMGR_V3.0.0, X-CUBE-EEPRMA1_V4.1.0, X-CUBE-EEPRMA1_V4.2.0, X-CUBE-FREERTOS_V1.1.0, X-CUBE-GNSS1_V6.0.0, X-CUBE-MEMS1_V10.0.0, X-CUBE-MEMS1_V9.1.0, X-CUBE-MEMS1_V9.4.0, X-CUBE-MEMS1_V9.6.0, X-CUBE-NFC4_V3.0.0, X-CUBE-NFC7_V1.0.1, X-CUBE-SFXS2LP1_V4.0.0, X-CUBE-SUBG2_V5.0.0, X-CUBE-TOF1_V3.4.0]
2024-01-16 10:19:37,651 [INFO] ApiDb:240 - Found 371 in-development CPN: [B-G473E-ZEST1S, B-WB1M-WPAN1, B-WL5M-SUBG1, NUCLEO-C031C6, NUCLEO-H503RB, NUCLEO-H563ZI, NUCLEO-U545RE-Q, NUCLEO-U5A5ZJ-Q, NUCLEO-WBA52CG, NUCLEO-WBA55CG, STEVAL-MKBOXPRO, STEVAL-PROTEUS1, STEVAL-STWINBX1, STM320518-EVAL, STM32C0116-DK, STM32C011D6Y3TR, STM32C011D6Y6TR, STM32C011F4P3, STM32C011F4P6, STM32C011F4U3, STM32C011F4U6TR, STM32C011F6P3, STM32C011F6P6, STM32C011F6U3, STM32C011F6U6TR, STM32C011J4M3, STM32C011J4M6, STM32C011J6M3, STM32C011J6M6, STM32C0316-DK, STM32C031C4T3, STM32C031C4T6, STM32C031C4U3, STM32C031C4U6, STM32C031C6T3, STM32C031C6T6, STM32C031C6U3, STM32C031C6U6, STM32C031F4P3, STM32C031F4P6, STM32C031F6P3, STM32C031F6P6, STM32C031G4U3, STM32C031G4U6, STM32C031G6U3, STM32C031G6U6, STM32C031K4T3, STM32C031K4T6, STM32C031K4U3, STM32C031K4U6, STM32C031K6T3, STM32C031K6T6, STM32C031K6U3, STM32C031K6U6, STM32G071K8TXN, STM32G071K8UXN, STM32G081GBU6N, STM32G081KBT6N, STM32G081KBUXN, STM32G0B1CCT6N, STM32G0B1KCT6, STM32G0B1NEY6TR, STM32G0B1RCT6N, STM32G0C1CCT6, STM32G0C1CCT6N, STM32G0C1CCU6N, STM32G0C1CET6N, STM32G0C1CEU6N, STM32G0C1KCT6, STM32G0C1NEY6TR, STM32G0C1RCI6N, STM32G0C1RCT6N, STM32G0C1REI6N, STM32G0C1RET6N, STM32G0C1VCI6, STM32G0C1VEI6, STM32G471CCT6, STM32G471CCU6, STM32G471CET3, STM32G471CET6, STM32G471CEU3, STM32G471CEU6, STM32G471MCT6, STM32G471MET3, STM32G471MET6, STM32G471MEY6TR, STM32G471QCT6, STM32G471QET3, STM32G471RCT6, STM32G471RET3, STM32G471RET6, STM32G471VCH6, STM32G471VCI6, STM32G471VCT6, STM32G471VEH3, STM32G471VEH6, STM32G471VEI3, STM32G471VEI6, STM32G471VET3, STM32G471VET6, STM32G474CCT6, STM32H503CBT6, STM32H503CBU6, STM32H503EBY6TR, STM32H503KBU6, STM32H503RBT6, STM32H562AGI6, STM32H562AII6, STM32H562IGK6, STM32H562IGT6, STM32H562IIK6, STM32H562IIT6, STM32H562RGT6, STM32H562RGV6, STM32H562RIT6, STM32H562RIV6, STM32H562VGT6, STM32H562VIT6, STM32H562ZGT6, STM32H562ZIT6, STM32H563AGI6, STM32H563AII3Q, STM32H563AII6, STM32H563IGK6, STM32H563IGT6, STM32H563IIK3Q, STM32H563IIK6, STM32H563IIT3Q, STM32H563IIT6, STM32H563MIY3QTR, STM32H563RGT6, STM32H563RGV6, STM32H563RIT6, STM32H563RIV6, STM32H563VGT6, STM32H563VIT3Q, STM32H563VIT6, STM32H563ZGT6, STM32H563ZIT3Q, STM32H563ZIT6, STM32H573AII3Q, STM32H573AII6, STM32H573I-DK, STM32H573IIK3Q, STM32H573IIK6, STM32H573IIT3Q, STM32H573IIT6, STM32H573MIY3QTR, STM32H573RIT6, STM32H573RIV6, STM32H573VIT3Q, STM32H573VIT6, STM32H573ZIT3Q, STM32H573ZIT6, STM32L4R5QGI6STR, STM32MP131AAE3, STM32MP131AAF3, STM32MP131AAG3, STM32MP131CAE3, STM32MP131CAF3, STM32MP131CAG3, STM32MP131DAE7, STM32MP131DAF7, STM32MP131DAG7, STM32MP131FAE7, STM32MP131FAF7, STM32MP131FAG7, STM32MP133AAE3, STM32MP133AAF3, STM32MP133AAG3, STM32MP133CAE3, STM32MP133CAF3, STM32MP133CAG3, STM32MP133DAE7, STM32MP133DAF7, STM32MP133DAG7, STM32MP133FAE7, STM32MP133FAF7, STM32MP133FAG7, STM32MP135AAE3, STM32MP135AAF3, STM32MP135AAG3, STM32MP135CAE3, STM32MP135CAF3, STM32MP135CAG3, STM32MP135DAE7, STM32MP135DAF7, STM32MP135DAG7, STM32MP135F-DK, STM32MP135FAE7, STM32MP135FAF7, STM32MP135FAF7T, STM32MP135FAF7U, STM32MP135FAG7, STM32U535CBT6, STM32U535CBT6Q, STM32U535CBU6, STM32U535CBU6Q, STM32U535CCT6, STM32U535CCT6Q, STM32U535CCU6, STM32U535CCU6Q, STM32U535CET6, STM32U535CET6Q, STM32U535CEU6, STM32U535CEU6Q, STM32U535JEY6QTR, STM32U535NCY6QTR, STM32U535NEY6QTR, STM32U535RBI6, STM32U535RBI6Q, STM32U535RBT6, STM32U535RBT6Q, STM32U535RCI6, STM32U535RCI6Q, STM32U535RCT6, STM32U535RCT6Q, STM32U535REI6, STM32U535REI6Q, STM32U535RET6, STM32U535RET6Q, STM32U535VCI6, STM32U535VCI6Q, STM32U535VCT6, STM32U535VCT6Q, STM32U535VEI6, STM32U535VEI6Q, STM32U535VET6, STM32U535VET6Q, STM32U545CET6, STM32U545CET6Q, STM32U545CEU6, STM32U545CEU6Q, STM32U545JEY6QTR, STM32U545NEY6QTR, STM32U545REI6, STM32U545REI6Q, STM32U545RET6, STM32U545RET6Q, STM32U545VEI6, STM32U545VEI6Q, STM32U545VET6, STM32U545VET6Q, STM32U595AIH6, STM32U595AIH6Q, STM32U595AJH6, STM32U595AJH6Q, STM32U595QII6, STM32U595QII6Q, STM32U595QJI6, STM32U595QJI6Q, STM32U595RIT6, STM32U595RIT6Q, STM32U595RJT6, STM32U595RJT6Q, STM32U595VIT6, STM32U595VIT6Q, STM32U595VJT6, STM32U595VJT6Q, STM32U595ZIT6, STM32U595ZIT6Q, STM32U595ZIY6QTR, STM32U595ZJT6, STM32U595ZJT6Q, STM32U595ZJY6QTR, STM32U599BJY6QTR, STM32U599NIH6Q, STM32U599NJH6Q, STM32U599VIT6Q, STM32U599VJT6, STM32U599VJT6Q, STM32U599ZIT6Q, STM32U599ZIY6QTR, STM32U599ZJT6Q, STM32U599ZJY6QTR, STM32U5A5AJH6, STM32U5A5AJH6Q, STM32U5A5QJI6, STM32U5A5QJI6Q, STM32U5A5RJT6, STM32U5A5RJT6Q, STM32U5A5VJT6, STM32U5A5VJT6Q, STM32U5A5ZJT6, STM32U5A5ZJT6Q, STM32U5A5ZJY6QTR, STM32U5A9BJY6QTR, STM32U5A9J-DK, STM32U5A9NJH6Q, STM32U5A9VJT6Q, STM32U5A9ZJT6Q, STM32U5A9ZJY6QTR, STM32U5F7VIT6, STM32U5F7VIT6Q, STM32U5F7VJT6, STM32U5F7VJT6Q, STM32U5F9BJY6QTR, STM32U5F9NJH6Q, STM32U5F9VIT6Q, STM32U5F9VJT6Q, STM32U5F9ZIJ6QTR, STM32U5F9ZIT6Q, STM32U5F9ZJJ6QTR, STM32U5F9ZJT6Q, STM32U5G7VJT6, STM32U5G7VJT6Q, STM32U5G9BJY6QTR, STM32U5G9J-DK1, STM32U5G9J-DK2, STM32U5G9NJH6Q, STM32U5G9VJT6Q, STM32U5G9ZJJ6QTR, STM32U5G9ZJT6Q, STM32WB1MMCH6, STM32WBA50KEU6, STM32WBA50KEU6TR, STM32WBA50KGU6, STM32WBA50KGU6TR, STM32WBA52CEU6, STM32WBA52CEU6TR, STM32WBA52CEU7, STM32WBA52CEU7TR, STM32WBA52CGU6, STM32WBA52CGU6TR, STM32WBA52CGU6U, STM32WBA52CGU7, STM32WBA52CGU7TR, STM32WBA52KEU6, STM32WBA52KEU6TR, STM32WBA52KGU6, STM32WBA52KGU6TR, STM32WBA54CEU6, STM32WBA54CEU6TR, STM32WBA54CEU7, STM32WBA54CEU7TR, STM32WBA54CGU6, STM32WBA54CGU6TR, STM32WBA54CGU7, STM32WBA54CGU7TR, STM32WBA54KEU6, STM32WBA54KEU6TR, STM32WBA54KEU7, STM32WBA54KEU7TR, STM32WBA54KGU6, STM32WBA54KGU6TR, STM32WBA54KGU7, STM32WBA54KGU7TR, STM32WBA55CEU6, STM32WBA55CEU6TR, STM32WBA55CEU7, STM32WBA55CEU7TR, STM32WBA55CGU6, STM32WBA55CGU6TR, STM32WBA55CGU6U, STM32WBA55CGU7, STM32WBA55CGU7TR, STM32WBA55G-DK1, STM32WBA55HEF6, STM32WBA55HEF7, STM32WBA55HGF6, STM32WBA55HGF7, STM32WBA55UEI6, STM32WBA55UEI6TR, STM32WBA55UEI7, STM32WBA55UEI7TR, STM32WBA55UGI6, STM32WBA55UGI6TR, STM32WBA55UGI7, STM32WBA55UGI7TR, STM32WL5MOCH6, STM32WL5MOCH6TR]
2024-01-16 10:19:37,654 [INFO] DbMcus:218 - Found 3930 MCUs, 3930 are supported
2024-01-16 10:19:37,655 [INFO] ApiDb:423 - Load user favorites file C:\Users\npedu-203-19/.stm32cubeide/favorites.mcus.txt: 0 item(s)
2024-01-16 10:19:37,655 [INFO] ApiDb:427 - User favorites MCUs=[]
2024-01-16 10:19:37,655 [INFO] DbMcus:224 - Set 0 / 0 favorites MCUs
2024-01-16 10:19:37,979 [INFO] MicroXplorer:468 - Change Database Path : 
2024-01-16 10:19:37,979 [INFO] MicroXplorer:498 - Change Database Version : DB.6.0.100
2024-01-16 10:19:37,980 [WARN] ThirdParty:833 - waiting for thirdparty lock release [change project]
2024-01-16 10:19:37,980 [INFO] ThirdParty:835 - entering critical section [change project]
2024-01-16 10:19:37,980 [INFO] ThirdParty:1030 - CMSIS Pack Vendor :STMicroelectronics USBPD 4.1
2024-01-16 10:19:37,980 [INFO] ThirdParty:1030 - CMSIS Pack Vendor :STMicroelectronics ThreadX 1.0.0
2024-01-16 10:19:37,980 [INFO] ThirdParty:1030 - CMSIS Pack Vendor :STMicroelectronics FP-SNS-MOTENV1 4.3.2
2024-01-16 10:19:37,980 [INFO] ThirdParty:1030 - CMSIS Pack Vendor :STMicroelectronics USB_HOST 2.0.0
2024-01-16 10:19:37,980 [INFO] ThirdParty:1030 - CMSIS Pack Vendor :STMicroelectronics LIBJPEG 8.0.0
2024-01-16 10:19:37,980 [INFO] ThirdParty:1030 - CMSIS Pack Vendor :STMicroelectronics FP-ATR-SIGFOX1 3.2.0
2024-01-16 10:19:37,980 [INFO] ThirdParty:1030 - CMSIS Pack Vendor :STMicroelectronics FreeRTOS 0.0.1
2024-01-16 10:19:37,980 [INFO] ThirdParty:1030 - CMSIS Pack Vendor :STMicroelectronics USB_DEVICE 1.0.0
2024-01-16 10:19:37,980 [INFO] ThirdParty:1030 - CMSIS Pack Vendor :STMicroelectronics STM32_WPAN 1.0.0
2024-01-16 10:19:37,980 [INFO] ThirdParty:1030 - CMSIS Pack Vendor :STMicroelectronics USB_DEVICE 3.0.0
2024-01-16 10:19:37,980 [INFO] ThirdParty:1030 - CMSIS Pack Vendor :STMicroelectronics HAL Drivers 0.0.0
2024-01-16 10:19:37,980 [INFO] ThirdParty:1030 - CMSIS Pack Vendor :STMicroelectronics MBEDTLS 2.16.2
2024-01-16 10:19:37,980 [INFO] ThirdParty:1030 - CMSIS Pack Vendor :STMicroelectronics ThreadX 0.0.2
2024-01-16 10:19:37,980 [INFO] ThirdParty:1030 - CMSIS Pack Vendor :STMicroelectronics FP-ATR-ASTRA1 2.0.0
2024-01-16 10:19:37,980 [INFO] ThirdParty:1030 - CMSIS Pack Vendor :STMicroelectronics lwIP 2.0.3
2024-01-16 10:19:37,980 [INFO] ThirdParty:1030 - CMSIS Pack Vendor :STMicroelectronics lwIP 2.1.2
2024-01-16 10:19:37,980 [INFO] ThirdParty:1030 - CMSIS Pack Vendor :STMicroelectronics MBEDTLS 2.14.1
2024-01-16 10:19:37,980 [INFO] ThirdParty:1030 - CMSIS Pack Vendor :STMicroelectronics FP-SNS-FLIGHT1 5.0.2
2024-01-16 10:19:37,981 [INFO] ThirdParty:1030 - CMSIS Pack Vendor :STMicroelectronics USB_HOST 1.0.0
2024-01-16 10:19:37,981 [INFO] ThirdParty:1030 - CMSIS Pack Vendor :STMicroelectronics PDM2PCM 3.1.0
2024-01-16 10:19:37,981 [INFO] ThirdParty:1030 - CMSIS Pack Vendor :STMicroelectronics PDM2PCM 3.2.0
2024-01-16 10:19:37,981 [INFO] ThirdParty:1030 - CMSIS Pack Vendor :STMicroelectronics USB_DEVICE 2.0.0
2024-01-16 10:19:37,981 [INFO] ThirdParty:1030 - CMSIS Pack Vendor :STMicroelectronics PDM2PCM 3.3.0
2024-01-16 10:19:37,981 [INFO] ThirdParty:841 - exiting critical section [change project]
2024-01-16 10:19:38,344 [INFO] PinOutPanel:1499 - setPackage(No Configuration,No Configuration)
2024-01-16 10:19:38,345 [INFO] PinOutPanel:1499 - setPackage(STM32F411RETx,LQFP64)
2024-01-16 10:19:38,733 [INFO] UtilMem:75 - Before build in PCC Used Memory: 721921536 Bytes (1073741824)
2024-01-16 10:19:39,820 [INFO] UtilMem:75 - After build in PCC Used Memory: 781164032 Bytes (1073741824)
2024-01-16 10:19:39,849 [INFO] IPUIPlugin:80 - create IPUIPlugin
2024-01-16 10:19:39,849 [INFO] IPUIPlugin:80 - create IPUIPlugin
2024-01-16 10:19:39,849 [INFO] IPUIPlugin:80 - create IPUIPlugin
2024-01-16 10:19:39,850 [INFO] IPUIPlugin:80 - create IPUIPlugin
2024-01-16 10:19:39,850 [INFO] IPUIPlugin:80 - create IPUIPlugin
2024-01-16 10:19:39,850 [INFO] IPUIPlugin:80 - create IPUIPlugin
2024-01-16 10:19:39,850 [INFO] IPUIPlugin:80 - create IPUIPlugin
2024-01-16 10:19:39,850 [INFO] IPUIPlugin:80 - create IPUIPlugin
2024-01-16 10:19:39,850 [INFO] IPUIPlugin:80 - create IPUIPlugin
2024-01-16 10:19:39,850 [INFO] IPUIPlugin:80 - create IPUIPlugin
2024-01-16 10:19:39,850 [INFO] IPUIPlugin:80 - create IPUIPlugin
2024-01-16 10:19:39,850 [INFO] IPUIPlugin:80 - create IPUIPlugin
2024-01-16 10:19:39,851 [INFO] IPUIPlugin:80 - create IPUIPlugin
2024-01-16 10:19:39,851 [INFO] IPUIPlugin:80 - create IPUIPlugin
2024-01-16 10:19:39,851 [INFO] IPUIPlugin:80 - create IPUIPlugin
2024-01-16 10:19:39,851 [INFO] IPUIPlugin:80 - create IPUIPlugin
2024-01-16 10:19:39,851 [INFO] IPUIPlugin:80 - create IPUIPlugin
2024-01-16 10:19:39,851 [INFO] IPUIPlugin:80 - create IPUIPlugin
2024-01-16 10:19:39,851 [INFO] IPUIPlugin:80 - create IPUIPlugin
2024-01-16 10:19:39,852 [INFO] IPUIPlugin:80 - create IPUIPlugin
2024-01-16 10:19:39,852 [INFO] IPUIPlugin:80 - create IPUIPlugin
2024-01-16 10:19:39,852 [INFO] IPUIPlugin:80 - create IPUIPlugin
2024-01-16 10:19:39,852 [INFO] IPUIPlugin:80 - create IPUIPlugin
2024-01-16 10:19:39,852 [INFO] IPUIPlugin:80 - create IPUIPlugin
2024-01-16 10:19:39,853 [INFO] IPUIPlugin:80 - create IPUIPlugin
2024-01-16 10:19:39,853 [INFO] IPUIPlugin:80 - create IPUIPlugin
2024-01-16 10:19:39,853 [INFO] IPUIPlugin:80 - create IPUIPlugin
2024-01-16 10:19:39,853 [INFO] IPUIPlugin:80 - create IPUIPlugin
2024-01-16 10:19:39,853 [INFO] IPUIPlugin:80 - create IPUIPlugin
2024-01-16 10:19:39,854 [INFO] IPUIPlugin:80 - create IPUIPlugin
2024-01-16 10:19:39,854 [INFO] IPUIPlugin:80 - create IPUIPlugin
2024-01-16 10:19:39,854 [INFO] IPUIPlugin:80 - create IPUIPlugin
2024-01-16 10:19:39,854 [INFO] IPUIPlugin:80 - create IPUIPlugin
2024-01-16 10:19:39,854 [INFO] IPUIPlugin:80 - create IPUIPlugin
2024-01-16 10:19:39,855 [INFO] IPUIPlugin:80 - create IPUIPlugin
2024-01-16 10:19:39,855 [INFO] IPUIPlugin:80 - create IPUIPlugin
2024-01-16 10:19:39,855 [INFO] IPUIPlugin:80 - create IPUIPlugin
2024-01-16 10:19:39,855 [INFO] IPUIPlugin:80 - create IPUIPlugin
2024-01-16 10:19:39,856 [INFO] IPUIPlugin:80 - create IPUIPlugin
2024-01-16 10:19:39,856 [INFO] IPUIPlugin:80 - create IPUIPlugin
2024-01-16 10:19:39,856 [INFO] IPUIPlugin:80 - create IPUIPlugin
2024-01-16 10:19:39,856 [INFO] IPUIPlugin:80 - create IPUIPlugin
2024-01-16 10:19:39,857 [INFO] IPUIPlugin:80 - create IPUIPlugin
2024-01-16 10:19:40,031 [INFO] ApiDbMcu:508 - Load IP Config File for PDM2PCM
2024-01-16 10:19:40,317 [INFO] CADModel:165 - CPN selected for project levelSTM32F411RET6
2024-01-16 10:19:40,317 [INFO] CADModel:114 - Register for checkConnection events
2024-01-16 10:19:40,370 [INFO] OpenFileManager:343 - Restore cursor
2024-01-16 10:21:44,544 [INFO] UtilMem:75 - End SaveConfig() Used Memory: 830646088 Bytes (1073741824)
2024-01-16 10:21:46,122 [INFO] UtilMem:75 - End SaveConfig() Used Memory: 852620368 Bytes (1073741824)
2024-01-16 10:21:47,412 [INFO] UtilMem:75 - End SaveConfig() Used Memory: 907052672 Bytes (1073741824)
2024-01-16 10:21:47,973 [INFO] BlockDiagram:2759 - set Specific Code input for plugin: NVIC
2024-01-16 10:21:47,973 [INFO] BlockDiagram:2759 - set Specific Code input for plugin: USART
2024-01-16 10:21:47,973 [INFO] BlockDiagram:2759 - set Specific Code input for plugin: TIM1_8
2024-01-16 10:21:47,973 [INFO] BlockDiagram:2759 - set Specific Code input for plugin: TIM1_8
2024-01-16 10:21:47,973 [INFO] BlockDiagram:2759 - set Specific Code input for plugin: SYS
2024-01-16 10:21:47,974 [INFO] BlockDiagram:2759 - set Specific Code input for plugin: GPIO
2024-01-16 10:21:47,974 [INFO] BlockDiagram:2759 - set Specific Code input for plugin: RCC
2024-01-16 10:21:47,976 [INFO] CodeGenerator:807 - code generatio: config db path: C:\ST\STM32CubeIDE_1.14.0\STM32CubeIDE\plugins\com.st.stm32cube.common.mx_6.10.0.202311202037\\db\
2024-01-16 10:21:48,321 [INFO] CodeEngine:255 - oldGeneratedFile, C:\Users\npedu-203-19\STM32CubeIDE\workspace_1.14.0\servoMotor\MXTmpFiles\license.tmp_save
2024-01-16 10:21:48,763 [INFO] CodeEngine:279 - Generated code: C:\Users\npedu-203-19\STM32CubeIDE\workspace_1.14.0\servoMotor\MXTmpFiles\license.tmp
2024-01-16 10:21:48,847 [INFO] CodeEngine:255 - oldGeneratedFile, C:\Users\npedu-203-19\STM32CubeIDE\workspace_1.14.0\servoMotor\MXTmpFiles\gpio.tmp_save
2024-01-16 10:21:49,005 [INFO] CodeEngine:279 - Generated code: C:\Users\npedu-203-19\STM32CubeIDE\workspace_1.14.0\servoMotor\MXTmpFiles\gpio.tmp
2024-01-16 10:21:49,218 [INFO] CodeEngine:255 - oldGeneratedFile, C:\Users\npedu-203-19\STM32CubeIDE\workspace_1.14.0\servoMotor\Core\Src\stm32f4xx_it.c_save
2024-01-16 10:21:49,377 [INFO] CodeEngine:279 - Generated code: C:\Users\npedu-203-19\STM32CubeIDE\workspace_1.14.0\servoMotor\Core\Src\stm32f4xx_it.c
2024-01-16 10:21:49,407 [INFO] CodeEngine:255 - oldGeneratedFile, C:\Users\npedu-203-19\STM32CubeIDE\workspace_1.14.0\servoMotor\Core\Inc\stm32f4xx_it.h_save
2024-01-16 10:21:49,519 [INFO] CodeEngine:279 - Generated code: C:\Users\npedu-203-19\STM32CubeIDE\workspace_1.14.0\servoMotor\Core\Inc\stm32f4xx_it.h
2024-01-16 10:21:49,559 [INFO] CodeEngine:255 - oldGeneratedFile, C:\Users\npedu-203-19\STM32CubeIDE\workspace_1.14.0\servoMotor\Core\Src\stm32f4xx_hal_msp.c_save
2024-01-16 10:21:49,770 [INFO] CodeEngine:279 - Generated code: C:\Users\npedu-203-19\STM32CubeIDE\workspace_1.14.0\servoMotor\Core\Src\stm32f4xx_hal_msp.c
2024-01-16 10:21:49,782 [INFO] CodeEngine:255 - oldGeneratedFile, C:\Users\npedu-203-19\STM32CubeIDE\workspace_1.14.0\servoMotor\MXTmpFiles\system.tmp_save
2024-01-16 10:21:49,852 [INFO] CodeEngine:279 - Generated code: C:\Users\npedu-203-19\STM32CubeIDE\workspace_1.14.0\servoMotor\MXTmpFiles\system.tmp
2024-01-16 10:21:49,883 [INFO] CodeEngine:311 - oldGeneratedFile, C:\Users\npedu-203-19\STM32CubeIDE\workspace_1.14.0\servoMotor\Core\Inc\stm32f4xx_hal_conf.h_save
2024-01-16 10:21:49,974 [INFO] CodeEngine:335 - Generated code: C:\Users\npedu-203-19\STM32CubeIDE\workspace_1.14.0\servoMotor\Core\Inc\stm32f4xx_hal_conf.h
2024-01-16 10:21:50,007 [WARN] IPConfigManager:3440 - IP not found : TIM
2024-01-16 10:21:50,008 [WARN] CodeGenerator:3939 - IP not found : null
2024-01-16 10:21:50,033 [INFO] CodeEngine:255 - oldGeneratedFile, C:\Users\npedu-203-19\STM32CubeIDE\workspace_1.14.0\servoMotor\Core\Inc\main.h_save
2024-01-16 10:21:50,122 [INFO] CodeEngine:279 - Generated code: C:\Users\npedu-203-19\STM32CubeIDE\workspace_1.14.0\servoMotor\Core\Inc\main.h
2024-01-16 10:21:50,143 [INFO] CodeEngine:255 - oldGeneratedFile, C:\Users\npedu-203-19\STM32CubeIDE\workspace_1.14.0\servoMotor\Core\Src\main.c_save
2024-01-16 10:21:50,340 [INFO] CodeEngine:279 - Generated code: C:\Users\npedu-203-19\STM32CubeIDE\workspace_1.14.0\servoMotor\Core\Src\main.c
2024-01-16 10:21:50,915 [INFO] ProjectBuilder:3076 - Time for Copy HAL[1] : 191mS.
2024-01-16 10:21:50,920 [INFO] ProjectBuilder:4485 - Project Generator version: 4.2.0-B44
2024-01-16 10:21:51,084 [INFO] ConfigFileManager:1495 - The Die is : DIE431
2024-01-16 10:21:51,099 [INFO] ApiDbMcu:508 - Load IP Config File for FATFS
2024-01-16 10:21:51,110 [INFO] ApiDbMcu:508 - Load IP Config File for FREERTOS
2024-01-16 10:21:51,117 [INFO] ApiDbMcu:508 - Load IP Config File for LIBJPEG
2024-01-16 10:21:51,129 [INFO] ApiDbMcu:508 - Load IP Config File for MBEDTLS
2024-01-16 10:21:51,142 [INFO] ApiDbMcu:508 - Load IP Config File for USB_DEVICE
2024-01-16 10:21:51,154 [INFO] ApiDbMcu:508 - Load IP Config File for USB_HOST
2024-01-16 10:21:52,080 [INFO] LogOutputStream:77 - [STDOUT_REDIRECT] 
2024-01-16 10:21:53,658 [INFO] ProjectBuilder:4747 - Time for Generating toolchain IDE Files: 2738mS.
2024-01-16 10:21:53,659 [INFO] ProjectBuilder:2947 - Time for Copy CMSIS : 1mS.
2024-01-16 10:21:53,662 [INFO] ProjectBuilder:2947 - Time for Copy CMSIS : 0mS.
2024-01-16 10:32:12,334 [INFO] NvicIntPanel:101 - NVIC parent = com.st.microxplorer.plugins.ip.nvic.MultiNvicIntPanel[,0,0,0x0,invalid,layout=javax.swing.BoxLayout,alignmentX=0.0,alignmentY=0.0,border=,flags=9,maximumSize=,minimumSize=,preferredSize=]
2024-01-16 10:32:51,653 [INFO] UtilMem:75 - End SaveConfig() Used Memory: 745324800 Bytes (1073741824)
2024-01-16 10:32:52,870 [INFO] UtilMem:75 - End SaveConfig() Used Memory: 763676928 Bytes (1073741824)
2024-01-16 10:32:55,461 [INFO] UtilMem:75 - End SaveConfig() Used Memory: 858571008 Bytes (1073741824)
2024-01-16 10:32:55,617 [INFO] BlockDiagram:2759 - set Specific Code input for plugin: NVIC
2024-01-16 10:32:55,618 [INFO] BlockDiagram:2759 - set Specific Code input for plugin: USART
2024-01-16 10:32:55,618 [INFO] BlockDiagram:2759 - set Specific Code input for plugin: TIM1_8
2024-01-16 10:32:55,618 [INFO] BlockDiagram:2759 - set Specific Code input for plugin: TIM1_8
2024-01-16 10:32:55,618 [INFO] BlockDiagram:2759 - set Specific Code input for plugin: SYS
2024-01-16 10:32:55,618 [INFO] BlockDiagram:2759 - set Specific Code input for plugin: GPIO
2024-01-16 10:32:55,618 [INFO] BlockDiagram:2759 - set Specific Code input for plugin: RCC
2024-01-16 10:32:55,619 [INFO] CodeGenerator:807 - code generatio: config db path: C:\ST\STM32CubeIDE_1.14.0\STM32CubeIDE\plugins\com.st.stm32cube.common.mx_6.10.0.202311202037\\db\
2024-01-16 10:32:55,785 [INFO] CodeEngine:255 - oldGeneratedFile, C:\Users\npedu-203-19\STM32CubeIDE\workspace_1.14.0\servoMotor\MXTmpFiles\license.tmp_save
2024-01-16 10:32:55,922 [INFO] CodeEngine:279 - Generated code: C:\Users\npedu-203-19\STM32CubeIDE\workspace_1.14.0\servoMotor\MXTmpFiles\license.tmp
2024-01-16 10:32:55,949 [INFO] CodeEngine:255 - oldGeneratedFile, C:\Users\npedu-203-19\STM32CubeIDE\workspace_1.14.0\servoMotor\MXTmpFiles\gpio.tmp_save
2024-01-16 10:32:56,070 [INFO] CodeEngine:279 - Generated code: C:\Users\npedu-203-19\STM32CubeIDE\workspace_1.14.0\servoMotor\MXTmpFiles\gpio.tmp
2024-01-16 10:32:56,207 [INFO] CodeEngine:255 - oldGeneratedFile, C:\Users\npedu-203-19\STM32CubeIDE\workspace_1.14.0\servoMotor\Core\Src\stm32f4xx_it.c_save
2024-01-16 10:32:56,416 [INFO] CodeEngine:279 - Generated code: C:\Users\npedu-203-19\STM32CubeIDE\workspace_1.14.0\servoMotor\Core\Src\stm32f4xx_it.c
2024-01-16 10:32:56,423 [INFO] CodeEngine:255 - oldGeneratedFile, C:\Users\npedu-203-19\STM32CubeIDE\workspace_1.14.0\servoMotor\Core\Inc\stm32f4xx_it.h_save
2024-01-16 10:32:56,482 [INFO] CodeEngine:279 - Generated code: C:\Users\npedu-203-19\STM32CubeIDE\workspace_1.14.0\servoMotor\Core\Inc\stm32f4xx_it.h
2024-01-16 10:32:56,503 [INFO] CodeEngine:255 - oldGeneratedFile, C:\Users\npedu-203-19\STM32CubeIDE\workspace_1.14.0\servoMotor\Core\Src\stm32f4xx_hal_msp.c_save
2024-01-16 10:32:56,610 [INFO] CodeEngine:279 - Generated code: C:\Users\npedu-203-19\STM32CubeIDE\workspace_1.14.0\servoMotor\Core\Src\stm32f4xx_hal_msp.c
2024-01-16 10:32:56,616 [INFO] CodeEngine:255 - oldGeneratedFile, C:\Users\npedu-203-19\STM32CubeIDE\workspace_1.14.0\servoMotor\MXTmpFiles\system.tmp_save
2024-01-16 10:32:56,669 [INFO] CodeEngine:279 - Generated code: C:\Users\npedu-203-19\STM32CubeIDE\workspace_1.14.0\servoMotor\MXTmpFiles\system.tmp
2024-01-16 10:32:56,689 [INFO] CodeEngine:311 - oldGeneratedFile, C:\Users\npedu-203-19\STM32CubeIDE\workspace_1.14.0\servoMotor\Core\Inc\stm32f4xx_hal_conf.h_save
2024-01-16 10:32:56,773 [INFO] CodeEngine:335 - Generated code: C:\Users\npedu-203-19\STM32CubeIDE\workspace_1.14.0\servoMotor\Core\Inc\stm32f4xx_hal_conf.h
2024-01-16 10:32:56,805 [WARN] IPConfigManager:3440 - IP not found : TIM
2024-01-16 10:32:56,805 [WARN] CodeGenerator:3939 - IP not found : null
2024-01-16 10:32:56,821 [INFO] CodeEngine:255 - oldGeneratedFile, C:\Users\npedu-203-19\STM32CubeIDE\workspace_1.14.0\servoMotor\Core\Inc\main.h_save
2024-01-16 10:32:56,896 [INFO] CodeEngine:279 - Generated code: C:\Users\npedu-203-19\STM32CubeIDE\workspace_1.14.0\servoMotor\Core\Inc\main.h
2024-01-16 10:32:56,912 [INFO] CodeEngine:255 - oldGeneratedFile, C:\Users\npedu-203-19\STM32CubeIDE\workspace_1.14.0\servoMotor\Core\Src\main.c_save
2024-01-16 10:32:57,029 [INFO] CodeEngine:279 - Generated code: C:\Users\npedu-203-19\STM32CubeIDE\workspace_1.14.0\servoMotor\Core\Src\main.c
2024-01-16 10:32:57,494 [INFO] ProjectBuilder:3076 - Time for Copy HAL[1] : 202mS.
2024-01-16 10:32:57,498 [INFO] ProjectBuilder:4485 - Project Generator version: 4.2.0-B44
2024-01-16 10:32:57,712 [INFO] ConfigFileManager:1495 - The Die is : DIE431
2024-01-16 10:32:58,958 [INFO] ProjectBuilder:4747 - Time for Generating toolchain IDE Files: 1460mS.
2024-01-16 10:32:58,960 [INFO] ProjectBuilder:2947 - Time for Copy CMSIS : 1mS.
2024-01-16 10:32:58,965 [INFO] ProjectBuilder:2947 - Time for Copy CMSIS : 0mS.
2024-01-16 12:10:51,593 [INFO] MainUpdater:2873 - connection check result : 10
2024-01-16 12:10:51,765 [INFO] ApiDb:668 - CubeFinder database Data Model version=2.1
2024-01-16 12:10:51,765 [INFO] ApiDb:669 - CubeFinder database Configuration version=3.0.39
2024-01-16 12:10:51,765 [INFO] ApiDb:670 - CubeFinder database generation date=2023-12-08 (1702028721)
2024-01-16 12:10:51,765 [INFO] ApiDb:671 - CubeFinder database FW Pack versions=[FP-ATR-ASTRA1_V2.0.0, FP-SNS-FLIGHT1_V5.0.1, FP-SNS-FLIGHT1_V5.0.2, FP-SNS-MOTENV1_V4.3.1, FP-SNS-MOTENV1_V4.3.2, FP-SNS-MOTENVWB1_V1.3.1, FP-SNS-SMARTAG2_V1.2.0, STM32Cube_FW_C0_V1.1.0, STM32Cube_FW_F4_V1.28.0, STM32Cube_FW_F7_V1.17.0, STM32Cube_FW_G0_V1.6.1, STM32Cube_FW_G4_V1.5.1, STM32Cube_FW_H5_V0.5.1, STM32Cube_FW_H5_V1.1.1, STM32Cube_FW_H5_V1.2.0RC2, STM32Cube_FW_H7_V1.11.0, STM32Cube_FW_L0_V1.12.2, STM32Cube_FW_L5_V1.5.0, STM32Cube_FW_U5_V1.3.0RC4, STM32Cube_FW_U5_V1.4.0, STM32Cube_FW_WBA_V1.0.0RC1, STM32Cube_FW_WBA_V1.1.0RC1, STM32Cube_FW_WBA_V1.2.0, STM32Cube_FW_WBA_V1.2.0RC2, STM32Cube_FW_WB_V1.15.0RC1, STM32Cube_FW_WB_V1.16.0, STM32Cube_FW_WB_V1.16.0RC2, STM32Cube_FW_WB_V1.18.0, STM32Cube_FW_WL_V1.3.0, X-CUBE-ALGOBUILD_V1.3.0, X-CUBE-ALS_V1.0.1, X-CUBE-AZRTOS-F4_V1.1.0, X-CUBE-AZRTOS-F7_V1.1.0, X-CUBE-AZRTOS-G0_V1.1.0, X-CUBE-AZRTOS-G4_V2.0.0, X-CUBE-AZRTOS-H7_V3.1.0, X-CUBE-AZRTOS-L4_V1.0.0, X-CUBE-AZRTOS-L4_V2.0.0, X-CUBE-AZRTOS-L5_V1.1.0, X-CUBE-AZRTOS-WB_V2.0.0, X-CUBE-AZRTOS-WL_V2.0.0, X-CUBE-BLE1_V7.0.0, X-CUBE-BLE2_V3.3.0, X-CUBE-BLEMGR_V3.0.0, X-CUBE-EEPRMA1_V4.1.0, X-CUBE-EEPRMA1_V4.2.0, X-CUBE-FREERTOS_V1.1.0, X-CUBE-GNSS1_V6.0.0, X-CUBE-MEMS1_V10.0.0, X-CUBE-MEMS1_V9.1.0, X-CUBE-MEMS1_V9.4.0, X-CUBE-MEMS1_V9.6.0, X-CUBE-NFC4_V3.0.0, X-CUBE-NFC7_V1.0.1, X-CUBE-SFXS2LP1_V4.0.0, X-CUBE-SUBG2_V5.0.0, X-CUBE-TOF1_V3.4.0]
2024-01-16 12:10:51,846 [INFO] DbBoardsSqlite:226 - include board P-NUCLEO-WB55-NUCLEO as a kit item of type 'Nucleo-64'
2024-01-16 12:10:51,846 [INFO] DbBoardsSqlite:226 - include board P-NUCLEO-WB55-USBDONGLE as a kit item of type 'Nucleo USB Dongle'
2024-01-16 12:10:51,847 [INFO] DbBoardsSqlite:226 - include board STEVAL-IDP005V1 as a kit item of type 'Evaluation Board'
2024-01-16 12:10:51,847 [INFO] DbBoardsSqlite:226 - include board STEVAL-IDP005V2 as a kit item of type 'Evaluation Board'
2024-01-16 12:10:51,896 [INFO] ApiDb:240 - Found 371 in-development CPN: [B-G473E-ZEST1S, B-WB1M-WPAN1, B-WL5M-SUBG1, NUCLEO-C031C6, NUCLEO-H503RB, NUCLEO-H563ZI, NUCLEO-U545RE-Q, NUCLEO-U5A5ZJ-Q, NUCLEO-WBA52CG, NUCLEO-WBA55CG, STEVAL-MKBOXPRO, STEVAL-PROTEUS1, STEVAL-STWINBX1, STM320518-EVAL, STM32C0116-DK, STM32C011D6Y3TR, STM32C011D6Y6TR, STM32C011F4P3, STM32C011F4P6, STM32C011F4U3, STM32C011F4U6TR, STM32C011F6P3, STM32C011F6P6, STM32C011F6U3, STM32C011F6U6TR, STM32C011J4M3, STM32C011J4M6, STM32C011J6M3, STM32C011J6M6, STM32C0316-DK, STM32C031C4T3, STM32C031C4T6, STM32C031C4U3, STM32C031C4U6, STM32C031C6T3, STM32C031C6T6, STM32C031C6U3, STM32C031C6U6, STM32C031F4P3, STM32C031F4P6, STM32C031F6P3, STM32C031F6P6, STM32C031G4U3, STM32C031G4U6, STM32C031G6U3, STM32C031G6U6, STM32C031K4T3, STM32C031K4T6, STM32C031K4U3, STM32C031K4U6, STM32C031K6T3, STM32C031K6T6, STM32C031K6U3, STM32C031K6U6, STM32G071K8TXN, STM32G071K8UXN, STM32G081GBU6N, STM32G081KBT6N, STM32G081KBUXN, STM32G0B1CCT6N, STM32G0B1KCT6, STM32G0B1NEY6TR, STM32G0B1RCT6N, STM32G0C1CCT6, STM32G0C1CCT6N, STM32G0C1CCU6N, STM32G0C1CET6N, STM32G0C1CEU6N, STM32G0C1KCT6, STM32G0C1NEY6TR, STM32G0C1RCI6N, STM32G0C1RCT6N, STM32G0C1REI6N, STM32G0C1RET6N, STM32G0C1VCI6, STM32G0C1VEI6, STM32G471CCT6, STM32G471CCU6, STM32G471CET3, STM32G471CET6, STM32G471CEU3, STM32G471CEU6, STM32G471MCT6, STM32G471MET3, STM32G471MET6, STM32G471MEY6TR, STM32G471QCT6, STM32G471QET3, STM32G471RCT6, STM32G471RET3, STM32G471RET6, STM32G471VCH6, STM32G471VCI6, STM32G471VCT6, STM32G471VEH3, STM32G471VEH6, STM32G471VEI3, STM32G471VEI6, STM32G471VET3, STM32G471VET6, STM32G474CCT6, STM32H503CBT6, STM32H503CBU6, STM32H503EBY6TR, STM32H503KBU6, STM32H503RBT6, STM32H562AGI6, STM32H562AII6, STM32H562IGK6, STM32H562IGT6, STM32H562IIK6, STM32H562IIT6, STM32H562RGT6, STM32H562RGV6, STM32H562RIT6, STM32H562RIV6, STM32H562VGT6, STM32H562VIT6, STM32H562ZGT6, STM32H562ZIT6, STM32H563AGI6, STM32H563AII3Q, STM32H563AII6, STM32H563IGK6, STM32H563IGT6, STM32H563IIK3Q, STM32H563IIK6, STM32H563IIT3Q, STM32H563IIT6, STM32H563MIY3QTR, STM32H563RGT6, STM32H563RGV6, STM32H563RIT6, STM32H563RIV6, STM32H563VGT6, STM32H563VIT3Q, STM32H563VIT6, STM32H563ZGT6, STM32H563ZIT3Q, STM32H563ZIT6, STM32H573AII3Q, STM32H573AII6, STM32H573I-DK, STM32H573IIK3Q, STM32H573IIK6, STM32H573IIT3Q, STM32H573IIT6, STM32H573MIY3QTR, STM32H573RIT6, STM32H573RIV6, STM32H573VIT3Q, STM32H573VIT6, STM32H573ZIT3Q, STM32H573ZIT6, STM32L4R5QGI6STR, STM32MP131AAE3, STM32MP131AAF3, STM32MP131AAG3, STM32MP131CAE3, STM32MP131CAF3, STM32MP131CAG3, STM32MP131DAE7, STM32MP131DAF7, STM32MP131DAG7, STM32MP131FAE7, STM32MP131FAF7, STM32MP131FAG7, STM32MP133AAE3, STM32MP133AAF3, STM32MP133AAG3, STM32MP133CAE3, STM32MP133CAF3, STM32MP133CAG3, STM32MP133DAE7, STM32MP133DAF7, STM32MP133DAG7, STM32MP133FAE7, STM32MP133FAF7, STM32MP133FAG7, STM32MP135AAE3, STM32MP135AAF3, STM32MP135AAG3, STM32MP135CAE3, STM32MP135CAF3, STM32MP135CAG3, STM32MP135DAE7, STM32MP135DAF7, STM32MP135DAG7, STM32MP135F-DK, STM32MP135FAE7, STM32MP135FAF7, STM32MP135FAF7T, STM32MP135FAF7U, STM32MP135FAG7, STM32U535CBT6, STM32U535CBT6Q, STM32U535CBU6, STM32U535CBU6Q, STM32U535CCT6, STM32U535CCT6Q, STM32U535CCU6, STM32U535CCU6Q, STM32U535CET6, STM32U535CET6Q, STM32U535CEU6, STM32U535CEU6Q, STM32U535JEY6QTR, STM32U535NCY6QTR, STM32U535NEY6QTR, STM32U535RBI6, STM32U535RBI6Q, STM32U535RBT6, STM32U535RBT6Q, STM32U535RCI6, STM32U535RCI6Q, STM32U535RCT6, STM32U535RCT6Q, STM32U535REI6, STM32U535REI6Q, STM32U535RET6, STM32U535RET6Q, STM32U535VCI6, STM32U535VCI6Q, STM32U535VCT6, STM32U535VCT6Q, STM32U535VEI6, STM32U535VEI6Q, STM32U535VET6, STM32U535VET6Q, STM32U545CET6, STM32U545CET6Q, STM32U545CEU6, STM32U545CEU6Q, STM32U545JEY6QTR, STM32U545NEY6QTR, STM32U545REI6, STM32U545REI6Q, STM32U545RET6, STM32U545RET6Q, STM32U545VEI6, STM32U545VEI6Q, STM32U545VET6, STM32U545VET6Q, STM32U595AIH6, STM32U595AIH6Q, STM32U595AJH6, STM32U595AJH6Q, STM32U595QII6, STM32U595QII6Q, STM32U595QJI6, STM32U595QJI6Q, STM32U595RIT6, STM32U595RIT6Q, STM32U595RJT6, STM32U595RJT6Q, STM32U595VIT6, STM32U595VIT6Q, STM32U595VJT6, STM32U595VJT6Q, STM32U595ZIT6, STM32U595ZIT6Q, STM32U595ZIY6QTR, STM32U595ZJT6, STM32U595ZJT6Q, STM32U595ZJY6QTR, STM32U599BJY6QTR, STM32U599NIH6Q, STM32U599NJH6Q, STM32U599VIT6Q, STM32U599VJT6, STM32U599VJT6Q, STM32U599ZIT6Q, STM32U599ZIY6QTR, STM32U599ZJT6Q, STM32U599ZJY6QTR, STM32U5A5AJH6, STM32U5A5AJH6Q, STM32U5A5QJI6, STM32U5A5QJI6Q, STM32U5A5RJT6, STM32U5A5RJT6Q, STM32U5A5VJT6, STM32U5A5VJT6Q, STM32U5A5ZJT6, STM32U5A5ZJT6Q, STM32U5A5ZJY6QTR, STM32U5A9BJY6QTR, STM32U5A9J-DK, STM32U5A9NJH6Q, STM32U5A9VJT6Q, STM32U5A9ZJT6Q, STM32U5A9ZJY6QTR, STM32U5F7VIT6, STM32U5F7VIT6Q, STM32U5F7VJT6, STM32U5F7VJT6Q, STM32U5F9BJY6QTR, STM32U5F9NJH6Q, STM32U5F9VIT6Q, STM32U5F9VJT6Q, STM32U5F9ZIJ6QTR, STM32U5F9ZIT6Q, STM32U5F9ZJJ6QTR, STM32U5F9ZJT6Q, STM32U5G7VJT6, STM32U5G7VJT6Q, STM32U5G9BJY6QTR, STM32U5G9J-DK1, STM32U5G9J-DK2, STM32U5G9NJH6Q, STM32U5G9VJT6Q, STM32U5G9ZJJ6QTR, STM32U5G9ZJT6Q, STM32WB1MMCH6, STM32WBA50KEU6, STM32WBA50KEU6TR, STM32WBA50KGU6, STM32WBA50KGU6TR, STM32WBA52CEU6, STM32WBA52CEU6TR, STM32WBA52CEU7, STM32WBA52CEU7TR, STM32WBA52CGU6, STM32WBA52CGU6TR, STM32WBA52CGU6U, STM32WBA52CGU7, STM32WBA52CGU7TR, STM32WBA52KEU6, STM32WBA52KEU6TR, STM32WBA52KGU6, STM32WBA52KGU6TR, STM32WBA54CEU6, STM32WBA54CEU6TR, STM32WBA54CEU7, STM32WBA54CEU7TR, STM32WBA54CGU6, STM32WBA54CGU6TR, STM32WBA54CGU7, STM32WBA54CGU7TR, STM32WBA54KEU6, STM32WBA54KEU6TR, STM32WBA54KEU7, STM32WBA54KEU7TR, STM32WBA54KGU6, STM32WBA54KGU6TR, STM32WBA54KGU7, STM32WBA54KGU7TR, STM32WBA55CEU6, STM32WBA55CEU6TR, STM32WBA55CEU7, STM32WBA55CEU7TR, STM32WBA55CGU6, STM32WBA55CGU6TR, STM32WBA55CGU6U, STM32WBA55CGU7, STM32WBA55CGU7TR, STM32WBA55G-DK1, STM32WBA55HEF6, STM32WBA55HEF7, STM32WBA55HGF6, STM32WBA55HGF7, STM32WBA55UEI6, STM32WBA55UEI6TR, STM32WBA55UEI7, STM32WBA55UEI7TR, STM32WBA55UGI6, STM32WBA55UGI6TR, STM32WBA55UGI7, STM32WBA55UGI7TR, STM32WL5MOCH6, STM32WL5MOCH6TR]
2024-01-16 12:10:52,000 [INFO] BoardInfo:889 - No configuration file found for board P-NUCLEO-WB55
2024-01-16 12:10:52,001 [INFO] DbBoards:161 - Kit is not supported: P-NUCLEO-WB55
2024-01-16 12:10:52,004 [INFO] BoardInfo:889 - No configuration file found for board STEVAL-BFA001V1B
2024-01-16 12:10:52,004 [INFO] DbBoards:161 - Kit is not supported: STEVAL-BFA001V1B
2024-01-16 12:10:52,005 [INFO] BoardInfo:889 - No configuration file found for board STEVAL-BFA001V2B
2024-01-16 12:10:52,005 [INFO] DbBoards:161 - Kit is not supported: STEVAL-BFA001V2B
2024-01-16 12:10:52,100 [INFO] DbBoards:168 - Found 193 boards, 190 are supported
2024-01-16 12:10:52,101 [INFO] DbBoards:169 - Found 193 boards, 3 of them is supported for  Bsp
2024-01-16 12:10:52,104 [INFO] ApiDb:423 - Load user favorites file C:\Users\npedu-203-19/.stm32cubeide/favorites.boards.txt: 0 item(s)
2024-01-16 12:10:52,104 [INFO] ApiDb:427 - User favorites Boards=[]
2024-01-16 12:10:52,104 [INFO] DbBoards:198 - Set 0 / 0 favorites Boards
2024-01-16 12:10:52,104 [INFO] McuFinderGlobals:76 - Set McuFinderConnectedMode to true
2024-01-16 12:10:52,112 [INFO] MultiScanPanel:200 - Auto-refresh data requested => check proxy status ongoing
2024-01-16 12:10:52,118 [INFO] FinderPluginLoader:95 - Searching for filters in installed packs
2024-01-16 12:10:53,197 [INFO] LoadUrlFilesThread:185 - End of LoadServerUrlFiles without Thread
2024-01-16 12:10:53,226 [INFO] DetailPanel:341 - Set advertising image to C:/Users/npedu-203-19/STM32Cube/Repository/\en.prom-stm32wl3-mcu-finder.jpg
2024-01-16 12:11:50,785 [INFO] MainUpdater:2873 - connection check result : 10
2024-01-16 12:11:50,785 [INFO] MainUpdater:2873 - connection check result : 10
2024-01-16 12:11:50,837 [INFO] MicroXplorer:468 - Change Database Path : 
2024-01-16 12:11:50,837 [INFO] MicroXplorer:498 - Change Database Version : DB.6.0.100
2024-01-16 12:11:50,849 [ERROR] ProjectManagerView:394 - 
java.lang.NullPointerException: Cannot invoke "javax.swing.JTextField.getText()" because the return value of "java.util.List.get(int)" is null
	at com.st.microxplorer.plugins.projectmanager.gui.ProjectChoiceTab$10.caretUpdate(ProjectChoiceTab.java:2493) ~[filemanager.jar:?]
	at javax.swing.text.JTextComponent.fireCaretUpdate(JTextComponent.java:412) ~[?:?]
	at javax.swing.text.JTextComponent$MutableCaretEvent.fire(JTextComponent.java:4491) ~[?:?]
	at javax.swing.text.JTextComponent$MutableCaretEvent.stateChanged(JTextComponent.java:4513) ~[?:?]
	at javax.swing.text.DefaultCaret.fireStateChanged(DefaultCaret.java:842) ~[?:?]
	at javax.swing.text.DefaultCaret.changeCaretPosition(DefaultCaret.java:1313) ~[?:?]
	at javax.swing.text.DefaultCaret.handleSetDot(DefaultCaret.java:1212) ~[?:?]
	at javax.swing.text.DefaultCaret.setDot(DefaultCaret.java:1193) ~[?:?]
	at javax.swing.text.DefaultCaret$Handler.insertUpdate(DefaultCaret.java:1789) ~[?:?]
	at javax.swing.text.AbstractDocument.fireInsertUpdate(AbstractDocument.java:226) ~[?:?]
	at javax.swing.text.AbstractDocument.handleInsertString(AbstractDocument.java:780) ~[?:?]
	at javax.swing.text.AbstractDocument.insertString(AbstractDocument.java:739) ~[?:?]
	at javax.swing.text.PlainDocument.insertString(PlainDocument.java:131) ~[?:?]
	at javax.swing.text.AbstractDocument.replace(AbstractDocument.java:698) ~[?:?]
	at javax.swing.text.JTextComponent.setText(JTextComponent.java:1729) ~[?:?]
	at com.st.microxplorer.plugins.projectmanager.gui.ProjectChoiceTab.createHeapStackFields(ProjectChoiceTab.java:933) ~[filemanager.jar:?]
	at com.st.microxplorer.plugins.projectmanager.gui.ProjectChoiceTab.buildLinkSettingsPanel(ProjectChoiceTab.java:3426) ~[filemanager.jar:?]
	at com.st.microxplorer.plugins.projectmanager.gui.ProjectChoiceTab.defineWindowsFields(ProjectChoiceTab.java:1813) ~[filemanager.jar:?]
	at com.st.microxplorer.plugins.projectmanager.gui.ProjectChoiceTab.updateSettings(ProjectChoiceTab.java:533) ~[filemanager.jar:?]
	at com.st.microxplorer.plugins.projectmanager.gui.ProjectSettingsPanel.UpdateDialog(ProjectSettingsPanel.java:244) ~[filemanager.jar:?]
	at com.st.microxplorer.plugins.projectmanager.ProjectManagerView.propertyChange(ProjectManagerView.java:391) ~[filemanager.jar:?]
	at java.beans.PropertyChangeSupport.fire(PropertyChangeSupport.java:343) ~[?:?]
	at java.beans.PropertyChangeSupport.firePropertyChange(PropertyChangeSupport.java:335) ~[?:?]
	at java.beans.PropertyChangeSupport.firePropertyChange(PropertyChangeSupport.java:268) ~[?:?]
	at com.st.microxplorer.util.MXPropertyChangeSupport.firePropertyChange(MXPropertyChangeSupport.java:54) ~[STM32CubeMX.jar:?]
	at com.st.microxplorer.mxsystem.MxSystem.closeConfig(MxSystem.java:900) ~[STM32CubeMX.jar:?]
	at com.st.microxplorer.maingui.MainPanel.closeConfig(MainPanel.java:776) ~[STM32CubeMX.jar:?]
	at com.st.microxplorer.plugins.filemanager.engine.OpenFileManager.loadConfigurationFile(OpenFileManager.java:245) ~[filemanager.jar:?]
	at com.st.microxplorer.plugins.filemanager.engine.MainFileManager.userLoadConfig(MainFileManager.java:290) ~[filemanager.jar:?]
	at com.st.microxplorer.plugins.filemanager.FileManagerView.getSpecificTask(FileManagerView.java:247) ~[filemanager.jar:?]
	at com.st.stm32cube.common.mx.editor.CubeMxEditor.getMxTabbedPaneInstance(CubeMxEditor.java:1184) ~[com.st.stm32cube.common.mx_6.10.0.202311202037/:?]
	at com.st.stm32cube.common.mx.editor.CubeMxEditor$12$1.createSwingComponent(CubeMxEditor.java:1065) ~[com.st.stm32cube.common.mx_6.10.0.202311202037/:?]
	at com.st.stm32cube.common.mx.oss.core.awtswtbridge.EmbeddedSwingComposite.doComponentCreation(EmbeddedSwingComposite.java:492) ~[com.st.stm32cube.common.mx.oss_6.10.0.202311202037/:?]
	at com.st.stm32cube.common.mx.oss.core.awtswtbridge.EmbeddedSwingComposite$4.run(EmbeddedSwingComposite.java:291) ~[com.st.stm32cube.common.mx.oss_6.10.0.202311202037/:?]
	at com.st.stm32cube.common.mx.oss.core.awtswtbridge.AwtEnvironment$2.run(AwtEnvironment.java:166) ~[com.st.stm32cube.common.mx.oss_6.10.0.202311202037/:?]
	at java.awt.event.InvocationEvent.dispatch(InvocationEvent.java:318) ~[?:?]
	at java.awt.EventQueue.dispatchEventImpl(EventQueue.java:773) ~[?:?]
	at java.awt.EventQueue$4.run(EventQueue.java:720) ~[?:?]
	at java.awt.EventQueue$4.run(EventQueue.java:714) ~[?:?]
	at java.security.AccessController.doPrivileged(AccessController.java:399) ~[?:?]
	at java.security.ProtectionDomain$JavaSecurityAccessImpl.doIntersectionPrivilege(ProtectionDomain.java:86) ~[?:?]
	at java.awt.EventQueue.dispatchEvent(EventQueue.java:742) ~[?:?]
	at java.awt.EventDispatchThread.pumpOneEventForFilters(EventDispatchThread.java:203) ~[?:?]
	at java.awt.EventDispatchThread.pumpEventsForFilter(EventDispatchThread.java:124) ~[?:?]
	at java.awt.EventDispatchThread.pumpEventsForHierarchy(EventDispatchThread.java:113) ~[?:?]
	at java.awt.EventDispatchThread.pumpEvents(EventDispatchThread.java:109) ~[?:?]
	at java.awt.EventDispatchThread.pumpEvents(EventDispatchThread.java:101) ~[?:?]
	at java.awt.EventDispatchThread.run(EventDispatchThread.java:90) ~[?:?]
2024-01-16 12:11:50,856 [WARN] ThirdParty:871 - waiting for thirdparty lock release [close project]
2024-01-16 12:11:50,856 [INFO] ThirdParty:873 - entering critical section [close project]
2024-01-16 12:11:50,856 [INFO] ThirdParty:883 - exiting critical section [close project]
2024-01-16 12:11:50,858 [INFO] PinOutPanel:1499 - setPackage(No Configuration,No Configuration)
2024-01-16 12:11:50,865 [WARN] IpParametersView:151 - Warning: This peripheral hasn't parameters
2024-01-16 12:11:50,869 [WARN] MainPanel:272 - <html><b><center>Warning: This peripheral has no parameters to be configured<br></b></html>
2024-01-16 12:11:50,874 [INFO] UtilMem:75 - Begin LoadConfig() Used Memory: 913494120 Bytes (1073741824)
2024-01-16 12:11:50,875 [INFO] MicroXplorer:468 - Change Database Path : 
2024-01-16 12:11:50,875 [INFO] MicroXplorer:498 - Change Database Version : DB.6.0.100
2024-01-16 12:11:50,875 [INFO] OpenFileManager:312 - Change cursor
2024-01-16 12:11:50,886 [INFO] RulesReader:64 - Compatibility file has been processed (297 Rules)
2024-01-16 12:11:50,923 [INFO] Mcu:2016 - Initializing MCU STM32F411RETx STM32F411RETx STM32F411RET6
2024-01-16 12:11:51,632 [INFO] Context:659 - Trying to add GPIOservice into a context  which must be forbidden
2024-01-16 12:11:52,047 [INFO] ImportTextPane:194 - (OptionalMessage_ERROR) Unable to find key (Mcu.ThirdPartyNb) in loaded IOC file
2024-01-16 12:11:52,047 [INFO] ImportTextPane:194 - (OptionalMessage_ERROR) Unable to find key (Mcu.PinsNb) in loaded IOC file
2024-01-16 12:11:52,047 [INFO] ImportTextPane:194 - (OptionalMessage_ERROR) Unable to find key (Mcu.IPNb) in loaded IOC file
2024-01-16 12:11:52,059 [INFO] RtosManager:555 - Registered RTOS mode: class=CMSIS, group=RTOS, mode=CMSIS_V1, owner=FREERTOS
2024-01-16 12:11:52,059 [INFO] RtosManager:555 - Registered RTOS mode: class=CMSIS, group=RTOS2, mode=CMSIS_V2, owner=FREERTOS
2024-01-16 12:11:52,059 [INFO] RtosManager:555 - Registered RTOS mode: class=RTOS, group=Core, mode=CMSIS_V1, owner=FREERTOS
2024-01-16 12:11:52,059 [INFO] RtosManager:555 - Registered RTOS mode: class=RTOS, group=Core, mode=CMSIS_V2, owner=FREERTOS
2024-01-16 12:11:52,059 [WARN] ModelIntegratedComponent:184 - Missing modes for component STMicroelectronics:FreeRTOS:0.0.1:STMicroelectronics:RTOS:FreeRTOS:Core:::10.2.0:
2024-01-16 12:11:52,060 [WARN] ModelIntegratedComponent:182 - Modes not found for component STMicroelectronics:USB_DEVICE:1.0.0:STMicroelectronics:USB::USB Device:Audio HS::1.0:USB_DEVICE_1_0_RESTRICTED_HS
2024-01-16 12:11:52,060 [WARN] ModelIntegratedComponent:188 - Modes not found for component STMicroelectronics:USB_DEVICE:1.0.0:STMicroelectronics:USB::USB Device:Audio HS::1.0:USB_DEVICE_1_0_RESTRICTED_HS
2024-01-16 12:11:52,060 [WARN] ModelIntegratedComponent:182 - Modes not found for component STMicroelectronics:USB_DEVICE:1.0.0:STMicroelectronics:USB::USB Device:CDC HS::1.0:USB_DEVICE_1_0_RESTRICTED_HS
2024-01-16 12:11:52,060 [WARN] ModelIntegratedComponent:188 - Modes not found for component STMicroelectronics:USB_DEVICE:1.0.0:STMicroelectronics:USB::USB Device:CDC HS::1.0:USB_DEVICE_1_0_RESTRICTED_HS
2024-01-16 12:11:52,060 [WARN] ModelIntegratedComponent:182 - Modes not found for component STMicroelectronics:USB_DEVICE:1.0.0:STMicroelectronics:USB::USB Device:DFU HS::1.0:USB_DEVICE_1_0_RESTRICTED_HS
2024-01-16 12:11:52,060 [WARN] ModelIntegratedComponent:188 - Modes not found for component STMicroelectronics:USB_DEVICE:1.0.0:STMicroelectronics:USB::USB Device:DFU HS::1.0:USB_DEVICE_1_0_RESTRICTED_HS
2024-01-16 12:11:52,060 [WARN] ModelIntegratedComponent:182 - Modes not found for component STMicroelectronics:USB_DEVICE:1.0.0:STMicroelectronics:USB::USB Device:HID HS::1.0:USB_DEVICE_1_0_RESTRICTED_HS
2024-01-16 12:11:52,060 [WARN] ModelIntegratedComponent:188 - Modes not found for component STMicroelectronics:USB_DEVICE:1.0.0:STMicroelectronics:USB::USB Device:HID HS::1.0:USB_DEVICE_1_0_RESTRICTED_HS
2024-01-16 12:11:52,060 [WARN] ModelIntegratedComponent:182 - Modes not found for component STMicroelectronics:USB_DEVICE:1.0.0:STMicroelectronics:USB::USB Device:Custom HID HS::1.0:USB_DEVICE_1_0_RESTRICTED_HS
2024-01-16 12:11:52,060 [WARN] ModelIntegratedComponent:188 - Modes not found for component STMicroelectronics:USB_DEVICE:1.0.0:STMicroelectronics:USB::USB Device:Custom HID HS::1.0:USB_DEVICE_1_0_RESTRICTED_HS
2024-01-16 12:11:52,061 [WARN] ModelIntegratedComponent:182 - Modes not found for component STMicroelectronics:USB_DEVICE:1.0.0:STMicroelectronics:USB::USB Device:MSC HS::1.0:USB_DEVICE_1_0_RESTRICTED_HS
2024-01-16 12:11:52,061 [WARN] ModelIntegratedComponent:188 - Modes not found for component STMicroelectronics:USB_DEVICE:1.0.0:STMicroelectronics:USB::USB Device:MSC HS::1.0:USB_DEVICE_1_0_RESTRICTED_HS
2024-01-16 12:11:52,061 [WARN] ModelIntegratedComponent:63 - No mode defined for component null
2024-01-16 12:11:52,061 [WARN] ModelIntegratedComponent:63 - No mode defined for component null
2024-01-16 12:11:52,061 [WARN] ModelIntegratedComponent:63 - No mode defined for component null
2024-01-16 12:11:52,061 [WARN] ModelIntegratedComponent:63 - No mode defined for component null
2024-01-16 12:11:52,061 [WARN] ModelIntegratedComponent:63 - No mode defined for component null
2024-01-16 12:11:52,061 [WARN] ModelIntegratedComponent:63 - No mode defined for component null
2024-01-16 12:11:52,061 [WARN] ModelIntegratedComponent:63 - No mode defined for component null
2024-01-16 12:11:52,061 [WARN] ModelIntegratedComponent:63 - No mode defined for component null
2024-01-16 12:11:52,061 [WARN] ModelIntegratedComponent:63 - No mode defined for component null
2024-01-16 12:11:52,062 [WARN] ModelIntegratedComponent:63 - No mode defined for component null
2024-01-16 12:11:52,062 [WARN] ModelIntegratedComponent:63 - No mode defined for component null
2024-01-16 12:11:52,062 [WARN] ModelIntegratedComponent:63 - No mode defined for component null
2024-01-16 12:11:52,062 [WARN] ModelIntegratedComponent:63 - No mode defined for component null
2024-01-16 12:11:52,062 [WARN] ModelIntegratedComponent:63 - No mode defined for component null
2024-01-16 12:11:52,062 [WARN] ModelIntegratedComponent:63 - No mode defined for component null
2024-01-16 12:11:52,062 [WARN] ModelIntegratedComponent:63 - No mode defined for component null
2024-01-16 12:11:52,062 [WARN] ModelIntegratedComponent:63 - No mode defined for component null
2024-01-16 12:11:52,062 [WARN] ModelIntegratedComponent:63 - No mode defined for component null
2024-01-16 12:11:52,062 [WARN] ModelIntegratedComponent:63 - No mode defined for component null
2024-01-16 12:11:52,062 [WARN] ModelIntegratedComponent:63 - No mode defined for component null
2024-01-16 12:11:52,062 [WARN] ModelIntegratedComponent:63 - No mode defined for component null
2024-01-16 12:11:52,062 [WARN] ModelIntegratedComponent:63 - No mode defined for component null
2024-01-16 12:11:52,062 [WARN] ModelIntegratedComponent:63 - No mode defined for component null
2024-01-16 12:11:52,062 [WARN] ModelIntegratedComponent:63 - No mode defined for component null
2024-01-16 12:11:52,062 [WARN] ModelIntegratedComponent:63 - No mode defined for component null
2024-01-16 12:11:52,062 [WARN] ModelIntegratedComponent:63 - No mode defined for component null
2024-01-16 12:11:52,062 [WARN] ModelIntegratedComponent:63 - No mode defined for component null
2024-01-16 12:11:52,062 [WARN] ModelIntegratedComponent:63 - No mode defined for component null
2024-01-16 12:11:52,063 [WARN] ModelIntegratedComponent:63 - No mode defined for component null
2024-01-16 12:11:52,063 [WARN] ModelIntegratedComponent:63 - No mode defined for component null
2024-01-16 12:11:52,063 [WARN] ModelIntegratedComponent:63 - No mode defined for component null
2024-01-16 12:11:52,063 [WARN] ModelIntegratedComponent:63 - No mode defined for component null
2024-01-16 12:11:52,063 [WARN] ModelIntegratedComponent:63 - No mode defined for component null
2024-01-16 12:11:52,064 [WARN] ModelIntegratedComponent:182 - Modes not found for component STMicroelectronics:USB_HOST:1.0.0:STMicroelectronics:USB::USB Host:Audio HS::1.0:USB_HOST_1_0_RESTRICTED_HS
2024-01-16 12:11:52,064 [WARN] ModelIntegratedComponent:188 - Modes not found for component STMicroelectronics:USB_HOST:1.0.0:STMicroelectronics:USB::USB Host:Audio HS::1.0:USB_HOST_1_0_RESTRICTED_HS
2024-01-16 12:11:52,064 [WARN] ModelIntegratedComponent:182 - Modes not found for component STMicroelectronics:USB_HOST:1.0.0:STMicroelectronics:USB::USB Host:CDC HS::1.0:USB_HOST_1_0_RESTRICTED_HS
2024-01-16 12:11:52,064 [WARN] ModelIntegratedComponent:188 - Modes not found for component STMicroelectronics:USB_HOST:1.0.0:STMicroelectronics:USB::USB Host:CDC HS::1.0:USB_HOST_1_0_RESTRICTED_HS
2024-01-16 12:11:52,064 [WARN] ModelIntegratedComponent:182 - Modes not found for component STMicroelectronics:USB_HOST:1.0.0:STMicroelectronics:USB::USB Host:MSC HS::1.0:USB_HOST_1_0_RESTRICTED_HS
2024-01-16 12:11:52,064 [WARN] ModelIntegratedComponent:188 - Modes not found for component STMicroelectronics:USB_HOST:1.0.0:STMicroelectronics:USB::USB Host:MSC HS::1.0:USB_HOST_1_0_RESTRICTED_HS
2024-01-16 12:11:52,064 [WARN] ModelIntegratedComponent:182 - Modes not found for component STMicroelectronics:USB_HOST:1.0.0:STMicroelectronics:USB::USB Host:HID HS::1.0:USB_HOST_1_0_RESTRICTED_HS
2024-01-16 12:11:52,064 [WARN] ModelIntegratedComponent:188 - Modes not found for component STMicroelectronics:USB_HOST:1.0.0:STMicroelectronics:USB::USB Host:HID HS::1.0:USB_HOST_1_0_RESTRICTED_HS
2024-01-16 12:11:52,064 [WARN] ModelIntegratedComponent:182 - Modes not found for component STMicroelectronics:USB_HOST:1.0.0:STMicroelectronics:USB::USB Host:MTP HS::1.0:USB_HOST_1_0_RESTRICTED_HS
2024-01-16 12:11:52,064 [WARN] ModelIntegratedComponent:188 - Modes not found for component STMicroelectronics:USB_HOST:1.0.0:STMicroelectronics:USB::USB Host:MTP HS::1.0:USB_HOST_1_0_RESTRICTED_HS
2024-01-16 12:11:52,065 [INFO] ThirdPartyModel:298 - Start build external matchings
2024-01-16 12:11:52,066 [INFO] ThirdPartyModel:316 - End build external matchings
2024-01-16 12:11:52,287 [INFO] UtilMem:75 - End LoadConfig() Used Memory: 706856384 Bytes (1073741824)
2024-01-16 12:11:52,304 [INFO] MicroXplorer:468 - Change Database Path : 
2024-01-16 12:11:52,305 [INFO] MicroXplorer:498 - Change Database Version : DB.6.0.100
2024-01-16 12:11:52,305 [WARN] ThirdParty:833 - waiting for thirdparty lock release [change project]
2024-01-16 12:11:52,305 [INFO] ThirdParty:835 - entering critical section [change project]
2024-01-16 12:11:52,305 [INFO] ThirdParty:1030 - CMSIS Pack Vendor :STMicroelectronics USBPD 4.1
2024-01-16 12:11:52,305 [INFO] ThirdParty:1030 - CMSIS Pack Vendor :STMicroelectronics ThreadX 1.0.0
2024-01-16 12:11:52,305 [INFO] ThirdParty:1030 - CMSIS Pack Vendor :STMicroelectronics FP-SNS-MOTENV1 4.3.2
2024-01-16 12:11:52,305 [INFO] ThirdParty:1030 - CMSIS Pack Vendor :STMicroelectronics USB_HOST 2.0.0
2024-01-16 12:11:52,305 [INFO] ThirdParty:1030 - CMSIS Pack Vendor :STMicroelectronics LIBJPEG 8.0.0
2024-01-16 12:11:52,305 [INFO] ThirdParty:1030 - CMSIS Pack Vendor :STMicroelectronics FP-ATR-SIGFOX1 3.2.0
2024-01-16 12:11:52,305 [INFO] ThirdParty:1030 - CMSIS Pack Vendor :STMicroelectronics FreeRTOS 0.0.1
2024-01-16 12:11:52,305 [INFO] ThirdParty:1030 - CMSIS Pack Vendor :STMicroelectronics USB_DEVICE 1.0.0
2024-01-16 12:11:52,305 [INFO] ThirdParty:1030 - CMSIS Pack Vendor :STMicroelectronics STM32_WPAN 1.0.0
2024-01-16 12:11:52,305 [INFO] ThirdParty:1030 - CMSIS Pack Vendor :STMicroelectronics USB_DEVICE 3.0.0
2024-01-16 12:11:52,305 [INFO] ThirdParty:1030 - CMSIS Pack Vendor :STMicroelectronics HAL Drivers 0.0.0
2024-01-16 12:11:52,305 [INFO] ThirdParty:1030 - CMSIS Pack Vendor :STMicroelectronics MBEDTLS 2.16.2
2024-01-16 12:11:52,305 [INFO] ThirdParty:1030 - CMSIS Pack Vendor :STMicroelectronics ThreadX 0.0.2
2024-01-16 12:11:52,305 [INFO] ThirdParty:1030 - CMSIS Pack Vendor :STMicroelectronics FP-ATR-ASTRA1 2.0.0
2024-01-16 12:11:52,306 [INFO] ThirdParty:1030 - CMSIS Pack Vendor :STMicroelectronics lwIP 2.0.3
2024-01-16 12:11:52,306 [INFO] ThirdParty:1030 - CMSIS Pack Vendor :STMicroelectronics lwIP 2.1.2
2024-01-16 12:11:52,306 [INFO] ThirdParty:1030 - CMSIS Pack Vendor :STMicroelectronics MBEDTLS 2.14.1
2024-01-16 12:11:52,306 [INFO] ThirdParty:1030 - CMSIS Pack Vendor :STMicroelectronics FP-SNS-FLIGHT1 5.0.2
2024-01-16 12:11:52,306 [INFO] ThirdParty:1030 - CMSIS Pack Vendor :STMicroelectronics USB_HOST 1.0.0
2024-01-16 12:11:52,306 [INFO] ThirdParty:1030 - CMSIS Pack Vendor :STMicroelectronics PDM2PCM 3.1.0
2024-01-16 12:11:52,306 [INFO] ThirdParty:1030 - CMSIS Pack Vendor :STMicroelectronics PDM2PCM 3.2.0
2024-01-16 12:11:52,306 [INFO] ThirdParty:1030 - CMSIS Pack Vendor :STMicroelectronics USB_DEVICE 2.0.0
2024-01-16 12:11:52,306 [INFO] ThirdParty:1030 - CMSIS Pack Vendor :STMicroelectronics PDM2PCM 3.3.0
2024-01-16 12:11:52,306 [INFO] ThirdParty:841 - exiting critical section [change project]
2024-01-16 12:11:52,424 [INFO] PinOutPanel:1499 - setPackage(No Configuration,No Configuration)
2024-01-16 12:11:52,425 [INFO] PinOutPanel:1499 - setPackage(STM32F411RETx,LQFP64)
2024-01-16 12:11:52,602 [INFO] UtilMem:75 - Before build in PCC Used Memory: 605815416 Bytes (1073741824)
2024-01-16 12:11:52,845 [INFO] UtilMem:75 - After build in PCC Used Memory: 648284792 Bytes (1073741824)
2024-01-16 12:11:52,866 [INFO] IPUIPlugin:80 - create IPUIPlugin
2024-01-16 12:11:52,867 [INFO] IPUIPlugin:80 - create IPUIPlugin
2024-01-16 12:11:52,867 [INFO] IPUIPlugin:80 - create IPUIPlugin
2024-01-16 12:11:52,867 [INFO] IPUIPlugin:80 - create IPUIPlugin
2024-01-16 12:11:52,867 [INFO] IPUIPlugin:80 - create IPUIPlugin
2024-01-16 12:11:52,867 [INFO] IPUIPlugin:80 - create IPUIPlugin
2024-01-16 12:11:52,867 [INFO] IPUIPlugin:80 - create IPUIPlugin
2024-01-16 12:11:52,868 [INFO] IPUIPlugin:80 - create IPUIPlugin
2024-01-16 12:11:52,868 [INFO] IPUIPlugin:80 - create IPUIPlugin
2024-01-16 12:11:52,868 [INFO] IPUIPlugin:80 - create IPUIPlugin
2024-01-16 12:11:52,868 [INFO] IPUIPlugin:80 - create IPUIPlugin
2024-01-16 12:11:52,868 [INFO] IPUIPlugin:80 - create IPUIPlugin
2024-01-16 12:11:52,868 [INFO] IPUIPlugin:80 - create IPUIPlugin
2024-01-16 12:11:52,868 [INFO] IPUIPlugin:80 - create IPUIPlugin
2024-01-16 12:11:52,868 [INFO] IPUIPlugin:80 - create IPUIPlugin
2024-01-16 12:11:52,869 [INFO] IPUIPlugin:80 - create IPUIPlugin
2024-01-16 12:11:52,869 [INFO] IPUIPlugin:80 - create IPUIPlugin
2024-01-16 12:11:52,869 [INFO] IPUIPlugin:80 - create IPUIPlugin
2024-01-16 12:11:52,869 [INFO] IPUIPlugin:80 - create IPUIPlugin
2024-01-16 12:11:52,870 [INFO] IPUIPlugin:80 - create IPUIPlugin
2024-01-16 12:11:52,870 [INFO] IPUIPlugin:80 - create IPUIPlugin
2024-01-16 12:11:52,870 [INFO] IPUIPlugin:80 - create IPUIPlugin
2024-01-16 12:11:52,870 [INFO] IPUIPlugin:80 - create IPUIPlugin
2024-01-16 12:11:52,870 [INFO] IPUIPlugin:80 - create IPUIPlugin
2024-01-16 12:11:52,871 [INFO] IPUIPlugin:80 - create IPUIPlugin
2024-01-16 12:11:52,871 [INFO] IPUIPlugin:80 - create IPUIPlugin
2024-01-16 12:11:52,871 [INFO] IPUIPlugin:80 - create IPUIPlugin
2024-01-16 12:11:52,871 [INFO] IPUIPlugin:80 - create IPUIPlugin
2024-01-16 12:11:52,872 [INFO] IPUIPlugin:80 - create IPUIPlugin
2024-01-16 12:11:52,872 [INFO] IPUIPlugin:80 - create IPUIPlugin
2024-01-16 12:11:52,872 [INFO] IPUIPlugin:80 - create IPUIPlugin
2024-01-16 12:11:52,872 [INFO] IPUIPlugin:80 - create IPUIPlugin
2024-01-16 12:11:52,873 [INFO] IPUIPlugin:80 - create IPUIPlugin
2024-01-16 12:11:52,873 [INFO] IPUIPlugin:80 - create IPUIPlugin
2024-01-16 12:11:52,873 [INFO] IPUIPlugin:80 - create IPUIPlugin
2024-01-16 12:11:52,873 [INFO] IPUIPlugin:80 - create IPUIPlugin
2024-01-16 12:11:52,874 [INFO] IPUIPlugin:80 - create IPUIPlugin
2024-01-16 12:11:52,874 [INFO] IPUIPlugin:80 - create IPUIPlugin
2024-01-16 12:11:52,875 [INFO] IPUIPlugin:80 - create IPUIPlugin
2024-01-16 12:11:52,875 [INFO] IPUIPlugin:80 - create IPUIPlugin
2024-01-16 12:11:52,875 [INFO] IPUIPlugin:80 - create IPUIPlugin
2024-01-16 12:11:52,876 [INFO] IPUIPlugin:80 - create IPUIPlugin
2024-01-16 12:11:52,876 [INFO] IPUIPlugin:80 - create IPUIPlugin
2024-01-16 12:11:52,884 [INFO] ApiDbMcu:508 - Load IP Config File for PDM2PCM
2024-01-16 12:11:52,909 [INFO] CADModel:165 - CPN selected for project levelSTM32F411RET6
2024-01-16 12:11:52,909 [INFO] CADModel:114 - Register for checkConnection events
2024-01-16 12:11:52,975 [INFO] OpenFileManager:343 - Restore cursor
2024-01-16 12:11:53,387 [INFO] UtilMem:75 - End SaveConfig() Used Memory: 716442232 Bytes (1073741824)
2024-01-16 12:11:53,467 [INFO] UtilMem:75 - End SaveConfig() Used Memory: 731644536 Bytes (1073741824)
2024-01-16 12:11:53,581 [INFO] BlockDiagram:2759 - set Specific Code input for plugin: NVIC
2024-01-16 12:11:53,581 [INFO] BlockDiagram:2759 - set Specific Code input for plugin: RCC
2024-01-16 12:11:53,582 [INFO] CodeGenerator:807 - code generatio: config db path: C:\ST\STM32CubeIDE_1.14.0\STM32CubeIDE\plugins\com.st.stm32cube.common.mx_6.10.0.202311202037\\db\
2024-01-16 12:11:53,671 [INFO] CodeEngine:255 - oldGeneratedFile, C:\Users\npedu-203-19\STM32CubeIDE\workspace_1.14.0\ultrasonicRadar\MXTmpFiles\license.tmp_save
2024-01-16 12:11:53,745 [INFO] CodeEngine:279 - Generated code: C:\Users\npedu-203-19\STM32CubeIDE\workspace_1.14.0\ultrasonicRadar\MXTmpFiles\license.tmp
2024-01-16 12:11:53,753 [INFO] CodeEngine:255 - oldGeneratedFile, C:\Users\npedu-203-19\STM32CubeIDE\workspace_1.14.0\ultrasonicRadar\Core\Src\stm32f4xx_it.c_save
2024-01-16 12:11:53,938 [INFO] CodeEngine:279 - Generated code: C:\Users\npedu-203-19\STM32CubeIDE\workspace_1.14.0\ultrasonicRadar\Core\Src\stm32f4xx_it.c
2024-01-16 12:11:53,945 [INFO] CodeEngine:255 - oldGeneratedFile, C:\Users\npedu-203-19\STM32CubeIDE\workspace_1.14.0\ultrasonicRadar\Core\Inc\stm32f4xx_it.h_save
2024-01-16 12:11:53,998 [INFO] CodeEngine:279 - Generated code: C:\Users\npedu-203-19\STM32CubeIDE\workspace_1.14.0\ultrasonicRadar\Core\Inc\stm32f4xx_it.h
2024-01-16 12:11:54,021 [INFO] CodeEngine:255 - oldGeneratedFile, C:\Users\npedu-203-19\STM32CubeIDE\workspace_1.14.0\ultrasonicRadar\Core\Src\stm32f4xx_hal_msp.c_save
2024-01-16 12:11:54,103 [INFO] CodeEngine:279 - Generated code: C:\Users\npedu-203-19\STM32CubeIDE\workspace_1.14.0\ultrasonicRadar\Core\Src\stm32f4xx_hal_msp.c
2024-01-16 12:11:54,106 [INFO] CodeEngine:255 - oldGeneratedFile, C:\Users\npedu-203-19\STM32CubeIDE\workspace_1.14.0\ultrasonicRadar\MXTmpFiles\system.tmp_save
2024-01-16 12:11:54,152 [INFO] CodeEngine:279 - Generated code: C:\Users\npedu-203-19\STM32CubeIDE\workspace_1.14.0\ultrasonicRadar\MXTmpFiles\system.tmp
2024-01-16 12:11:54,161 [INFO] CodeEngine:311 - oldGeneratedFile, C:\Users\npedu-203-19\STM32CubeIDE\workspace_1.14.0\ultrasonicRadar\Core\Inc\stm32f4xx_hal_conf.h_save
2024-01-16 12:11:54,242 [INFO] CodeEngine:335 - Generated code: C:\Users\npedu-203-19\STM32CubeIDE\workspace_1.14.0\ultrasonicRadar\Core\Inc\stm32f4xx_hal_conf.h
2024-01-16 12:11:54,265 [INFO] CodeEngine:255 - oldGeneratedFile, C:\Users\npedu-203-19\STM32CubeIDE\workspace_1.14.0\ultrasonicRadar\Core\Inc\main.h_save
2024-01-16 12:11:54,345 [INFO] CodeEngine:279 - Generated code: C:\Users\npedu-203-19\STM32CubeIDE\workspace_1.14.0\ultrasonicRadar\Core\Inc\main.h
2024-01-16 12:11:54,349 [INFO] CodeEngine:255 - oldGeneratedFile, C:\Users\npedu-203-19\STM32CubeIDE\workspace_1.14.0\ultrasonicRadar\Core\Src\main.c_save
2024-01-16 12:11:54,429 [INFO] CodeEngine:279 - Generated code: C:\Users\npedu-203-19\STM32CubeIDE\workspace_1.14.0\ultrasonicRadar\Core\Src\main.c
2024-01-16 12:11:54,865 [INFO] ProjectBuilder:3076 - Time for Copy HAL[1] : 168mS.
2024-01-16 12:11:54,869 [INFO] ProjectBuilder:4485 - Project Generator version: 4.2.0-B44
2024-01-16 12:11:55,096 [INFO] ConfigFileManager:1495 - The Die is : DIE431
2024-01-16 12:11:55,100 [INFO] ApiDbMcu:508 - Load IP Config File for FATFS
2024-01-16 12:11:55,106 [INFO] ApiDbMcu:508 - Load IP Config File for FREERTOS
2024-01-16 12:11:55,108 [INFO] ApiDbMcu:508 - Load IP Config File for LIBJPEG
2024-01-16 12:11:55,115 [INFO] ApiDbMcu:508 - Load IP Config File for MBEDTLS
2024-01-16 12:11:55,121 [INFO] ApiDbMcu:508 - Load IP Config File for USB_DEVICE
2024-01-16 12:11:55,124 [INFO] ApiDbMcu:508 - Load IP Config File for USB_HOST
2024-01-16 12:11:57,523 [INFO] ProjectBuilder:4747 - Time for Generating toolchain IDE Files: 2655mS.
2024-01-16 12:11:57,524 [INFO] ProjectBuilder:2947 - Time for Copy CMSIS : 1mS.
2024-01-16 12:11:57,527 [INFO] ProjectBuilder:2947 - Time for Copy CMSIS : 0mS.
2024-01-16 12:11:58,341 [INFO] McuFinderGlobals:76 - Set McuFinderConnectedMode to true
2024-01-16 12:11:58,351 [INFO] ApiDb:448 - Save user favorites file C:\Users\npedu-203-19/.stm32cubeide/favorites.mcus.txt: 0 item(s)
2024-01-16 12:11:58,351 [INFO] ApiDb:452 - User favorites MCUs=[]
2024-01-16 12:14:12,051 [INFO] NvicIntPanel:101 - NVIC parent = com.st.microxplorer.plugins.ip.nvic.MultiNvicIntPanel[,0,0,0x0,invalid,layout=javax.swing.BoxLayout,alignmentX=0.0,alignmentY=0.0,border=,flags=9,maximumSize=,minimumSize=,preferredSize=]
2024-01-16 12:14:24,791 [INFO] NvicIntPanel:101 - NVIC parent = com.st.microxplorer.plugins.ip.nvic.MultiNvicIntPanel[,0,0,0x0,invalid,layout=javax.swing.BoxLayout,alignmentX=0.0,alignmentY=0.0,border=,flags=9,maximumSize=,minimumSize=,preferredSize=]
2024-01-16 12:17:02,705 [INFO] NvicIntPanel:101 - NVIC parent = com.st.microxplorer.plugins.ip.nvic.MultiNvicIntPanel[,0,0,585x350,layout=javax.swing.BoxLayout,alignmentX=0.0,alignmentY=0.0,border=,flags=9,maximumSize=,minimumSize=,preferredSize=]
2024-01-16 12:17:04,326 [INFO] NvicIntPanel:101 - NVIC parent = com.st.microxplorer.plugins.ip.nvic.MultiNvicIntPanel[,0,0,0x0,invalid,layout=javax.swing.BoxLayout,alignmentX=0.0,alignmentY=0.0,border=,flags=9,maximumSize=,minimumSize=,preferredSize=]
2024-01-16 12:17:25,946 [INFO] NvicIntPanel:101 - NVIC parent = com.st.microxplorer.plugins.ip.nvic.MultiNvicIntPanel[,0,0,0x0,invalid,layout=javax.swing.BoxLayout,alignmentX=0.0,alignmentY=0.0,border=,flags=9,maximumSize=,minimumSize=,preferredSize=]
2024-01-16 12:17:27,352 [INFO] NvicIntPanel:101 - NVIC parent = com.st.microxplorer.plugins.ip.nvic.MultiNvicIntPanel[,0,0,0x0,invalid,layout=javax.swing.BoxLayout,alignmentX=0.0,alignmentY=0.0,border=,flags=9,maximumSize=,minimumSize=,preferredSize=]
2024-01-16 12:19:42,552 [INFO] NvicIntPanel:101 - NVIC parent = com.st.microxplorer.plugins.ip.nvic.MultiNvicIntPanel[,0,0,0x0,invalid,layout=javax.swing.BoxLayout,alignmentX=0.0,alignmentY=0.0,border=,flags=9,maximumSize=,minimumSize=,preferredSize=]
2024-01-16 12:20:16,848 [INFO] UtilMem:75 - End SaveConfig() Used Memory: 692861104 Bytes (1073741824)
2024-01-16 12:20:18,647 [INFO] UtilMem:75 - End SaveConfig() Used Memory: 712257712 Bytes (1073741824)
2024-01-16 12:20:19,983 [INFO] UtilMem:75 - End SaveConfig() Used Memory: 753681152 Bytes (1073741824)
2024-01-16 12:20:20,119 [INFO] BlockDiagram:2759 - set Specific Code input for plugin: NVIC
2024-01-16 12:20:20,119 [INFO] BlockDiagram:2759 - set Specific Code input for plugin: USART
2024-01-16 12:20:20,119 [INFO] BlockDiagram:2759 - set Specific Code input for plugin: TIM1_8
2024-01-16 12:20:20,119 [INFO] BlockDiagram:2759 - set Specific Code input for plugin: TIM1_8
2024-01-16 12:20:20,119 [INFO] BlockDiagram:2759 - set Specific Code input for plugin: TIM1_8
2024-01-16 12:20:20,119 [INFO] BlockDiagram:2759 - set Specific Code input for plugin: SYS
2024-01-16 12:20:20,119 [INFO] BlockDiagram:2759 - set Specific Code input for plugin: GPIO
2024-01-16 12:20:20,119 [INFO] BlockDiagram:2759 - set Specific Code input for plugin: RCC
2024-01-16 12:20:20,120 [INFO] CodeGenerator:807 - code generatio: config db path: C:\ST\STM32CubeIDE_1.14.0\STM32CubeIDE\plugins\com.st.stm32cube.common.mx_6.10.0.202311202037\\db\
2024-01-16 12:20:20,232 [INFO] CodeEngine:255 - oldGeneratedFile, C:\Users\npedu-203-19\STM32CubeIDE\workspace_1.14.0\ultrasonicRadar\MXTmpFiles\license.tmp_save
2024-01-16 12:20:20,302 [INFO] CodeEngine:279 - Generated code: C:\Users\npedu-203-19\STM32CubeIDE\workspace_1.14.0\ultrasonicRadar\MXTmpFiles\license.tmp
2024-01-16 12:20:20,327 [INFO] CodeEngine:255 - oldGeneratedFile, C:\Users\npedu-203-19\STM32CubeIDE\workspace_1.14.0\ultrasonicRadar\MXTmpFiles\gpio.tmp_save
2024-01-16 12:20:20,432 [INFO] CodeEngine:279 - Generated code: C:\Users\npedu-203-19\STM32CubeIDE\workspace_1.14.0\ultrasonicRadar\MXTmpFiles\gpio.tmp
2024-01-16 12:20:20,540 [INFO] CodeEngine:255 - oldGeneratedFile, C:\Users\npedu-203-19\STM32CubeIDE\workspace_1.14.0\ultrasonicRadar\Core\Src\stm32f4xx_it.c_save
2024-01-16 12:20:20,667 [INFO] CodeEngine:279 - Generated code: C:\Users\npedu-203-19\STM32CubeIDE\workspace_1.14.0\ultrasonicRadar\Core\Src\stm32f4xx_it.c
2024-01-16 12:20:20,674 [INFO] CodeEngine:255 - oldGeneratedFile, C:\Users\npedu-203-19\STM32CubeIDE\workspace_1.14.0\ultrasonicRadar\Core\Inc\stm32f4xx_it.h_save
2024-01-16 12:20:20,741 [INFO] CodeEngine:279 - Generated code: C:\Users\npedu-203-19\STM32CubeIDE\workspace_1.14.0\ultrasonicRadar\Core\Inc\stm32f4xx_it.h
2024-01-16 12:20:20,761 [INFO] CodeEngine:255 - oldGeneratedFile, C:\Users\npedu-203-19\STM32CubeIDE\workspace_1.14.0\ultrasonicRadar\Core\Src\stm32f4xx_hal_msp.c_save
2024-01-16 12:20:20,862 [INFO] CodeEngine:279 - Generated code: C:\Users\npedu-203-19\STM32CubeIDE\workspace_1.14.0\ultrasonicRadar\Core\Src\stm32f4xx_hal_msp.c
2024-01-16 12:20:20,867 [INFO] CodeEngine:255 - oldGeneratedFile, C:\Users\npedu-203-19\STM32CubeIDE\workspace_1.14.0\ultrasonicRadar\MXTmpFiles\system.tmp_save
2024-01-16 12:20:20,911 [INFO] CodeEngine:279 - Generated code: C:\Users\npedu-203-19\STM32CubeIDE\workspace_1.14.0\ultrasonicRadar\MXTmpFiles\system.tmp
2024-01-16 12:20:20,928 [INFO] CodeEngine:311 - oldGeneratedFile, C:\Users\npedu-203-19\STM32CubeIDE\workspace_1.14.0\ultrasonicRadar\Core\Inc\stm32f4xx_hal_conf.h_save
2024-01-16 12:20:21,007 [INFO] CodeEngine:335 - Generated code: C:\Users\npedu-203-19\STM32CubeIDE\workspace_1.14.0\ultrasonicRadar\Core\Inc\stm32f4xx_hal_conf.h
2024-01-16 12:20:21,043 [WARN] IPConfigManager:3440 - IP not found : TIM
2024-01-16 12:20:21,043 [WARN] CodeGenerator:3939 - IP not found : null
2024-01-16 12:20:21,059 [INFO] CodeEngine:255 - oldGeneratedFile, C:\Users\npedu-203-19\STM32CubeIDE\workspace_1.14.0\ultrasonicRadar\Core\Inc\main.h_save
2024-01-16 12:20:21,154 [INFO] CodeEngine:279 - Generated code: C:\Users\npedu-203-19\STM32CubeIDE\workspace_1.14.0\ultrasonicRadar\Core\Inc\main.h
2024-01-16 12:20:21,168 [INFO] CodeEngine:255 - oldGeneratedFile, C:\Users\npedu-203-19\STM32CubeIDE\workspace_1.14.0\ultrasonicRadar\Core\Src\main.c_save
2024-01-16 12:20:21,305 [INFO] CodeEngine:279 - Generated code: C:\Users\npedu-203-19\STM32CubeIDE\workspace_1.14.0\ultrasonicRadar\Core\Src\main.c
2024-01-16 12:20:21,684 [INFO] ProjectBuilder:3076 - Time for Copy HAL[1] : 162mS.
2024-01-16 12:20:21,687 [INFO] ProjectBuilder:4485 - Project Generator version: 4.2.0-B44
2024-01-16 12:20:21,915 [INFO] ConfigFileManager:1495 - The Die is : DIE431
2024-01-16 12:20:23,115 [INFO] ProjectBuilder:4747 - Time for Generating toolchain IDE Files: 1428mS.
2024-01-16 12:20:23,117 [INFO] ProjectBuilder:2947 - Time for Copy CMSIS : 1mS.
2024-01-16 12:20:23,122 [INFO] ProjectBuilder:2947 - Time for Copy CMSIS : 1mS.
2024-01-16 16:55:56,631 [ERROR] LogOutputStream:75 - [STDERR_REDIRECT] 
