2024-01-05 14:40:22,012 [INFO] Activator:176 - 


2024-01-05 14:40:22,012 [INFO] Activator:177 - !SESSION log4j initialized
2024-01-05 14:40:25,133 [INFO] LogOutputStream:77 - [STDOUT_REDIRECT] 
2024-01-05 14:40:27,374 [INFO] ApplicationProperties:184 - Using Application install path: C:\ST\STM32CubeIDE_1.14.0\STM32CubeIDE\plugins\com.st.stm32cube.common.mx_6.10.0.202311202037
2024-01-05 14:40:27,406 [INFO] DbMcusXml:78 - Set database path to: C:\ST\STM32CubeIDE_1.14.0\STM32CubeIDE\plugins\com.st.stm32cube.common.mx_6.10.0.202311202037\\db\/mcu/
2024-01-05 14:40:27,407 [INFO] ApiDb:274 - Set plugin database path to: C:\ST\STM32CubeIDE_1.14.0\STM32CubeIDE\plugins\com.st.stm32cube.common.mx_6.10.0.202311202037\\db\/plugins/boardmanager/
2024-01-05 14:40:27,407 [WARN] ApiDb:259 - Overriding images path with different value:  => C:\ST\STM32CubeIDE_1.14.0\STM32CubeIDE\plugins\com.st.stm32cube.common.mx_6.10.0.202311202037\\db\/plugins/mcufinder/images/
2024-01-05 14:40:29,706 [WARN] ApiFinderProperties:113 - C:\Users\npedu-203-19\.stmcufinder\plugins\mcufinder\mcu\mcuFinder.mfd doesn't exist
2024-01-05 14:40:29,707 [INFO] ApiDb:250 - Set database path to: C:\Users\npedu-203-19\.stmcufinder\plugins\mcufinder//mcu/
2024-01-05 14:40:29,707 [INFO] DbMcusAds:125 - Set database path to: C:\Users\npedu-203-19\.stmcufinder\plugins\mcufinder//mcu/
2024-01-05 14:40:29,709 [INFO] CrossReferenceDbSqlite:203 - Set database path to: C:\Users\npedu-203-19\.stmcufinder\plugins\mcufinder//mcu/cs/
2024-01-05 14:40:29,794 [INFO] RulesReader:64 - Compatibility file has been processed (297 Rules)
2024-01-05 14:40:30,020 [INFO] DbMcusXml:78 - Set database path to: C:\ST\STM32CubeIDE_1.14.0\STM32CubeIDE\plugins\com.st.stm32cube.common.mx_6.10.0.202311202037\\db\/mcu/
2024-01-05 14:40:30,020 [INFO] ApiDb:274 - Set plugin database path to: C:\ST\STM32CubeIDE_1.14.0\STM32CubeIDE\plugins\com.st.stm32cube.common.mx_6.10.0.202311202037\\db\/plugins/boardmanager/
2024-01-05 14:40:30,020 [INFO] ApiDb:261 - Set plugin images path to: C:\ST\STM32CubeIDE_1.14.0\STM32CubeIDE\plugins\com.st.stm32cube.common.mx_6.10.0.202311202037\\db\/plugins/mcufinder/images/
2024-01-05 14:40:30,020 [WARN] DbFile:41 - Overriding database path with different value: C:\Users\npedu-203-19\.stmcufinder\plugins\mcufinder/ => C:\Users\npedu-203-19\.stmcufinder\plugins\mcufinder
2024-01-05 14:40:30,020 [INFO] ApiDb:250 - Set database path to: C:\Users\npedu-203-19\.stmcufinder\plugins\mcufinder//mcu/
2024-01-05 14:40:30,020 [WARN] DbFile:41 - Overriding database path with different value: C:\Users\npedu-203-19\.stmcufinder\plugins\mcufinder/ => C:\Users\npedu-203-19\.stmcufinder\plugins\mcufinder
2024-01-05 14:40:30,020 [INFO] DbMcusAds:125 - Set database path to: C:\Users\npedu-203-19\.stmcufinder\plugins\mcufinder//mcu/
2024-01-05 14:40:30,020 [WARN] DbFile:41 - Overriding database path with different value: C:\Users\npedu-203-19\.stmcufinder\plugins\mcufinder/ => C:\Users\npedu-203-19\.stmcufinder\plugins\mcufinder
2024-01-05 14:40:30,020 [WARN] DbFile:41 - Overriding database path with different value: C:\Users\npedu-203-19\.stmcufinder\plugins\mcufinder/ => C:\Users\npedu-203-19\.stmcufinder\plugins\mcufinder
2024-01-05 14:40:30,020 [INFO] CrossReferenceDbSqlite:203 - Set database path to: C:\Users\npedu-203-19\.stmcufinder\plugins\mcufinder//mcu/cs/
2024-01-05 14:40:30,146 [INFO] MainPanel:264 - HeapMemory: 268435456
2024-01-05 14:40:30,246 [INFO] DbMcusXml:78 - Set database path to: C:\ST\STM32CubeIDE_1.14.0\STM32CubeIDE\plugins\com.st.stm32cube.common.mx_6.10.0.202311202037\\db\/mcu/
2024-01-05 14:40:30,246 [INFO] ApiDb:274 - Set plugin database path to: C:\ST\STM32CubeIDE_1.14.0\STM32CubeIDE\plugins\com.st.stm32cube.common.mx_6.10.0.202311202037\\db\/plugins/boardmanager/
2024-01-05 14:40:30,246 [INFO] ApiDb:261 - Set plugin images path to: C:\ST\STM32CubeIDE_1.14.0\STM32CubeIDE\plugins\com.st.stm32cube.common.mx_6.10.0.202311202037\\db\/plugins/mcufinder/images/
2024-01-05 14:40:30,246 [WARN] DbFile:41 - Overriding database path with different value: C:\Users\npedu-203-19\.stmcufinder\plugins\mcufinder/ => C:\Users\npedu-203-19\.stmcufinder\plugins\mcufinder
2024-01-05 14:40:30,246 [INFO] ApiDb:250 - Set database path to: C:\Users\npedu-203-19\.stmcufinder\plugins\mcufinder//mcu/
2024-01-05 14:40:30,246 [WARN] DbFile:41 - Overriding database path with different value: C:\Users\npedu-203-19\.stmcufinder\plugins\mcufinder/ => C:\Users\npedu-203-19\.stmcufinder\plugins\mcufinder
2024-01-05 14:40:30,246 [INFO] DbMcusAds:125 - Set database path to: C:\Users\npedu-203-19\.stmcufinder\plugins\mcufinder//mcu/
2024-01-05 14:40:30,246 [WARN] DbFile:41 - Overriding database path with different value: C:\Users\npedu-203-19\.stmcufinder\plugins\mcufinder/ => C:\Users\npedu-203-19\.stmcufinder\plugins\mcufinder
2024-01-05 14:40:30,246 [WARN] DbFile:41 - Overriding database path with different value: C:\Users\npedu-203-19\.stmcufinder\plugins\mcufinder/ => C:\Users\npedu-203-19\.stmcufinder\plugins\mcufinder
2024-01-05 14:40:30,246 [INFO] CrossReferenceDbSqlite:203 - Set database path to: C:\Users\npedu-203-19\.stmcufinder\plugins\mcufinder//mcu/cs/
2024-01-05 14:40:30,278 [INFO] ApplicationProperties:184 - Using Application install path: C:\ST\STM32CubeIDE_1.14.0\STM32CubeIDE\plugins\com.st.stm32cube.common.mx_6.10.0.202311202037
2024-01-05 14:40:30,278 [INFO] PluginManage:196 - Search for loadable plugins [exclusion list=, ]
2024-01-05 14:40:30,278 [INFO] PluginManage:310 - Check plugin analytics
2024-01-05 14:40:30,511 [INFO] AnalyticsPlugin:253 - Accepted Software Licenses: 
2024-01-05 14:40:30,511 [INFO] AnalyticsPlugin:255 - Accepted CMSIS Pack Licenses: 
2024-01-05 14:40:30,511 [INFO] AnalyticsPlugin:257 - Accepted Firmware Licenses: 
2024-01-05 14:40:30,511 [INFO] PluginManage:359 - Loaded plugin analytics (category:tool,tabindex:-1)
2024-01-05 14:40:30,511 [INFO] PluginManage:310 - Check plugin cadmodel
2024-01-05 14:40:30,511 [INFO] CADModel:105 - Init CAD model plugin
2024-01-05 14:40:30,511 [INFO] PluginManage:359 - Loaded plugin cadmodel (category:power,tabindex:5)
2024-01-05 14:40:30,511 [INFO] PluginManage:310 - Check plugin clock
2024-01-05 14:40:30,528 [INFO] PluginManage:359 - Loaded plugin clock (category:base,tabindex:2)
2024-01-05 14:40:30,528 [INFO] PluginManage:310 - Check plugin ddr
2024-01-05 14:40:30,528 [INFO] PluginManage:359 - Loaded plugin ddr (category:tool,tabindex:6)
2024-01-05 14:40:30,528 [INFO] PluginManage:310 - Check plugin filemanager
2024-01-05 14:40:30,679 [INFO] PluginManage:359 - Loaded plugin filemanager (category:base,tabindex:10)
2024-01-05 14:40:30,680 [INFO] PluginManage:310 - Check plugin ipmanager
2024-01-05 14:40:30,694 [INFO] PluginManage:359 - Loaded plugin ipmanager (category:base,tabindex:5)
2024-01-05 14:40:30,695 [INFO] PluginManage:310 - Check plugin lpbam
2024-01-05 14:40:30,701 [INFO] PluginManage:359 - Loaded plugin lpbam (category:base,tabindex:0)
2024-01-05 14:40:30,701 [INFO] PluginManage:310 - Check plugin memorymap
2024-01-05 14:40:30,710 [INFO] PluginManage:359 - Loaded plugin memorymap (category:base,tabindex:4)
2024-01-05 14:40:30,710 [INFO] PluginManage:310 - Check plugin pinoutandconfiguration
2024-01-05 14:40:30,714 [INFO] PluginManage:359 - Loaded plugin pinoutandconfiguration (category:base,tabindex:1)
2024-01-05 14:40:30,714 [INFO] PluginManage:310 - Check plugin pinoutconfig
2024-01-05 14:40:30,863 [WARN] SupportedApi:132 - Cannot load RTOS API schema: s4s-elt-must-match.1: The content of 'definitions' must match (annotation?, (simpleType | complexType)?, (unique | key | keyref)*)). A problem was found starting at: attribute.
2024-01-05 14:40:30,995 [INFO] PluginManage:359 - Loaded plugin pinoutconfig (category:base,tabindex:0)
2024-01-05 14:40:30,995 [INFO] PluginManage:310 - Check plugin power
2024-01-05 14:40:31,012 [INFO] PluginManage:359 - Loaded plugin power (category:power,tabindex:4)
2024-01-05 14:40:31,012 [INFO] PluginManage:310 - Check plugin projectmanager
2024-01-05 14:40:31,037 [INFO] PluginManage:359 - Loaded plugin projectmanager (category:projectmanager,tabindex:3)
2024-01-05 14:40:31,037 [INFO] PluginManage:310 - Check plugin thirdparty
2024-01-05 14:40:31,162 [INFO] PluginManage:359 - Loaded plugin thirdparty (category:base,tabindex:-1)
2024-01-05 14:40:31,162 [WARN] IntegrityCheckThread:84 - waiting for thirdparty lock release [integrity check]
2024-01-05 14:40:31,162 [INFO] PluginManage:310 - Check plugin tools
2024-01-05 14:40:31,162 [INFO] IntegrityCheckThread:86 - entering critical section [integrity check]
2024-01-05 14:40:31,162 [INFO] ThirdPartyUpdaterWithRetryManager:70 - Updater plugin not ready yet. [1/15]
2024-01-05 14:40:31,162 [INFO] PluginManage:359 - Loaded plugin tools (category:base,tabindex:7)
2024-01-05 14:40:31,162 [INFO] PluginManage:310 - Check plugin tutovideos
2024-01-05 14:40:31,312 [INFO] PluginManage:359 - Loaded plugin tutovideos (category:base,tabindex:-1)
2024-01-05 14:40:31,312 [INFO] PluginManage:310 - Check plugin updater
2024-01-05 14:40:31,327 [INFO] PluginManage:359 - Loaded plugin updater (category:base,tabindex:12)
2024-01-05 14:40:31,327 [INFO] PluginManage:310 - Check plugin userauth
2024-01-05 14:40:31,327 [INFO] UserAuth:114 - Init User Auth plugin
2024-01-05 14:40:31,327 [INFO] PluginManage:359 - Loaded plugin userauth (category:base,tabindex:14)
2024-01-05 14:40:31,327 [INFO] PluginManage:283 - PluginManage : Loaded plugins [17]
2024-01-05 14:40:31,612 [INFO] PinOutPanel:1499 - setPackage(No Configuration,No Configuration)
2024-01-05 14:40:31,723 [INFO] CADModel:165 - CPN selected for project level
2024-01-05 14:40:31,723 [INFO] CADModel:114 - Register for checkConnection events
2024-01-05 14:40:31,739 [INFO] IPUIPlugin:80 - create IPUIPlugin
2024-01-05 14:40:31,739 [INFO] PluginManager:220 - loadIPPluginJar : add adc
2024-01-05 14:40:31,739 [INFO] IPUIPlugin:80 - create IPUIPlugin
2024-01-05 14:40:31,739 [INFO] PluginManager:220 - loadIPPluginJar : add aes
2024-01-05 14:40:31,739 [INFO] IPUIPlugin:80 - create IPUIPlugin
2024-01-05 14:40:31,739 [INFO] PluginManager:220 - loadIPPluginJar : add can
2024-01-05 14:40:31,739 [INFO] IPUIPlugin:80 - create IPUIPlugin
2024-01-05 14:40:31,739 [INFO] PluginManager:220 - loadIPPluginJar : add comp
2024-01-05 14:40:31,739 [INFO] IPUIPlugin:80 - create IPUIPlugin
2024-01-05 14:40:31,739 [INFO] PluginManager:220 - loadIPPluginJar : add cryp
2024-01-05 14:40:31,739 [INFO] IPUIPlugin:80 - create IPUIPlugin
2024-01-05 14:40:31,739 [INFO] PluginManager:220 - loadIPPluginJar : add dfsdm
2024-01-05 14:40:31,739 [INFO] IPUIPlugin:80 - create IPUIPlugin
2024-01-05 14:40:31,739 [INFO] PluginManager:220 - loadIPPluginJar : add dma
2024-01-05 14:40:31,739 [INFO] IPUIPlugin:80 - create IPUIPlugin
2024-01-05 14:40:31,739 [INFO] PluginManager:220 - loadIPPluginJar : add dma3
2024-01-05 14:40:31,739 [INFO] IPUIPlugin:80 - create IPUIPlugin
2024-01-05 14:40:31,739 [INFO] PluginManager:220 - loadIPPluginJar : add fatfs
2024-01-05 14:40:31,739 [INFO] IPUIPlugin:80 - create IPUIPlugin
2024-01-05 14:40:31,739 [INFO] PluginManager:220 - loadIPPluginJar : add fmc
2024-01-05 14:40:31,754 [INFO] IPUIPlugin:80 - create IPUIPlugin
2024-01-05 14:40:31,754 [INFO] PluginManager:220 - loadIPPluginJar : add freertos
2024-01-05 14:40:31,754 [INFO] IPUIPlugin:80 - create IPUIPlugin
2024-01-05 14:40:31,754 [INFO] PluginManager:220 - loadIPPluginJar : add genericplugin
2024-01-05 14:40:31,754 [INFO] IPUIPlugin:80 - create IPUIPlugin
2024-01-05 14:40:31,754 [INFO] PluginManager:220 - loadIPPluginJar : add gfxmmu
2024-01-05 14:40:31,754 [INFO] IPUIPlugin:80 - create IPUIPlugin
2024-01-05 14:40:31,754 [INFO] PluginManager:220 - loadIPPluginJar : add gic
2024-01-05 14:40:31,770 [INFO] IPUIPlugin:80 - create IPUIPlugin
2024-01-05 14:40:31,770 [INFO] PluginManager:220 - loadIPPluginJar : add gpio
2024-01-05 14:40:31,770 [INFO] IPUIPlugin:80 - create IPUIPlugin
2024-01-05 14:40:31,770 [INFO] PluginManager:220 - loadIPPluginJar : add gtzc
2024-01-05 14:40:31,770 [INFO] IPUIPlugin:80 - create IPUIPlugin
2024-01-05 14:40:31,770 [INFO] PluginManager:220 - loadIPPluginJar : add hash
2024-01-05 14:40:31,770 [INFO] IPUIPlugin:80 - create IPUIPlugin
2024-01-05 14:40:31,770 [INFO] PluginManager:220 - loadIPPluginJar : add i2c
2024-01-05 14:40:31,770 [INFO] IPUIPlugin:80 - create IPUIPlugin
2024-01-05 14:40:31,770 [INFO] PluginManager:220 - loadIPPluginJar : add i2s
2024-01-05 14:40:31,770 [INFO] IPUIPlugin:80 - create IPUIPlugin
2024-01-05 14:40:31,770 [INFO] PluginManager:220 - loadIPPluginJar : add i3c
2024-01-05 14:40:31,770 [INFO] IPUIPlugin:80 - create IPUIPlugin
2024-01-05 14:40:31,770 [INFO] PluginManager:220 - loadIPPluginJar : add ipddr
2024-01-05 14:40:31,786 [INFO] IPUIPlugin:80 - create IPUIPlugin
2024-01-05 14:40:31,786 [INFO] PluginManager:220 - loadIPPluginJar : add linkedlist
2024-01-05 14:40:31,786 [INFO] IPUIPlugin:80 - create IPUIPlugin
2024-01-05 14:40:31,786 [INFO] PluginManager:220 - loadIPPluginJar : add lorawan
2024-01-05 14:40:31,786 [INFO] IPUIPlugin:80 - create IPUIPlugin
2024-01-05 14:40:31,786 [INFO] PluginManager:220 - loadIPPluginJar : add ltdc
2024-01-05 14:40:31,801 [INFO] IPUIPlugin:80 - create IPUIPlugin
2024-01-05 14:40:31,801 [INFO] PluginManager:220 - loadIPPluginJar : add mdma
2024-01-05 14:40:31,801 [INFO] IPUIPlugin:80 - create IPUIPlugin
2024-01-05 14:40:31,801 [INFO] PluginManager:220 - loadIPPluginJar : add nvic
2024-01-05 14:40:31,801 [INFO] IPUIPlugin:80 - create IPUIPlugin
2024-01-05 14:40:31,801 [INFO] PluginManager:220 - loadIPPluginJar : add opamp
2024-01-05 14:40:31,801 [INFO] IPUIPlugin:80 - create IPUIPlugin
2024-01-05 14:40:31,801 [INFO] PluginManager:220 - loadIPPluginJar : add openamp
2024-01-05 14:40:31,801 [INFO] IPUIPlugin:80 - create IPUIPlugin
2024-01-05 14:40:31,801 [INFO] PluginManager:220 - loadIPPluginJar : add pdm2pcm
2024-01-05 14:40:31,817 [INFO] IPUIPlugin:80 - create IPUIPlugin
2024-01-05 14:40:31,817 [INFO] PluginManager:220 - loadIPPluginJar : add plateformsettings
2024-01-05 14:40:31,817 [INFO] IPUIPlugin:80 - create IPUIPlugin
2024-01-05 14:40:31,817 [INFO] PluginManager:220 - loadIPPluginJar : add quadspi
2024-01-05 14:40:31,817 [INFO] IPUIPlugin:80 - create IPUIPlugin
2024-01-05 14:40:31,817 [INFO] PluginManager:220 - loadIPPluginJar : add resmgrutility
2024-01-05 14:40:31,817 [INFO] IPUIPlugin:80 - create IPUIPlugin
2024-01-05 14:40:31,817 [INFO] PluginManager:220 - loadIPPluginJar : add sai
2024-01-05 14:40:31,817 [INFO] IPUIPlugin:80 - create IPUIPlugin
2024-01-05 14:40:31,817 [INFO] PluginManager:220 - loadIPPluginJar : add spi
2024-01-05 14:40:31,817 [INFO] IPUIPlugin:80 - create IPUIPlugin
2024-01-05 14:40:31,817 [INFO] PluginManager:220 - loadIPPluginJar : add stm32_wpan
2024-01-05 14:40:31,832 [INFO] IPUIPlugin:80 - create IPUIPlugin
2024-01-05 14:40:31,832 [INFO] PluginManager:220 - loadIPPluginJar : add tim
2024-01-05 14:40:31,832 [INFO] IPUIPlugin:80 - create IPUIPlugin
2024-01-05 14:40:31,832 [INFO] PluginManager:220 - loadIPPluginJar : add touchsensing
2024-01-05 14:40:31,832 [INFO] IPUIPlugin:80 - create IPUIPlugin
2024-01-05 14:40:31,832 [INFO] PluginManager:220 - loadIPPluginJar : add tracer_emb
2024-01-05 14:40:31,832 [INFO] IPUIPlugin:80 - create IPUIPlugin
2024-01-05 14:40:31,832 [INFO] PluginManager:220 - loadIPPluginJar : add ts
2024-01-05 14:40:31,832 [INFO] IPUIPlugin:80 - create IPUIPlugin
2024-01-05 14:40:31,832 [INFO] PluginManager:220 - loadIPPluginJar : add tsc
2024-01-05 14:40:31,832 [INFO] IPUIPlugin:80 - create IPUIPlugin
2024-01-05 14:40:31,832 [INFO] PluginManager:220 - loadIPPluginJar : add ucpd
2024-01-05 14:40:31,832 [INFO] IPUIPlugin:80 - create IPUIPlugin
2024-01-05 14:40:31,832 [INFO] PluginManager:220 - loadIPPluginJar : add usart
2024-01-05 14:40:31,832 [INFO] IPUIPlugin:80 - create IPUIPlugin
2024-01-05 14:40:31,832 [INFO] PluginManager:220 - loadIPPluginJar : add usbx
2024-01-05 14:40:32,001 [INFO] CADModel:165 - CPN selected for project level
2024-01-05 14:40:32,001 [INFO] CADModel:114 - Register for checkConnection events
2024-01-05 14:40:32,001 [FATAL] Updater:308 - Updater called before beeing initialized
2024-01-05 14:40:32,001 [ERROR] CADModel:125 - Updater not yet initialized, retry later 
2024-01-05 14:40:32,111 [INFO] CADModel:165 - CPN selected for project level
2024-01-05 14:40:32,111 [INFO] CADModel:114 - Register for checkConnection events
2024-01-05 14:40:32,111 [FATAL] Updater:308 - Updater called before beeing initialized
2024-01-05 14:40:32,111 [ERROR] CADModel:125 - Updater not yet initialized, retry later 
2024-01-05 14:40:32,111 [FATAL] Updater:308 - Updater called before beeing initialized
2024-01-05 14:40:32,278 [FATAL] Updater:308 - Updater called before beeing initialized
2024-01-05 14:40:32,278 [INFO] DbMcusAds:53 - JSON generation date=Thu Sep 30 15:55:09 KST 2021 (1632984909247)
2024-01-05 14:40:32,278 [FATAL] Updater:308 - Updater called before beeing initialized
2024-01-05 14:40:32,312 [WARN] DetailPanel:346 - Failed to get advertising image, set to default
2024-01-05 14:40:32,411 [FATAL] Updater:308 - Updater called before beeing initialized
2024-01-05 14:40:32,427 [FATAL] Updater:308 - Updater called before beeing initialized
2024-01-05 14:40:32,427 [FATAL] Updater:308 - Updater called before beeing initialized
2024-01-05 14:40:32,427 [WARN] DetailPanel:346 - Failed to get advertising image, set to default
2024-01-05 14:40:32,429 [FATAL] Updater:308 - Updater called before beeing initialized
2024-01-05 14:40:32,495 [ERROR] Updater:1120 - MainUpdater not yet initialized. External WinMGr cannot be set.
2024-01-05 14:40:32,495 [INFO] Updater:1056 - Updater Version found : 6.10.0
2024-01-05 14:40:32,511 [INFO] ApplicationProperties:184 - Using Application install path: C:\ST\STM32CubeIDE_1.14.0\STM32CubeIDE\plugins\com.st.stm32cube.common.mx_6.10.0.202311202037
2024-01-05 14:40:32,561 [INFO] MainUpdater:526 - Copy updater definitions from MX database
2024-01-05 14:40:32,609 [INFO] MainUpdater:559 - Copy flag file definitions from MX database
2024-01-05 14:40:32,611 [INFO] MainUpdater:575 - Copy thirdparty index definitions from MX database
2024-01-05 14:40:32,627 [INFO] MainUpdater:594 - Copy default thirdparty db definitions from MX database
2024-01-05 14:40:33,210 [INFO] MainUpdater:2873 - connection check result : 10
2024-01-05 14:40:33,210 [INFO] MainUpdater:3567 - Updater definition file requires update
2024-01-05 14:40:33,210 [INFO] MainUpdater:290 - Updater Check For Update Now.
2024-01-05 14:40:33,210 [INFO] MicroXplorer:498 - Change Database Version : DB.6.0.100
2024-01-05 14:40:33,210 [INFO] McuFinderGlobals:63 - Set McuFinder mode to 2 (CubeIDE integrated)
2024-01-05 14:40:33,210 [INFO] UserAuth:180 - activating auth plugin
2024-01-05 14:40:33,222 [INFO] UserAuth:404 - Internet connection configuration mode: 1
2024-01-05 14:40:33,227 [INFO] JxBrowserEngine:152 - Initiate JxBrowser Engine with user profile folder
2024-01-05 14:40:33,899 [INFO] ServerAccessManage:473 - Download File updaters.zip
2024-01-05 14:40:34,168 [WARN] MainUpdater:1194 - Updater busy. Cannot search thirdparties
2024-01-05 14:40:34,168 [INFO] ThirdPartyUpdaterWithRetryManager:96 - Updater plugin is busy. [1/15]
2024-01-05 14:40:35,223 [INFO] FileExtend:240 - Unzip File : updaters.zip
2024-01-05 14:40:35,223 [INFO] FileExtend:255 - Standard Zip Deflate
2024-01-05 14:40:37,176 [WARN] MainUpdater:1194 - Updater busy. Cannot search thirdparties
2024-01-05 14:40:37,176 [INFO] ThirdPartyUpdaterWithRetryManager:96 - Updater plugin is busy. [2/15]
2024-01-05 14:40:38,801 [INFO] WebApp:161 - Instantiating new browser for Auth
2024-01-05 14:40:38,926 [INFO] ServerAccessManage:473 - Download File PacksControlFlags.xml
2024-01-05 14:40:39,098 [INFO] ServerAccessManage:473 - Download File cubemx.pidx
2024-01-05 14:40:39,326 [INFO] WebApp:780 - Register for checkConnection events
2024-01-05 14:40:39,326 [INFO] WebApp:414 - Apply proxy settings
2024-01-05 14:40:39,326 [INFO] WebApp:499 - Chromium requires no authentication
2024-01-05 14:40:39,326 [INFO] WebApp:442 - Direct internet connection detected
2024-01-05 14:40:39,472 [INFO] WebApp:192 - Starting web application
2024-01-05 14:40:39,472 [INFO] WebApp:544 - Web application path used C:\ST\STM32CubeIDE_1.14.0\STM32CubeIDE\plugins\com.st.stm32cube.common.mx_6.10.0.202311202037\db\plugins\mcufinder\reactClient1\index.html
2024-01-05 14:40:39,542 [INFO] ServerAccessManage:473 - Download File STMicroelectronics.FP-ATR-ASTRA1.pdsc
2024-01-05 14:40:40,188 [WARN] MainUpdater:1194 - Updater busy. Cannot search thirdparties
2024-01-05 14:40:40,189 [INFO] ThirdPartyUpdaterWithRetryManager:96 - Updater plugin is busy. [3/15]
2024-01-05 14:40:42,903 [INFO] ServerAccessManage:473 - Download File STMicroelectronics.FP-ATR-SIGFOX1.pdsc
2024-01-05 14:40:43,191 [WARN] MainUpdater:1194 - Updater busy. Cannot search thirdparties
2024-01-05 14:40:43,191 [INFO] ThirdPartyUpdaterWithRetryManager:96 - Updater plugin is busy. [4/15]
2024-01-05 14:40:43,423 [INFO] ServerAccessManage:473 - Download File STMicroelectronics.FP-SNS-FLIGHT1.pdsc
2024-01-05 14:40:45,454 [INFO] ServerAccessManage:473 - Download File STMicroelectronics.FP-SNS-MOTENV1.pdsc
2024-01-05 14:40:46,192 [WARN] MainUpdater:1194 - Updater busy. Cannot search thirdparties
2024-01-05 14:40:46,192 [INFO] ThirdPartyUpdaterWithRetryManager:96 - Updater plugin is busy. [5/15]
2024-01-05 14:40:47,382 [INFO] ServerAccessManage:473 - Download File STMicroelectronics.FP-SNS-MOTENVWB1.pdsc
2024-01-05 14:40:48,201 [ERROR] LogOutputStream:75 - [STDERR_REDIRECT] 
